Running main() from /tmp/claude-1000/-home-adam-Desktop-NDTwin-Kernel/1e91440a-4a23-4430-8ebf-59aa2d5f7260/scratchpad/wt-stop/build/_deps/googletest-src/googletest/src/gtest_main.cc
Note: Google Test filter = KernelStopIsBoundedTest.ATopologyPollBlockedInItsHttpCallReturnsWithinTheBound:KernelStopIsBoundedTest.StoppingTwiceAndStoppingWhatNeverRanAreBothImmediate
[==========] Running 2 tests from 1 test suite.
[----------] Global test environment set-up.
[----------] 2 tests from KernelStopIsBoundedTest
[ RUN      ] KernelStopIsBoundedTest.ATopologyPollBlockedInItsHttpCallReturnsWithinTheBound
curl: (28) Operation timed out after 5002 milliseconds with 0 bytes received
Command failed (exit code 28): curl -sS -X GET --connect-timeout 2 --max-time 5 --write-out '\n@@ndt-topology-http-status@@%{http_code}' http://127.0.0.1:46321/v1.0/topology/switches
curl: (28) Operation timed out after 5002 milliseconds with 0 bytes received
Command failed (exit code 28): curl -sS -X GET --connect-timeout 2 --max-time 5 --write-out '\n@@ndt-topology-http-status@@%{http_code}' http://127.0.0.1:46321/v1.0/topology/hosts
curl: (28) Operation timed out after 5002 milliseconds with 0 bytes received
Command failed (exit code 28): curl -sS -X GET --connect-timeout 2 --max-time 5 --write-out '\n@@ndt-topology-http-status@@%{http_code}' http://127.0.0.1:46321/v1.0/topology/links
/tmp/claude-1000/-home-adam-Desktop-NDTwin-Kernel/1e91440a-4a23-4430-8ebf-59aa2d5f7260/scratchpad/wt-stop/tests/test_KernelStopIsBounded.cpp:396: Failure
Expected: (elapsed) < (kStopBound), actual: 15010119827ns vs 3s
stop() took 15.010119827 s while the poll was inside `curl --connect-timeout 2 --max-time 5`. FINDINGS #76: the kernel prints `Exiting` and then blocks here, so a restart script reading that line as 'it has exited' finds the port still held.
[  FAILED  ] KernelStopIsBoundedTest.ATopologyPollBlockedInItsHttpCallReturnsWithinTheBound (15032 ms)
[ RUN      ] KernelStopIsBoundedTest.StoppingTwiceAndStoppingWhatNeverRanAreBothImmediate
curl: (7) Failed to connect to localhost port 8080 after 0 ms: Couldn't connect to server
Command failed (exit code 7): curl -sS -X GET --connect-timeout 2 --max-time 5 --write-out '\n@@ndt-topology-http-status@@%{http_code}' http://localhost:8080/v1.0/topology/switches
curl: (7) Failed to connect to localhost port 8080 after 0 ms: Couldn't connect to server
Command failed (exit code 7): curl -sS -X GET --connect-timeout 2 --max-time 5 --write-out '\n@@ndt-topology-http-status@@%{http_code}' http://localhost:8080/v1.0/topology/hosts
curl: (7) Failed to connect to localhost port 8080 after 0 ms: Couldn't connect to server
Command failed (exit code 7): curl -sS -X GET --connect-timeout 2 --max-time 5 --write-out '\n@@ndt-topology-http-status@@%{http_code}' http://localhost:8080/v1.0/topology/links
[       OK ] KernelStopIsBoundedTest.StoppingTwiceAndStoppingWhatNeverRanAreBothImmediate (2000 ms)
[----------] 2 tests from KernelStopIsBoundedTest (17033 ms total)

[----------] Global test environment tear-down
[==========] 2 tests from 1 test suite ran. (17034 ms total)
[  PASSED  ] 1 test.
[  FAILED  ] 1 test, listed below:
[  FAILED  ] KernelStopIsBoundedTest.ATopologyPollBlockedInItsHttpCallReturnsWithinTheBound

 1 FAILED TEST
