Running main() from /home/adam/Desktop/NDTwin-Kernel/build/_deps/googletest-src/googletest/src/gtest_main.cc
[==========] Running 1366 tests from 156 test suites.
[----------] Global test environment set-up.
[----------] 12 tests from LoggerCliArgsDeathTest
[ RUN      ] LoggerCliArgsDeathTest.AMistypedLevelIsRefusedRatherThanSilentlyDisablingLogging
Running main() from /home/adam/Desktop/NDTwin-Kernel/build/_deps/googletest-src/googletest/src/gtest_main.cc
[       OK ] LoggerCliArgsDeathTest.AMistypedLevelIsRefusedRatherThanSilentlyDisablingLogging (18 ms)
[ RUN      ] LoggerCliArgsDeathTest.LogfileWithNoPathIsRefusedRatherThanDefaulted
Running main() from /home/adam/Desktop/NDTwin-Kernel/build/_deps/googletest-src/googletest/src/gtest_main.cc
[       OK ] LoggerCliArgsDeathTest.LogfileWithNoPathIsRefusedRatherThanDefaulted (23 ms)
[ RUN      ] LoggerCliArgsDeathTest.LogfileFollowedByAnotherOptionIsRefused
Running main() from /home/adam/Desktop/NDTwin-Kernel/build/_deps/googletest-src/googletest/src/gtest_main.cc
[       OK ] LoggerCliArgsDeathTest.LogfileFollowedByAnotherOptionIsRefused (23 ms)
[ RUN      ] LoggerCliArgsDeathTest.LoglevelWithNoValueIsRefusedRatherThanIgnored
Running main() from /home/adam/Desktop/NDTwin-Kernel/build/_deps/googletest-src/googletest/src/gtest_main.cc
[       OK ] LoggerCliArgsDeathTest.LoglevelWithNoValueIsRefusedRatherThanIgnored (18 ms)
[ RUN      ] LoggerCliArgsDeathTest.LoglevelFollowedByAnotherOptionIsRefused
Running main() from /home/adam/Desktop/NDTwin-Kernel/build/_deps/googletest-src/googletest/src/gtest_main.cc
[       OK ] LoggerCliArgsDeathTest.LoglevelFollowedByAnotherOptionIsRefused (25 ms)
[ RUN      ] LoggerCliArgsDeathTest.AnUnknownOptionIsRefusedRatherThanSilentlyIgnored
Running main() from /home/adam/Desktop/NDTwin-Kernel/build/_deps/googletest-src/googletest/src/gtest_main.cc
[       OK ] LoggerCliArgsDeathTest.AnUnknownOptionIsRefusedRatherThanSilentlyIgnored (23 ms)
[ RUN      ] LoggerCliArgsDeathTest.TheRefusalNamesTheOptionsThatWouldHaveBeenAccepted
Running main() from /home/adam/Desktop/NDTwin-Kernel/build/_deps/googletest-src/googletest/src/gtest_main.cc
[       OK ] LoggerCliArgsDeathTest.TheRefusalNamesTheOptionsThatWouldHaveBeenAccepted (21 ms)
[ RUN      ] LoggerCliArgsDeathTest.AMistypedShortOptionIsRefusedToo
Running main() from /home/adam/Desktop/NDTwin-Kernel/build/_deps/googletest-src/googletest/src/gtest_main.cc
[       OK ] LoggerCliArgsDeathTest.AMistypedShortOptionIsRefusedToo (18 ms)
[ RUN      ] LoggerCliArgsDeathTest.TheEqualsFormIsRefusedBecauseNeitherParserHonoursIt
Running main() from /home/adam/Desktop/NDTwin-Kernel/build/_deps/googletest-src/googletest/src/gtest_main.cc
[       OK ] LoggerCliArgsDeathTest.TheEqualsFormIsRefusedBecauseNeitherParserHonoursIt (21 ms)
[ RUN      ] LoggerCliArgsDeathTest.AFlagTheCallerDidNotDeclareIsUnknownEvenThoughTheKernelOwnsIt
Running main() from /home/adam/Desktop/NDTwin-Kernel/build/_deps/googletest-src/googletest/src/gtest_main.cc
[       OK ] LoggerCliArgsDeathTest.AFlagTheCallerDidNotDeclareIsUnknownEvenThoughTheKernelOwnsIt (24 ms)
[ RUN      ] LoggerCliArgsDeathTest.TheHelpBranchOfTheLoggingParserRunsAndPrintsTheOptionBlock
Running main() from /home/adam/Desktop/NDTwin-Kernel/build/_deps/googletest-src/googletest/src/gtest_main.cc
[       OK ] LoggerCliArgsDeathTest.TheHelpBranchOfTheLoggingParserRunsAndPrintsTheOptionBlock (20 ms)
[ RUN      ] LoggerCliArgsDeathTest.TheShortHelpBranchRunsToo
Running main() from /home/adam/Desktop/NDTwin-Kernel/build/_deps/googletest-src/googletest/src/gtest_main.cc
[       OK ] LoggerCliArgsDeathTest.TheShortHelpBranchRunsToo (21 ms)
[----------] 12 tests from LoggerCliArgsDeathTest (259 ms total)

[----------] 1 test from LoggerFileSinkDeathTest
[ RUN      ] LoggerFileSinkDeathTest.ALogFileThatCannotBeOpenedEndsTheRun
Running main() from /home/adam/Desktop/NDTwin-Kernel/build/_deps/googletest-src/googletest/src/gtest_main.cc
[       OK ] LoggerFileSinkDeathTest.ALogFileThatCannotBeOpenedEndsTheRun (75 ms)
[----------] 1 test from LoggerFileSinkDeathTest (75 ms total)

[----------] 3 tests from PowerManagerShutdownDeathTest
[ RUN      ] PowerManagerShutdownDeathTest.DestroyingAJoinableThreadIsVisibleToThisHarness
[       OK ] PowerManagerShutdownDeathTest.DestroyingAJoinableThreadIsVisibleToThisHarness (1247 ms)
[ RUN      ] PowerManagerShutdownDeathTest.AStoppedManagerIsDestroyedWithoutAborting
Running main() from /home/adam/Desktop/NDTwin-Kernel/build/_deps/googletest-src/googletest/src/gtest_main.cc
[       OK ] PowerManagerShutdownDeathTest.AStoppedManagerIsDestroyedWithoutAborting (23 ms)
[ RUN      ] PowerManagerShutdownDeathTest.AManagerNeverStoppedIsDestroyedWithoutAborting
Running main() from /home/adam/Desktop/NDTwin-Kernel/build/_deps/googletest-src/googletest/src/gtest_main.cc
[       OK ] PowerManagerShutdownDeathTest.AManagerNeverStoppedIsDestroyedWithoutAborting (23 ms)
[----------] 3 tests from PowerManagerShutdownDeathTest (1294 ms total)

[----------] 14 tests from LoggerCliArgsTest
[ RUN      ] LoggerCliArgsTest.LogfileConsumesThePathThatFollowsIt
[       OK ] LoggerCliArgsTest.LogfileConsumesThePathThatFollowsIt (0 ms)
[ RUN      ] LoggerCliArgsTest.TheShortFormConsumesAPathToo
[       OK ] LoggerCliArgsTest.TheShortFormConsumesAPathToo (0 ms)
[ RUN      ] LoggerCliArgsTest.TheOptionAfterTheLogfilePathIsStillParsed
[       OK ] LoggerCliArgsTest.TheOptionAfterTheLogfilePathIsStillParsed (0 ms)
[ RUN      ] LoggerCliArgsTest.LoglevelStillTakesItsValue
[       OK ] LoggerCliArgsTest.LoglevelStillTakesItsValue (0 ms)
[ RUN      ] LoggerCliArgsTest.WithoutTheFlagNoFileIsRequestedAtAll
[       OK ] LoggerCliArgsTest.WithoutTheFlagNoFileIsRequestedAtAll (0 ms)
[ RUN      ] LoggerCliArgsTest.ATopologyPathIsNotMistakenForALogPath
[       OK ] LoggerCliArgsTest.ATopologyPathIsNotMistakenForALogPath (0 ms)
[ RUN      ] LoggerCliArgsTest.EveryLevelNameTheHelpAdvertisesIsAccepted
[       OK ] LoggerCliArgsTest.EveryLevelNameTheHelpAdvertisesIsAccepted (0 ms)
[ RUN      ] LoggerCliArgsTest.AskingForOffIsARequestAndNotATypo
[       OK ] LoggerCliArgsTest.AskingForOffIsARequestAndNotATypo (0 ms)
[ RUN      ] LoggerCliArgsTest.EveryFlagTheLoggingParserOwnsSurvivesTheCheck
[       OK ] LoggerCliArgsTest.EveryFlagTheLoggingParserOwnsSurvivesTheCheck (0 ms)
[ RUN      ] LoggerCliArgsTest.EveryFlagTheCallerDeclaresSurvivesTheCheck
[       OK ] LoggerCliArgsTest.EveryFlagTheCallerDeclaresSurvivesTheCheck (0 ms)
[ RUN      ] LoggerCliArgsTest.ACommandLineUsingBothParsersFlagsIsAccepted
[       OK ] LoggerCliArgsTest.ACommandLineUsingBothParsersFlagsIsAccepted (0 ms)
[ RUN      ] LoggerCliArgsTest.TheValueOfAValueTakingFlagIsNotScannedAsAnOption
[       OK ] LoggerCliArgsTest.TheValueOfAValueTakingFlagIsNotScannedAsAnOption (0 ms)
[ RUN      ] LoggerCliArgsTest.APositionalAndABareDashAreNotOptions
[       OK ] LoggerCliArgsTest.APositionalAndABareDashAreNotOptions (0 ms)
[ RUN      ] LoggerCliArgsTest.EveryValueTakingFlagInTheTableIsHonouredByTheParser
[       OK ] LoggerCliArgsTest.EveryValueTakingFlagInTheTableIsHonouredByTheParser (0 ms)
[----------] 14 tests from LoggerCliArgsTest (0 ms total)

[----------] 2 tests from LoggerFileSinkTest
[ RUN      ] LoggerFileSinkTest.InitWritesToThePathTheConfigNamesAndToNoOther
[2026-09-19 13:16:16.627] [info] [[94mtest_LoggerCliArgs.cpp[0m:[95m481[0m [96mTestBody[0m] MARKER-ndtwin-logfile-takes-a-path
[       OK ] LoggerFileSinkTest.InitWritesToThePathTheConfigNamesAndToNoOther (0 ms)
[ RUN      ] LoggerFileSinkTest.AnEmptyPathOpensNoFile
[2026-09-19 13:16:16.628] [info] [[94mtest_LoggerCliArgs.cpp[0m:[95m501[0m [96mTestBody[0m] MARKER-no-file-was-requested
[       OK ] LoggerFileSinkTest.AnEmptyPathOpensNoFile (0 ms)
[----------] 2 tests from LoggerFileSinkTest (1 ms total)

[----------] 4 tests from LoggerUsageTextTest
[ RUN      ] LoggerUsageTextTest.TheUsageShowsLogfileTakingAPath
[       OK ] LoggerUsageTextTest.TheUsageShowsLogfileTakingAPath (0 ms)
[ RUN      ] LoggerUsageTextTest.TheUsageNoLongerPromisesAHardCodedFilename
[       OK ] LoggerUsageTextTest.TheUsageNoLongerPromisesAHardCodedFilename (0 ms)
[ RUN      ] LoggerUsageTextTest.TheUsageShowsLoglevelTakingAValue
[       OK ] LoggerUsageTextTest.TheUsageShowsLoglevelTakingAValue (0 ms)
[ RUN      ] LoggerUsageTextTest.EveryLevelNameTheUsageActuallyPrintsIsAcceptedByTheParser
[       OK ] LoggerUsageTextTest.EveryLevelNameTheUsageActuallyPrintsIsAcceptedByTheParser (0 ms)
[----------] 4 tests from LoggerUsageTextTest (0 ms total)

[----------] 24 tests from RoutingStrategyFixture
[ RUN      ] RoutingStrategyFixture.InstallTargetsTheRyuAddRoute
[       OK ] RoutingStrategyFixture.InstallTargetsTheRyuAddRoute (0 ms)
[ RUN      ] RoutingStrategyFixture.EveryRequestAsksForTheStatusCodeAndBoundsItsTime
[       OK ] RoutingStrategyFixture.EveryRequestAsksForTheStatusCodeAndBoundsItsTime (0 ms)
[ RUN      ] RoutingStrategyFixture.DeleteWithoutPriorityUsesTheNonStrictRoute
[       OK ] RoutingStrategyFixture.DeleteWithoutPriorityUsesTheNonStrictRoute (0 ms)
[ RUN      ] RoutingStrategyFixture.DeleteWithPriorityUsesTheStrictRoute
[       OK ] RoutingStrategyFixture.DeleteWithPriorityUsesTheStrictRoute (0 ms)
[ RUN      ] RoutingStrategyFixture.ModifyWithPriorityUsesTheStrictRouteSoItCanOnlyHitThatEntry
[       OK ] RoutingStrategyFixture.ModifyWithPriorityUsesTheStrictRouteSoItCanOnlyHitThatEntry (0 ms)
[ RUN      ] RoutingStrategyFixture.ModifyWithoutAPriorityStaysOnTheNonStrictRoute
[       OK ] RoutingStrategyFixture.ModifyWithoutAPriorityStaysOnTheNonStrictRoute (0 ms)
[ RUN      ] RoutingStrategyFixture.ModifyOnTheP4ProxyKeepsTheRouteTheProxyActuallyServes
[       OK ] RoutingStrategyFixture.ModifyOnTheP4ProxyKeepsTheRouteTheProxyActuallyServes (0 ms)
[ RUN      ] RoutingStrategyFixture.ModifyAndDeleteAgreeOnWhatAPriorityMeans
[       OK ] RoutingStrategyFixture.ModifyAndDeleteAgreeOnWhatAPriorityMeans (0 ms)
[ RUN      ] RoutingStrategyFixture.IdleTimeoutIsOmittedForBothSentinels
[       OK ] RoutingStrategyFixture.IdleTimeoutIsOmittedForBothSentinels (0 ms)
[ RUN      ] RoutingStrategyFixture.P4StrategyTargetsTheProxyNotRyu
[       OK ] RoutingStrategyFixture.P4StrategyTargetsTheProxyNotRyu (0 ms)
[ RUN      ] RoutingStrategyFixture.ReportsFailureWhenNothingAnswers
[       OK ] RoutingStrategyFixture.ReportsFailureWhenNothingAnswers (0 ms)
[ RUN      ] RoutingStrategyFixture.ReportsFailureOnHttpErrorStatus
[       OK ] RoutingStrategyFixture.ReportsFailureOnHttpErrorStatus (0 ms)
[ RUN      ] RoutingStrategyFixture.TreatsAnErrorBodyInA200AsFailure
[       OK ] RoutingStrategyFixture.TreatsAnErrorBodyInA200AsFailure (0 ms)
[ RUN      ] RoutingStrategyFixture.AcceptsASuccessBodyAndANonJsonBody
[       OK ] RoutingStrategyFixture.AcceptsASuccessBodyAndANonJsonBody (0 ms)
[ RUN      ] RoutingStrategyFixture.HandlesOutputWithNoStatusLine
[       OK ] RoutingStrategyFixture.HandlesOutputWithNoStatusLine (0 ms)
[ RUN      ] RoutingStrategyFixture.AQuoteInAMatchValueIsSentAsDataAndDoesNotBreakTheRequest
[       OK ] RoutingStrategyFixture.AQuoteInAMatchValueIsSentAsDataAndDoesNotBreakTheRequest (0 ms)
[ RUN      ] RoutingStrategyFixture.ARequestThatNeverRanDoesNotAccuseTheController
[       OK ] RoutingStrategyFixture.ARequestThatNeverRanDoesNotAccuseTheController (0 ms)
[ RUN      ] RoutingStrategyFixture.P4RefusesGroupAndMeterEntriesWithoutSendingAnything
[       OK ] RoutingStrategyFixture.P4RefusesGroupAndMeterEntriesWithoutSendingAnything (0 ms)
[ RUN      ] RoutingStrategyFixture.OpenFlowStillSupportsGroupAndMeterEntries
[       OK ] RoutingStrategyFixture.OpenFlowStillSupportsGroupAndMeterEntries (0 ms)
[ RUN      ] RoutingStrategyFixture.StrategiesNameThemselvesForLogs
[       OK ] RoutingStrategyFixture.StrategiesNameThemselvesForLogs (0 ms)
[ RUN      ] RoutingStrategyFixture.AProxyRefusalIsAVerdictAboutTheSwitch
[       OK ] RoutingStrategyFixture.AProxyRefusalIsAVerdictAboutTheSwitch (0 ms)
[ RUN      ] RoutingStrategyFixture.AProxyErrorStatusIsAlsoAVerdictAboutTheSwitch
[       OK ] RoutingStrategyFixture.AProxyErrorStatusIsAlsoAVerdictAboutTheSwitch (0 ms)
[ RUN      ] RoutingStrategyFixture.ARyuRejectionIsNotAVerdictAboutTheSwitch
[       OK ] RoutingStrategyFixture.ARyuRejectionIsNotAVerdictAboutTheSwitch (0 ms)
[ RUN      ] RoutingStrategyFixture.AnUnansweredRequestIsNoVerdictOnEitherPlane
[       OK ] RoutingStrategyFixture.AnUnansweredRequestIsNoVerdictOnEitherPlane (0 ms)
[----------] 24 tests from RoutingStrategyFixture (3 ms total)

[----------] 8 tests from ComputeEstimatedRatesTest
[ RUN      ] ComputeEstimatedRatesTest.ZeroHopsReportsNoActiveHopsInsteadOfDividing
[       OK ] ComputeEstimatedRatesTest.ZeroHopsReportsNoActiveHopsInsteadOfDividing (0 ms)
[ RUN      ] ComputeEstimatedRatesTest.NegativeHopsIsTreatedAsNoActiveHops
[       OK ] ComputeEstimatedRatesTest.NegativeHopsIsTreatedAsNoActiveHops (0 ms)
[ RUN      ] ComputeEstimatedRatesTest.SingleHopReturnsAccumulatedTotalsUnchanged
[       OK ] ComputeEstimatedRatesTest.SingleHopReturnsAccumulatedTotalsUnchanged (0 ms)
[ RUN      ] ComputeEstimatedRatesTest.AveragesAcrossHopsThatObservedTraffic
[       OK ] ComputeEstimatedRatesTest.AveragesAcrossHopsThatObservedTraffic (0 ms)
[ RUN      ] ComputeEstimatedRatesTest.IntegerDivisionTruncatesTowardZero
[       OK ] ComputeEstimatedRatesTest.IntegerDivisionTruncatesTowardZero (0 ms)
[ RUN      ] ComputeEstimatedRatesTest.ZeroTotalsAcrossActiveHopsStillCountsAsActive
[       OK ] ComputeEstimatedRatesTest.ZeroTotalsAcrossActiveHopsStillCountsAsActive (0 ms)
[ RUN      ] ComputeEstimatedRatesTest.FlowAndPacketRatesAreDerivedFromSeparateAccumulators
[       OK ] ComputeEstimatedRatesTest.FlowAndPacketRatesAreDerivedFromSeparateAccumulators (0 ms)
[ RUN      ] ComputeEstimatedRatesTest.HandlesLargeAccumulatedTotalsWithoutOverflow
[       OK ] ComputeEstimatedRatesTest.HandlesLargeAccumulatedTotalsWithoutOverflow (0 ms)
[----------] 8 tests from ComputeEstimatedRatesTest (0 ms total)

[----------] 6 tests from CounterDeltaTest
[ RUN      ] CounterDeltaTest.TheOrdinaryForwardCaseIsPlainSubtraction
[       OK ] CounterDeltaTest.TheOrdinaryForwardCaseIsPlainSubtraction (0 ms)
[ RUN      ] CounterDeltaTest.NoTrafficSinceTheLastReadingIsZeroNotAnError
[       OK ] CounterDeltaTest.NoTrafficSinceTheLastReadingIsZeroNotAnError (0 ms)
[ RUN      ] CounterDeltaTest.ACounterThatWentBackwardsYieldsZeroRatherThanWrappingTo18Exa
[       OK ] CounterDeltaTest.ACounterThatWentBackwardsYieldsZeroRatherThanWrappingTo18Exa (0 ms)
[ RUN      ] CounterDeltaTest.TheWrappedValueWouldHaveBeenReportedAsAnElephantFlow
[       OK ] CounterDeltaTest.TheWrappedValueWouldHaveBeenReportedAsAnElephantFlow (0 ms)
[ RUN      ] CounterDeltaTest.ARealCounterResetToZeroIsTheCommonBackwardsCase
[       OK ] CounterDeltaTest.ARealCounterResetToZeroIsTheCommonBackwardsCase (0 ms)
[ RUN      ] CounterDeltaTest.LargeForwardDeltasAreNotClamped
[       OK ] CounterDeltaTest.LargeForwardDeltasAreNotClamped (0 ms)
[----------] 6 tests from CounterDeltaTest (0 ms total)

[----------] 7 tests from RateDenominator
[ RUN      ] RateDenominator.SameBytesOverTwoSecondsIsHalfTheRate
[       OK ] RateDenominator.SameBytesOverTwoSecondsIsHalfTheRate (0 ms)
[ RUN      ] RateDenominator.TheIntervalActuallyUsedIsTheOneSupplied
[       OK ] RateDenominator.TheIntervalActuallyUsedIsTheOneSupplied (0 ms)
[ RUN      ] RateDenominator.ARealisticLoopPeriodOverstatesByExactlyThatPeriod
[       OK ] RateDenominator.ARealisticLoopPeriodOverstatesByExactlyThatPeriod (0 ms)
[ RUN      ] RateDenominator.ZeroIntervalPublishesNothing
[       OK ] RateDenominator.ZeroIntervalPublishesNothing (0 ms)
[ RUN      ] RateDenominator.NegativeIntervalPublishesNothing
[       OK ] RateDenominator.NegativeIntervalPublishesNothing (0 ms)
[ RUN      ] RateDenominator.ZeroIntervalDoesNotRecordADivisor
[       OK ] RateDenominator.ZeroIntervalDoesNotRecordADivisor (0 ms)
[ RUN      ] RateDenominator.DivisorStartsAtASentinelNotZero
[       OK ] RateDenominator.DivisorStartsAtASentinelNotZero (0 ms)
[----------] 7 tests from RateDenominator (0 ms total)

[----------] 10 tests from FlowRateDenominator
[ RUN      ] FlowRateDenominator.FlowSameBytesOverTwoSecondsIsHalfTheRate
[       OK ] FlowRateDenominator.FlowSameBytesOverTwoSecondsIsHalfTheRate (0 ms)
[ RUN      ] FlowRateDenominator.FlowPacketRateIsPerSecondToo
[       OK ] FlowRateDenominator.FlowPacketRateIsPerSecondToo (0 ms)
[ RUN      ] FlowRateDenominator.ARealisticLoopPeriodOverstatesTheFlowRateByThatPeriod
[       OK ] FlowRateDenominator.ARealisticLoopPeriodOverstatesTheFlowRateByThatPeriod (0 ms)
[ RUN      ] FlowRateDenominator.AnElephantIsDecidedOnTheDividedRate
[       OK ] FlowRateDenominator.AnElephantIsDecidedOnTheDividedRate (0 ms)
[ RUN      ] FlowRateDenominator.OneDivisorForEveryFlowSoTheOrderSurvives
[       OK ] FlowRateDenominator.OneDivisorForEveryFlowSoTheOrderSurvives (0 ms)
[ RUN      ] FlowRateDenominator.ZeroIntervalLeavesTheFlowAlone
[       OK ] FlowRateDenominator.ZeroIntervalLeavesTheFlowAlone (0 ms)
[ RUN      ] FlowRateDenominator.NegativeIntervalLeavesTheFlowAlone
[       OK ] FlowRateDenominator.NegativeIntervalLeavesTheFlowAlone (0 ms)
[ RUN      ] FlowRateDenominator.CountersAreDrainedSoTheNextIntervalStartsFromHere
[       OK ] FlowRateDenominator.CountersAreDrainedSoTheNextIntervalStartsFromHere (0 ms)
[ RUN      ] FlowRateDenominator.TheFlowDivisorIsMeasuredNotAssumed
[       OK ] FlowRateDenominator.TheFlowDivisorIsMeasuredNotAssumed (300 ms)
[ RUN      ] FlowRateDenominator.TheFlowDivisorStartsAtASentinelNotZero
[       OK ] FlowRateDenominator.TheFlowDivisorStartsAtASentinelNotZero (0 ms)
[----------] 10 tests from FlowRateDenominator (300 ms total)

[----------] 5 tests from LeftBandwidthCapacityTest
[ RUN      ] LeftBandwidthCapacityTest.ADeclaredTenGigabitLinkAdvertisesTenGigabitsBeforeAnySample
[       OK ] LeftBandwidthCapacityTest.ADeclaredTenGigabitLinkAdvertisesTenGigabitsBeforeAnySample (6 ms)
[ RUN      ] LeftBandwidthCapacityTest.ADeclaredOneGigabitLinkIsRightForARecordedReason
[       OK ] LeftBandwidthCapacityTest.ADeclaredOneGigabitLinkIsRightForARecordedReason (1 ms)
[ RUN      ] LeftBandwidthCapacityTest.AnUnsampledEdgeIsNotReportedAsMeasured
[       OK ] LeftBandwidthCapacityTest.AnUnsampledEdgeIsNotReportedAsMeasured (1 ms)
[ RUN      ] LeftBandwidthCapacityTest.TheFirstFlowSampleTurnsDeclaredIntoMeasured
[       OK ] LeftBandwidthCapacityTest.TheFirstFlowSampleTurnsDeclaredIntoMeasured (1 ms)
[ RUN      ] LeftBandwidthCapacityTest.AnIdleMeasuredEdgeAndAnUnsampledEdgeShareANumberAndDifferInProvenance
[       OK ] LeftBandwidthCapacityTest.AnIdleMeasuredEdgeAndAnUnsampledEdgeShareANumberAndDifferInProvenance (1 ms)
[----------] 5 tests from LeftBandwidthCapacityTest (11 ms total)

[----------] 3 tests from LeftBandwidthDefaultTest
[ RUN      ] LeftBandwidthDefaultTest.ADefaultConstructedEdgeDoesNotAdvertiseAGigabitOfHeadroom
[       OK ] LeftBandwidthDefaultTest.ADefaultConstructedEdgeDoesNotAdvertiseAGigabitOfHeadroom (0 ms)
[ RUN      ] LeftBandwidthDefaultTest.AnUnrecognisedProvenanceReadsBackAsUnknownNotAsCapacity
[       OK ] LeftBandwidthDefaultTest.AnUnrecognisedProvenanceReadsBackAsUnknownNotAsCapacity (0 ms)
[ RUN      ] LeftBandwidthDefaultTest.TheWireVocabularyIsExactlyThreeWords
[       OK ] LeftBandwidthDefaultTest.TheWireVocabularyIsExactlyThreeWords (0 ms)
[----------] 3 tests from LeftBandwidthDefaultTest (0 ms total)

[----------] 3 tests from FlowPathRecomputeInterval
[ RUN      ] FlowPathRecomputeInterval.IsOneSecondNotOneMillisecond
[       OK ] FlowPathRecomputeInterval.IsOneSecondNotOneMillisecond (0 ms)
[ RUN      ] FlowPathRecomputeInterval.AFlowSurvivingToTheIdleTimeoutGetsManyChancesAtAPath
[       OK ] FlowPathRecomputeInterval.AFlowSurvivingToTheIdleTimeoutGetsManyChancesAtAPath (0 ms)
[ RUN      ] FlowPathRecomputeInterval.ShortFlowsCanDieWithoutAPathAndThatIsTheKnownCost
[       OK ] FlowPathRecomputeInterval.ShortFlowsCanDieWithoutAPathAndThatIsTheKnownCost (0 ms)
[----------] 3 tests from FlowPathRecomputeInterval (0 ms total)

[----------] 6 tests from SwitchKindMappingTest
[ RUN      ] SwitchKindMappingTest.MapsKnownBrandNames
[       OK ] SwitchKindMappingTest.MapsKnownBrandNames (0 ms)
[ RUN      ] SwitchKindMappingTest.UnknownBrandNameIsHardware
[       OK ] SwitchKindMappingTest.UnknownBrandNameIsHardware (0 ms)
[ RUN      ] SwitchKindMappingTest.BrandNameMappingIsCaseSensitiveByDesign
[       OK ] SwitchKindMappingTest.BrandNameMappingIsCaseSensitiveByDesign (0 ms)
[ RUN      ] SwitchKindMappingTest.ExplicitKindStringIsCaseInsensitiveAndAcceptsP4Alias
[       OK ] SwitchKindMappingTest.ExplicitKindStringIsCaseInsensitiveAndAcceptsP4Alias (0 ms)
[ RUN      ] SwitchKindMappingTest.GarbageKindThrowsRatherThanDefaulting
[       OK ] SwitchKindMappingTest.GarbageKindThrowsRatherThanDefaulting (0 ms)
[ RUN      ] SwitchKindMappingTest.ToStringCoversEveryKind
[       OK ] SwitchKindMappingTest.ToStringCoversEveryKind (0 ms)
[----------] 6 tests from SwitchKindMappingTest (0 ms total)

[----------] 19 tests from SwitchKindFixture
[ RUN      ] SwitchKindFixture.DerivesKindFromBrandNameWhenSwitchKindAbsent
[       OK ] SwitchKindFixture.DerivesKindFromBrandNameWhenSwitchKindAbsent (0 ms)
[ RUN      ] SwitchKindFixture.DerivesOvsFromBrandName
[       OK ] SwitchKindFixture.DerivesOvsFromBrandName (0 ms)
[ RUN      ] SwitchKindFixture.ExplicitSwitchKindOverridesBrandName
[       OK ] SwitchKindFixture.ExplicitSwitchKindOverridesBrandName (0 ms)
[ RUN      ] SwitchKindFixture.UnknownDpidHasNoKind
[       OK ] SwitchKindFixture.UnknownDpidHasNoKind (0 ms)
[ RUN      ] SwitchKindFixture.GroupsSwitchesByKind
[       OK ] SwitchKindFixture.GroupsSwitchesByKind (0 ms)
[ RUN      ] SwitchKindFixture.HomogeneousTopologyValidates
[       OK ] SwitchKindFixture.HomogeneousTopologyValidates (0 ms)
[ RUN      ] SwitchKindFixture.MixedTopologyIsRejectedByDefault
[       OK ] SwitchKindFixture.MixedTopologyIsRejectedByDefault (0 ms)
[ RUN      ] SwitchKindFixture.MixedTopologyIsAllowedWhenOptedIn
[       OK ] SwitchKindFixture.MixedTopologyIsAllowedWhenOptedIn (0 ms)
[ RUN      ] SwitchKindFixture.EmptyTopologyFailsValidation
[       OK ] SwitchKindFixture.EmptyTopologyFailsValidation (0 ms)
[ RUN      ] SwitchKindFixture.AnEmptyTopologyFileIsRefusedAtLoad
[       OK ] SwitchKindFixture.AnEmptyTopologyFileIsRefusedAtLoad (0 ms)
[ RUN      ] SwitchKindFixture.TopologyOverrideAppliesInMininetMode
[       OK ] SwitchKindFixture.TopologyOverrideAppliesInMininetMode (0 ms)
[ RUN      ] SwitchKindFixture.TopologyOverrideAlsoAppliesInTestbedMode
[       OK ] SwitchKindFixture.TopologyOverrideAlsoAppliesInTestbedMode (0 ms)
[ RUN      ] SwitchKindFixture.EmptyOverrideCountsAsUnset
[       OK ] SwitchKindFixture.EmptyOverrideCountsAsUnset (0 ms)
[ RUN      ] SwitchKindFixture.FallsBackToModeDefaultWithoutOverride
[       OK ] SwitchKindFixture.FallsBackToModeDefaultWithoutOverride (0 ms)
[ RUN      ] SwitchKindFixture.Bmv2DpidSelectsTheP4Strategy
[       OK ] SwitchKindFixture.Bmv2DpidSelectsTheP4Strategy (0 ms)
[ RUN      ] SwitchKindFixture.OvsDpidSelectsTheOpenFlowStrategy
[       OK ] SwitchKindFixture.OvsDpidSelectsTheOpenFlowStrategy (0 ms)
[ RUN      ] SwitchKindFixture.HardwareDpidSelectsTheOpenFlowStrategy
[       OK ] SwitchKindFixture.HardwareDpidSelectsTheOpenFlowStrategy (0 ms)
[ RUN      ] SwitchKindFixture.UnknownDpidReturnsNullptrRatherThanFallingBackToOvs
[       OK ] SwitchKindFixture.UnknownDpidReturnsNullptrRatherThanFallingBackToOvs (0 ms)
[ RUN      ] SwitchKindFixture.MixedTopologyDispatchesPerDpid
[       OK ] SwitchKindFixture.MixedTopologyDispatchesPerDpid (0 ms)
[----------] 19 tests from SwitchKindFixture (6 ms total)

[----------] 4 tests from TopologyIpValidationTest
[ RUN      ] TopologyIpValidationTest.ASwitchWithAnEmptyIpArrayIsRejectedAtLoad
[       OK ] TopologyIpValidationTest.ASwitchWithAnEmptyIpArrayIsRejectedAtLoad (0 ms)
[ RUN      ] TopologyIpValidationTest.ASwitchWithAnAddressStillLoads
[       OK ] TopologyIpValidationTest.ASwitchWithAnAddressStillLoads (0 ms)
[ RUN      ] TopologyIpValidationTest.AHostWithNoAddressIsRefusedAtLoad
[       OK ] TopologyIpValidationTest.AHostWithNoAddressIsRefusedAtLoad (0 ms)
[ RUN      ] TopologyIpValidationTest.AHostWithAnAddressStillLoads
[       OK ] TopologyIpValidationTest.AHostWithAnAddressStillLoads (0 ms)
[----------] 4 tests from TopologyIpValidationTest (1 ms total)

[----------] 23 tests from SFlowParsingFixture
[ RUN      ] SFlowParsingFixture.RejectsNullBuffer
[       OK ] SFlowParsingFixture.RejectsNullBuffer (0 ms)
[ RUN      ] SFlowParsingFixture.RejectsDatagramShorterThanTheHeader
[       OK ] SFlowParsingFixture.RejectsDatagramShorterThanTheHeader (0 ms)
[ RUN      ] SFlowParsingFixture.RejectsUnalignedLength
[       OK ] SFlowParsingFixture.RejectsUnalignedLength (0 ms)
[ RUN      ] SFlowParsingFixture.ExtractsFlowsWhenTheVersionIsFive
[       OK ] SFlowParsingFixture.ExtractsFlowsWhenTheVersionIsFive (24 ms)
[ RUN      ] SFlowParsingFixture.IgnoresUnsupportedVersion
[       OK ] SFlowParsingFixture.IgnoresUnsupportedVersion (0 ms)
[ RUN      ] SFlowParsingFixture.HandlesHeaderThatPromisesASampleWithNoBodyAtAll
[       OK ] SFlowParsingFixture.HandlesHeaderThatPromisesASampleWithNoBodyAtAll (0 ms)
[ RUN      ] SFlowParsingFixture.HandlesEveryTruncationOfACounterSample
[       OK ] SFlowParsingFixture.HandlesEveryTruncationOfACounterSample (0 ms)
[ RUN      ] SFlowParsingFixture.HandlesEveryTruncationOfAFlowSample
[       OK ] SFlowParsingFixture.HandlesEveryTruncationOfAFlowSample (19 ms)
[ RUN      ] SFlowParsingFixture.RejectsAnImpossibleSampleCount
[       OK ] SFlowParsingFixture.RejectsAnImpossibleSampleCount (0 ms)
[ RUN      ] SFlowParsingFixture.TerminatesWhenSampleLengthIsZero
[       OK ] SFlowParsingFixture.TerminatesWhenSampleLengthIsZero (20 ms)
[ RUN      ] SFlowParsingFixture.TerminatesWhenFlowDataLengthExceedsSampleLength
[       OK ] SFlowParsingFixture.TerminatesWhenFlowDataLengthExceedsSampleLength (0 ms)
[ RUN      ] SFlowParsingFixture.HandlesSampleLengthLargerThanTheDatagram
[       OK ] SFlowParsingFixture.HandlesSampleLengthLargerThanTheDatagram (0 ms)
[ RUN      ] SFlowParsingFixture.HandlesUnknownSampleTypes
[       OK ] SFlowParsingFixture.HandlesUnknownSampleTypes (0 ms)
[ RUN      ] SFlowParsingFixture.HandlesManySamplesWithinOneDatagram
[       OK ] SFlowParsingFixture.HandlesManySamplesWithinOneDatagram (0 ms)
[ RUN      ] SFlowParsingFixture.HandlesNonIpv4EtherType
[       OK ] SFlowParsingFixture.HandlesNonIpv4EtherType (20 ms)
[ RUN      ] SFlowParsingFixture.SurvivesStructuredGarbage
[       OK ] SFlowParsingFixture.SurvivesStructuredGarbage (2 ms)
[ RUN      ] SFlowParsingFixture.SurvivesTruncationSweepOverGarbage
[       OK ] SFlowParsingFixture.SurvivesTruncationSweepOverGarbage (0 ms)
[ RUN      ] SFlowParsingFixture.CountsEveryMalformedDatagramEvenThoughLoggingIsRateLimited
[       OK ] SFlowParsingFixture.CountsEveryMalformedDatagramEvenThoughLoggingIsRateLimited (0 ms)
[ RUN      ] SFlowParsingFixture.HandlesEveryTruncationOfAnIpv6ExtensionHeaderChain
[       OK ] SFlowParsingFixture.HandlesEveryTruncationOfAnIpv6ExtensionHeaderChain (504 ms)
[ RUN      ] SFlowParsingFixture.AFullIpv6ExtensionChainResolvesToTheUpperLayerPorts
[       OK ] SFlowParsingFixture.AFullIpv6ExtensionChainResolvesToTheUpperLayerPorts (20 ms)
[ RUN      ] SFlowParsingFixture.AnOpaqueIpv6ExtensionHeaderFallsBackToTheL2Identity
[       OK ] SFlowParsingFixture.AnOpaqueIpv6ExtensionHeaderFallsBackToTheL2Identity (19 ms)
[ RUN      ] SFlowParsingFixture.AChainCutOffInsideTheCapturedHeaderDoesNotInventPorts
[       OK ] SFlowParsingFixture.AChainCutOffInsideTheCapturedHeaderDoesNotInventPorts (19 ms)
[ RUN      ] SFlowParsingFixture.AChainWithinTheBoundResolvesAndOneBeyondItDoesNot
[       OK ] SFlowParsingFixture.AChainWithinTheBoundResolvesAndOneBeyondItDoesNot (43 ms)
[----------] 23 tests from SFlowParsingFixture (695 ms total)

[----------] 4 tests from BoundedWordsTest
[ RUN      ] BoundedWordsTest.ReadsInRangeWordsUnchanged
[       OK ] BoundedWordsTest.ReadsInRangeWordsUnchanged (0 ms)
[ RUN      ] BoundedWordsTest.ThrowsPastTheEnd
[       OK ] BoundedWordsTest.ThrowsPastTheEnd (0 ms)
[ RUN      ] BoundedWordsTest.ReportsTheOffendingOffset
[       OK ] BoundedWordsTest.ReportsTheOffendingOffset (0 ms)
[ RUN      ] BoundedWordsTest.EmptyViewThrowsOnAnyAccess
[       OK ] BoundedWordsTest.EmptyViewThrowsOnAnyAccess (0 ms)
[----------] 4 tests from BoundedWordsTest (0 ms total)

[----------] 8 tests from TelemetrySilenceTest
[ RUN      ] TelemetrySilenceTest.AnAgentThatHasNeverReportedIsUnknownRatherThanSilent
[       OK ] TelemetrySilenceTest.AnAgentThatHasNeverReportedIsUnknownRatherThanSilent (0 ms)
[ RUN      ] TelemetrySilenceTest.ARecentSampleOnThisPortIsLive
[       OK ] TelemetrySilenceTest.ARecentSampleOnThisPortIsLive (0 ms)
[ RUN      ] TelemetrySilenceTest.AnAgentStillReportingElsewhereMakesThisLinksZeroAMeasurement
[       OK ] TelemetrySilenceTest.AnAgentStillReportingElsewhereMakesThisLinksZeroAMeasurement (0 ms)
[ RUN      ] TelemetrySilenceTest.AnAgentReportingNowhereMakesThisLinksZeroAnAbsence
[       OK ] TelemetrySilenceTest.AnAgentReportingNowhereMakesThisLinksZeroAnAbsence (0 ms)
[ RUN      ] TelemetrySilenceTest.APortNeverSeenUnderALiveAgentIsIdleNotUnknown
[       OK ] TelemetrySilenceTest.APortNeverSeenUnderALiveAgentIsIdleNotUnknown (0 ms)
[ RUN      ] TelemetrySilenceTest.TheWindowBoundaryIsInclusiveOnBothSides
[       OK ] TelemetrySilenceTest.TheWindowBoundaryIsInclusiveOnBothSides (0 ms)
[ RUN      ] TelemetrySilenceTest.TheWindowIsConsultedRatherThanHardcoded
[       OK ] TelemetrySilenceTest.TheWindowIsConsultedRatherThanHardcoded (0 ms)
[ RUN      ] TelemetrySilenceTest.TheRawAgesAreReportedAlongsideEveryVerdict
[       OK ] TelemetrySilenceTest.TheRawAgesAreReportedAlongsideEveryVerdict (0 ms)
[----------] 8 tests from TelemetrySilenceTest (0 ms total)

[----------] 7 tests from GoldenFixtureTest
[ RUN      ] GoldenFixtureTest.TheFixtureSetIsCapturedTrafficOnly
[       OK ] GoldenFixtureTest.TheFixtureSetIsCapturedTrafficOnly (3 ms)
[ RUN      ] GoldenFixtureTest.FixturesArePresentAndWellFormed
[       OK ] GoldenFixtureTest.FixturesArePresentAndWellFormed (3 ms)
[ RUN      ] GoldenFixtureTest.ParsesRealOvsDatagramsIntoFlows
[       OK ] GoldenFixtureTest.ParsesRealOvsDatagramsIntoFlows (26 ms)
[ RUN      ] GoldenFixtureTest.ExtractsTheCapturedIperfFlowExactly
[       OK ] GoldenFixtureTest.ExtractsTheCapturedIperfFlowExactly (26 ms)
[ RUN      ] GoldenFixtureTest.ExtractsAllThreeProtocolPathsFromRealTraffic
[       OK ] GoldenFixtureTest.ExtractsAllThreeProtocolPathsFromRealTraffic (29 ms)
[ RUN      ] GoldenFixtureTest.IgnoresNonIpv4Frames
[       OK ] GoldenFixtureTest.IgnoresNonIpv4Frames (32 ms)
[ RUN      ] GoldenFixtureTest.RequiresExtendedSwitchRecordBeforeTheRawHeader
[       OK ] GoldenFixtureTest.RequiresExtendedSwitchRecordBeforeTheRawHeader (3 ms)
[----------] 7 tests from GoldenFixtureTest (125 ms total)

[----------] 9 tests from EmitterRoundtripTest
[ RUN      ] EmitterRoundtripTest.ParsesEmittedTcpSampleIntoTheExactFiveTuple
[       OK ] EmitterRoundtripTest.ParsesEmittedTcpSampleIntoTheExactFiveTuple (25 ms)
[ RUN      ] EmitterRoundtripTest.ParsesEmittedUdpSample
[       OK ] EmitterRoundtripTest.ParsesEmittedUdpSample (20 ms)
[ RUN      ] EmitterRoundtripTest.ParsesEmittedIcmpSampleWithTypeAndCodeInThePortFields
[       OK ] EmitterRoundtripTest.ParsesEmittedIcmpSampleWithTypeAndCodeInThePortFields (25 ms)
[ RUN      ] EmitterRoundtripTest.ParsesIcmpWithBothTypeAndCodeNonZero
[       OK ] EmitterRoundtripTest.ParsesIcmpWithBothTypeAndCodeNonZero (21 ms)
[ RUN      ] EmitterRoundtripTest.IgnoresEmittedArpWithoutInventingAFlow
[       OK ] EmitterRoundtripTest.IgnoresEmittedArpWithoutInventingAFlow (23 ms)
[ RUN      ] EmitterRoundtripTest.ParsesATruncatedFrameAndReportsTheOriginalLength
[       OK ] EmitterRoundtripTest.ParsesATruncatedFrameAndReportsTheOriginalLength (24 ms)
[ RUN      ] EmitterRoundtripTest.WalksEverySampleInAMultiSampleDatagram
[       OK ] EmitterRoundtripTest.WalksEverySampleInAMultiSampleDatagram (23 ms)
[ RUN      ] EmitterRoundtripTest.BatchedSamplesBankEverySampleBytes
[       OK ] EmitterRoundtripTest.BatchedSamplesBankEverySampleBytes (100 ms)
[ RUN      ] EmitterRoundtripTest.EmittedAndCapturedDatagramsAgreeOnStructure
[       OK ] EmitterRoundtripTest.EmittedAndCapturedDatagramsAgreeOnStructure (23 ms)
[----------] 9 tests from EmitterRoundtripTest (287 ms total)

[----------] 5 tests from IdentityPortMappingTest
[ RUN      ] IdentityPortMappingTest.AnAllBmv2TopologySkipsOvsVsctl
[       OK ] IdentityPortMappingTest.AnAllBmv2TopologySkipsOvsVsctl (0 ms)
[ RUN      ] IdentityPortMappingTest.AnAllOvsTopologyStillTranslates
[       OK ] IdentityPortMappingTest.AnAllOvsTopologyStillTranslates (0 ms)
[ RUN      ] IdentityPortMappingTest.AnEmptyTopologyKeepsTheExistingBehaviour
[       OK ] IdentityPortMappingTest.AnEmptyTopologyKeepsTheExistingBehaviour (0 ms)
[ RUN      ] IdentityPortMappingTest.AMixedTopologyDoesNotUseIdentity
[       OK ] IdentityPortMappingTest.AMixedTopologyDoesNotUseIdentity (0 ms)
[ RUN      ] IdentityPortMappingTest.HardwareSwitchesTranslate
[       OK ] IdentityPortMappingTest.HardwareSwitchesTranslate (0 ms)
[----------] 5 tests from IdentityPortMappingTest (0 ms total)

[----------] 4 tests from LateTopologyFixture
[ RUN      ] LateTopologyFixture.IdentityMappingIsChosenEvenWhenTheTopologyLoadsAfterStartup
[       OK ] LateTopologyFixture.IdentityMappingIsChosenEvenWhenTheTopologyLoadsAfterStartup (2 ms)
[ RUN      ] LateTopologyFixture.TheDecisionIsMadeOnceAndSticks
[       OK ] LateTopologyFixture.TheDecisionIsMadeOnceAndSticks (2 ms)
[ RUN      ] LateTopologyFixture.AnOvsTopologyStillGoesThroughTheMap
[       OK ] LateTopologyFixture.AnOvsTopologyStillGoesThroughTheMap (23 ms)
[ RUN      ] LateTopologyFixture.ConcurrentFirstLookupsAgreeOnOneDecision
[       OK ] LateTopologyFixture.ConcurrentFirstLookupsAgreeOnOneDecision (3 ms)
[----------] 4 tests from LateTopologyFixture (32 ms total)

[----------] 26 tests from FlowKeyFamiliesTest
[ RUN      ] FlowKeyFamiliesTest.Ipv4KeyHashIsBitIdenticalToThePreFamilyExpression
[       OK ] FlowKeyFamiliesTest.Ipv4KeyHashIsBitIdenticalToThePreFamilyExpression (1 ms)
[ RUN      ] FlowKeyFamiliesTest.TwoL2KeysDifferingOnlyInTheirMacsHashDifferently
[       OK ] FlowKeyFamiliesTest.TwoL2KeysDifferingOnlyInTheirMacsHashDifferently (0 ms)
[ RUN      ] FlowKeyFamiliesTest.OrderingAmongIpv4KeysStillFollowsTheFiveTuple
[       OK ] FlowKeyFamiliesTest.OrderingAmongIpv4KeysStillFollowsTheFiveTuple (1 ms)
[ RUN      ] FlowKeyFamiliesTest.AnIpv4SampleIsStillAnIpv4FlowWithTheSameFiveTuple
[       OK ] FlowKeyFamiliesTest.AnIpv4SampleIsStillAnIpv4FlowWithTheSameFiveTuple (2 ms)
[ RUN      ] FlowKeyFamiliesTest.AnArpSampleBanksItsLinkBytesAndIsObservedAsL2
[       OK ] FlowKeyFamiliesTest.AnArpSampleBanksItsLinkBytesAndIsObservedAsL2 (1 ms)
[ RUN      ] FlowKeyFamiliesTest.ACustomEtherTypeSampleBanksItsLinkBytesAndIsObservedAsL2
[       OK ] FlowKeyFamiliesTest.ACustomEtherTypeSampleBanksItsLinkBytesAndIsObservedAsL2 (0 ms)
[ RUN      ] FlowKeyFamiliesTest.AnIpv6UdpSampleIsObservedWithItsAddressesAndPorts
[       OK ] FlowKeyFamiliesTest.AnIpv6UdpSampleIsObservedWithItsAddressesAndPorts (0 ms)
[ RUN      ] FlowKeyFamiliesTest.Ipv4OptionsMoveThePortsAndTheParserFollowsThem
[       OK ] FlowKeyFamiliesTest.Ipv4OptionsMoveThePortsAndTheParserFollowsThem (0 ms)
[ RUN      ] FlowKeyFamiliesTest.AVlanTaggedIpv4SampleIsIdentifiedAsIpv4AfterOneTagIsStripped
[       OK ] FlowKeyFamiliesTest.AVlanTaggedIpv4SampleIsIdentifiedAsIpv4AfterOneTagIsStripped (0 ms)
[ RUN      ] FlowKeyFamiliesTest.AnIhlBelowFiveIsCountedAndRecordedAsNoFlowButStillBanksItsBytes
[       OK ] FlowKeyFamiliesTest.AnIhlBelowFiveIsCountedAndRecordedAsNoFlowButStillBanksItsBytes (0 ms)
[ RUN      ] FlowKeyFamiliesTest.AnEgressOnlySampleCreditsTheEgressBankAndOnlyThat
[       OK ] FlowKeyFamiliesTest.AnEgressOnlySampleCreditsTheEgressBankAndOnlyThat (0 ms)
[ RUN      ] FlowKeyFamiliesTest.TheTwoHalvesOfADualPortSampleAreTheTwoOneSidedSamples
[       OK ] FlowKeyFamiliesTest.TheTwoHalvesOfADualPortSampleAreTheTwoOneSidedSamples (1 ms)
[ RUN      ] FlowKeyFamiliesTest.TheStatsObjectCarriesEveryFamilyAndTheNonIpv4Identities
[       OK ] FlowKeyFamiliesTest.TheStatsObjectCarriesEveryFamilyAndTheNonIpv4Identities (0 ms)
[ RUN      ] FlowKeyFamiliesTest.RepeatedFramesOfOneIdentityAccumulateOnOneRow
[       OK ] FlowKeyFamiliesTest.RepeatedFramesOfOneIdentityAccumulateOnOneRow (0 ms)
[ RUN      ] FlowKeyFamiliesTest.OneIpv4FlowStaysOneRowWhenTheMacsChangeAtEveryHop
[       OK ] FlowKeyFamiliesTest.OneIpv4FlowStaysOneRowWhenTheMacsChangeAtEveryHop (0 ms)
[ RUN      ] FlowKeyFamiliesTest.TheParsersOwnIpv4KeyCarriesNoL2Fields
[       OK ] FlowKeyFamiliesTest.TheParsersOwnIpv4KeyCarriesNoL2Fields (0 ms)
[ RUN      ] FlowKeyFamiliesTest.AnIpv6KeyCarriesNoL2FieldsEither
[       OK ] FlowKeyFamiliesTest.AnIpv6KeyCarriesNoL2FieldsEither (0 ms)
[ RUN      ] FlowKeyFamiliesTest.ANonFirstFragmentBanksItsBytesAndDoesNotEndTheDatagram
[       OK ] FlowKeyFamiliesTest.ANonFirstFragmentBanksItsBytesAndDoesNotEndTheDatagram (0 ms)
[ RUN      ] FlowKeyFamiliesTest.AnHpeSampleIsReadFromWhereTheBranchSaysTheFrameIs
[       OK ] FlowKeyFamiliesTest.AnHpeSampleIsReadFromWhereTheBranchSaysTheFrameIs (0 ms)
[ RUN      ] FlowKeyFamiliesTest.TheSideTableEvictsItsOldestIdentityRatherThanRefusingNewOnes
[       OK ] FlowKeyFamiliesTest.TheSideTableEvictsItsOldestIdentityRatherThanRefusingNewOnes (76 ms)
[ RUN      ] FlowKeyFamiliesTest.AnArpOnlySwitchCountsAsASwitchThatIsSampling
[       OK ] FlowKeyFamiliesTest.AnArpOnlySwitchCountsAsASwitchThatIsSampling (0 ms)
[ RUN      ] FlowKeyFamiliesTest.TheSideTableEvictsTheLeastRecentlySeenIdentityAndAHitCountsAsSeen
[       OK ] FlowKeyFamiliesTest.TheSideTableEvictsTheLeastRecentlySeenIdentityAndAHitCountsAsSeen (46 ms)
[ RUN      ] FlowKeyFamiliesTest.AnIcmpv6SampleCarriesItsTypeAndItsWholeCodeInThePortFields
[       OK ] FlowKeyFamiliesTest.AnIcmpv6SampleCarriesItsTypeAndItsWholeCodeInThePortFields (0 ms)
[ RUN      ] FlowKeyFamiliesTest.AnIpv4SampleOfAnotherProtocolBanksItsBytesAndIsCountedWithoutBeingAFlow
[       OK ] FlowKeyFamiliesTest.AnIpv4SampleOfAnotherProtocolBanksItsBytesAndIsCountedWithoutBeingAFlow (0 ms)
[ RUN      ] FlowKeyFamiliesTest.AnHpeIcmpSampleCarriesTheRealIcmpTypeRatherThanAConstantZero
[       OK ] FlowKeyFamiliesTest.AnHpeIcmpSampleCarriesTheRealIcmpTypeRatherThanAConstantZero (0 ms)
[ RUN      ] FlowKeyFamiliesTest.AVlanTaggedIpv6SampleIsIdentifiedAsIpv6AfterOneTagIsStripped
[       OK ] FlowKeyFamiliesTest.AVlanTaggedIpv6SampleIsIdentifiedAsIpv6AfterOneTagIsStripped (0 ms)
[----------] 26 tests from FlowKeyFamiliesTest (145 ms total)

[----------] 7 tests from ClassifierDropRule
[ RUN      ] ClassifierDropRule.IngestingARuleWithNoActionsDoesNotCrash
[       OK ] ClassifierDropRule.IngestingARuleWithNoActionsDoesNotCrash (0 ms)
[ RUN      ] ClassifierDropRule.ADropRuleAmongNormalOnesDoesNotCrash
[       OK ] ClassifierDropRule.ADropRuleAmongNormalOnesDoesNotCrash (0 ms)
[ RUN      ] ClassifierDropRule.AnUnparseableOutputTargetAlsoYieldsNoOutputPort
[       OK ] ClassifierDropRule.AnUnparseableOutputTargetAlsoYieldsNoOutputPort (0 ms)
[ RUN      ] ClassifierDropRule.LookupOnATableWhoseOnlyRuleDropsDoesNotCrash
[       OK ] ClassifierDropRule.LookupOnATableWhoseOnlyRuleDropsDoesNotCrash (0 ms)
[ RUN      ] ClassifierDropRule.ANegativePriorityDoesNotCrashTheLookup
[       OK ] ClassifierDropRule.ANegativePriorityDoesNotCrashTheLookup (0 ms)
[ RUN      ] ClassifierDropRule.TheHighestPriorityRuleStillWinsAcrossSubtables
[       OK ] ClassifierDropRule.TheHighestPriorityRuleStillWinsAcrossSubtables (0 ms)
[ RUN      ] ClassifierDropRule.ANormalRuleStillReportsItsOutputPort
[       OK ] ClassifierDropRule.ANormalRuleStillReportsItsOutputPort (0 ms)
[----------] 7 tests from ClassifierDropRule (1 ms total)

[----------] 8 tests from EventBusTest
[ RUN      ] EventBusTest.EmitWithNoHandlersDoesNothing
[       OK ] EventBusTest.EmitWithNoHandlersDoesNothing (0 ms)
[ RUN      ] EventBusTest.DeliversToEveryHandlerForThatType
[       OK ] EventBusTest.DeliversToEveryHandlerForThatType (0 ms)
[ RUN      ] EventBusTest.DoesNotDeliverToHandlersForOtherTypes
[       OK ] EventBusTest.DoesNotDeliverToHandlersForOtherTypes (0 ms)
[ RUN      ] EventBusTest.HandlerCarriesThePayload
[       OK ] EventBusTest.HandlerCarriesThePayload (0 ms)
[ RUN      ] EventBusTest.AHandlerMayRegisterAnotherHandler
[       OK ] EventBusTest.AHandlerMayRegisterAnotherHandler (0 ms)
[ RUN      ] EventBusTest.AHandlerMayEmitAnotherEvent
[       OK ] EventBusTest.AHandlerMayEmitAnotherEvent (0 ms)
[ RUN      ] EventBusTest.AHandlerMayEmitTheSameEventTypeWithoutInfiniteRecursion
[       OK ] EventBusTest.AHandlerMayEmitTheSameEventTypeWithoutInfiniteRecursion (0 ms)
[ RUN      ] EventBusTest.ConcurrentEmitAndRegisterDoNotDeadlock
[       OK ] EventBusTest.ConcurrentEmitAndRegisterDoNotDeadlock (4 ms)
[----------] 8 tests from EventBusTest (4 ms total)

[----------] 11 tests from P4FlowStatsToClassifier
[ RUN      ] P4FlowStatsToClassifier.AnEmptyTableClearsTheRulesItReplaces
[       OK ] P4FlowStatsToClassifier.AnEmptyTableClearsTheRulesItReplaces (0 ms)
[ RUN      ] P4FlowStatsToClassifier.AnEmptyTableStillCountsAsHavingHeardFromTheSwitch
[       OK ] P4FlowStatsToClassifier.AnEmptyTableStillCountsAsHavingHeardFromTheSwitch (0 ms)
[ RUN      ] P4FlowStatsToClassifier.AMalformedTableLeavesTheExistingRulesAlone
[       OK ] P4FlowStatsToClassifier.AMalformedTableLeavesTheExistingRulesAlone (0 ms)
[ RUN      ] P4FlowStatsToClassifier.TheProxyResponseIsIngestedAtAll
[       OK ] P4FlowStatsToClassifier.TheProxyResponseIsIngestedAtAll (0 ms)
[ RUN      ] P4FlowStatsToClassifier.ALookupYieldsANonEmptyOutputPort
[       OK ] P4FlowStatsToClassifier.ALookupYieldsANonEmptyOutputPort (0 ms)
[ RUN      ] P4FlowStatsToClassifier.TheHigherPriorityFiveTupleRuleWins
[       OK ] P4FlowStatsToClassifier.TheHigherPriorityFiveTupleRuleWins (4 ms)
[ RUN      ] P4FlowStatsToClassifier.TrafficNotCoveredByTheFiveTupleRuleFallsBackToTheLpmRoute
[       OK ] P4FlowStatsToClassifier.TrafficNotCoveredByTheFiveTupleRuleFallsBackToTheLpmRoute (0 ms)
[ RUN      ] P4FlowStatsToClassifier.AnObjectFormActionWouldNotHaveWorked
[       OK ] P4FlowStatsToClassifier.AnObjectFormActionWouldNotHaveWorked (0 ms)
[ RUN      ] P4FlowStatsToClassifier.AnEmptyFlowListIsHandledCleanly
[       OK ] P4FlowStatsToClassifier.AnEmptyFlowListIsHandledCleanly (0 ms)
[ RUN      ] P4FlowStatsToClassifier.AVlanMatchIsIngestedRatherThanPoisoningEveryLaterPoll
[       OK ] P4FlowStatsToClassifier.AVlanMatchIsIngestedRatherThanPoisoningEveryLaterPoll (0 ms)
[ RUN      ] P4FlowStatsToClassifier.AVlanRuleDoesNotStopTheSwitchesPolledAfterIt
[       OK ] P4FlowStatsToClassifier.AVlanRuleDoesNotStopTheSwitchesPolledAfterIt (0 ms)
[----------] 11 tests from P4FlowStatsToClassifier (7 ms total)

[----------] 7 tests from OvsLivenessTest
[ RUN      ] OvsLivenessTest.APresentBridgeIsUp
[       OK ] OvsLivenessTest.APresentBridgeIsUp (0 ms)
[ RUN      ] OvsLivenessTest.AnAbsentBridgeIsDown
[       OK ] OvsLivenessTest.AnAbsentBridgeIsDown (0 ms)
[ RUN      ] OvsLivenessTest.AFailedQueryIsUnknownRatherThanDown
[       OK ] OvsLivenessTest.AFailedQueryIsUnknownRatherThanDown (0 ms)
[ RUN      ] OvsLivenessTest.AnEmptyButSuccessfulQueryStillMeansDown
[       OK ] OvsLivenessTest.AnEmptyButSuccessfulQueryStillMeansDown (0 ms)
[ RUN      ] OvsLivenessTest.TheDecisionIsSymmetricSoASwitchCanRecover
[       OK ] OvsLivenessTest.TheDecisionIsSymmetricSoASwitchCanRecover (0 ms)
[ RUN      ] OvsLivenessTest.MatchingIsExactSoSimilarNamesDoNotSatisfyEachOther
[       OK ] OvsLivenessTest.MatchingIsExactSoSimilarNamesDoNotSatisfyEachOther (0 ms)
[ RUN      ] OvsLivenessTest.AnEmptyBridgeNameIsNotMatchedByAccident
[       OK ] OvsLivenessTest.AnEmptyBridgeNameIsNotMatchedByAccident (0 ms)
[----------] 7 tests from OvsLivenessTest (0 ms total)

[----------] 4 tests from FailureRunTest
[ RUN      ] FailureRunTest.OnlyTheFirstFailureOfARunReports
[       OK ] FailureRunTest.OnlyTheFirstFailureOfARunReports (0 ms)
[ RUN      ] FailureRunTest.SuccessWithNoOpenRunSaysNothing
[       OK ] FailureRunTest.SuccessWithNoOpenRunSaysNothing (0 ms)
[ RUN      ] FailureRunTest.RecoveryReportsTheRunLengthExactlyOnce
[       OK ] FailureRunTest.RecoveryReportsTheRunLengthExactlyOnce (0 ms)
[ RUN      ] FailureRunTest.ASecondRunReportsAgainRatherThanStayingQuietForever
[       OK ] FailureRunTest.ASecondRunReportsAgainRatherThanStayingQuietForever (0 ms)
[----------] 4 tests from FailureRunTest (0 ms total)

[----------] 12 tests from CommandStatusTest
[ RUN      ] CommandStatusTest.AnExitCodeIsReportedAsAnExitCodeNotAWaitStatus
[       OK ] CommandStatusTest.AnExitCodeIsReportedAsAnExitCodeNotAWaitStatus (0 ms)
[ RUN      ] CommandStatusTest.TheTwoStatusesThisCommandActuallyProducesAreExplained
[       OK ] CommandStatusTest.TheTwoStatusesThisCommandActuallyProducesAreExplained (0 ms)
[ RUN      ] CommandStatusTest.ASignalledCommandIsNotReportedAsAnExitCode
[       OK ] CommandStatusTest.ASignalledCommandIsNotReportedAsAnExitCode (0 ms)
[ RUN      ] CommandStatusTest.MinusOneIsReportedAsAFailureToReapRatherThanAsSuccess
[       OK ] CommandStatusTest.MinusOneIsReportedAsAFailureToReapRatherThanAsSuccess (0 ms)
[ RUN      ] CommandStatusTest.DecodesAWaitStatusRatherThanPrintingIt
[       OK ] CommandStatusTest.DecodesAWaitStatusRatherThanPrintingIt (0 ms)
[ RUN      ] CommandStatusTest.NamesTheTwoCasesThatSendAnOperatorElsewhere
[       OK ] CommandStatusTest.NamesTheTwoCasesThatSendAnOperatorElsewhere (0 ms)
[ RUN      ] CommandStatusTest.NamesTheToolTheCommandActuallyRan
[       OK ] CommandStatusTest.NamesTheToolTheCommandActuallyRan (0 ms)
[ RUN      ] CommandStatusTest.DoesNotBlameOvsVsctlForAnotherToolsFailure
[       OK ] CommandStatusTest.DoesNotBlameOvsVsctlForAnotherToolsFailure (0 ms)
[ RUN      ] CommandStatusTest.TheSudoHintOnlyAppliesWhenSudoWasUsed
[       OK ] CommandStatusTest.TheSudoHintOnlyAppliesWhenSudoWasUsed (0 ms)
[ RUN      ] CommandStatusTest.SaysSomethingUsefulWithNoCommandAtAll
[       OK ] CommandStatusTest.SaysSomethingUsefulWithNoCommandAtAll (0 ms)
[ RUN      ] CommandStatusTest.ReportsSignalsAndUnreapedChildren
[       OK ] CommandStatusTest.ReportsSignalsAndUnreapedChildren (0 ms)
[ RUN      ] CommandStatusTest.TheNumberInTheMessageIsNeverTheRawStatus
[       OK ] CommandStatusTest.TheNumberInTheMessageIsNeverTheRawStatus (0 ms)
[----------] 12 tests from CommandStatusTest (0 ms total)

[----------] 5 tests from SyntheticPowerTest
[ RUN      ] SyntheticPowerTest.IsAPlausibleWattageForEveryTopologySwitch
[       OK ] SyntheticPowerTest.IsAPlausibleWattageForEveryTopologySwitch (0 ms)
[ RUN      ] SyntheticPowerTest.NeverReportsAnAstronomicalValue
[       OK ] SyntheticPowerTest.NeverReportsAnAstronomicalValue (0 ms)
[ RUN      ] SyntheticPowerTest.IsStableAcrossPollsForTheSameSwitch
[       OK ] SyntheticPowerTest.IsStableAcrossPollsForTheSameSwitch (0 ms)
[ RUN      ] SyntheticPowerTest.SwitchesAreSpreadAcrossTheBandNotBunchedAtOneEnd
[       OK ] SyntheticPowerTest.SwitchesAreSpreadAcrossTheBandNotBunchedAtOneEnd (0 ms)
[ RUN      ] SyntheticPowerTest.AnUnexpectedDpidStillYieldsSomethingPlausible
[       OK ] SyntheticPowerTest.AnUnexpectedDpidStillYieldsSomethingPlausible (0 ms)
[----------] 5 tests from SyntheticPowerTest (0 ms total)

[----------] 9 tests from SimulatedDeviceMetricsTest
[ RUN      ] SimulatedDeviceMetricsTest.CpuReportsUnavailableForEverySwitch
[       OK ] SimulatedDeviceMetricsTest.CpuReportsUnavailableForEverySwitch (0 ms)
[ RUN      ] SimulatedDeviceMetricsTest.MemoryReportsUnavailableForEverySwitch
[       OK ] SimulatedDeviceMetricsTest.MemoryReportsUnavailableForEverySwitch (0 ms)
[ RUN      ] SimulatedDeviceMetricsTest.TemperatureReportsUnavailableForEverySwitch
[       OK ] SimulatedDeviceMetricsTest.TemperatureReportsUnavailableForEverySwitch (0 ms)
[ RUN      ] SimulatedDeviceMetricsTest.CpuAndMemoryNoLongerDifferOnlyByAccident
[       OK ] SimulatedDeviceMetricsTest.CpuAndMemoryNoLongerDifferOnlyByAccident (0 ms)
[ RUN      ] SimulatedDeviceMetricsTest.NoTwoSwitchesShareAFabricatedNumber
[       OK ] SimulatedDeviceMetricsTest.NoTwoSwitchesShareAFabricatedNumber (0 ms)
[ RUN      ] SimulatedDeviceMetricsTest.TheIntentTranslatorsPerDeviceQueryAgreesWithTheMap
[       OK ] SimulatedDeviceMetricsTest.TheIntentTranslatorsPerDeviceQueryAgreesWithTheMap (0 ms)
[ RUN      ] SimulatedDeviceMetricsTest.ADownSwitchStillReportsTheSameSentinel
[       OK ] SimulatedDeviceMetricsTest.ADownSwitchStillReportsTheSameSentinel (0 ms)
[ RUN      ] SimulatedDeviceMetricsTest.AVertexWithNoIpIsSkippedRatherThanDereferenced
[       OK ] SimulatedDeviceMetricsTest.AVertexWithNoIpIsSkippedRatherThanDereferenced (0 ms)
[ RUN      ] SimulatedDeviceMetricsTest.HostsAreStillOmittedFromEveryReport
[       OK ] SimulatedDeviceMetricsTest.HostsAreStillOmittedFromEveryReport (0 ms)
[----------] 9 tests from SimulatedDeviceMetricsTest (1 ms total)

[----------] 7 tests from KeyedFailureLogTest
[ RUN      ] KeyedFailureLogTest.AFailureIsReportedOnceThenStaysQuiet
[       OK ] KeyedFailureLogTest.AFailureIsReportedOnceThenStaysQuiet (2 ms)
[ RUN      ] KeyedFailureLogTest.RecoveryIsReportedWithHowLongItLasted
[       OK ] KeyedFailureLogTest.RecoveryIsReportedWithHowLongItLasted (0 ms)
[ RUN      ] KeyedFailureLogTest.RecoveryIsReportedOnlyOnce
[       OK ] KeyedFailureLogTest.RecoveryIsReportedOnlyOnce (0 ms)
[ RUN      ] KeyedFailureLogTest.AFailureThatReturnsIsReportedAgain
[       OK ] KeyedFailureLogTest.AFailureThatReturnsIsReportedAgain (0 ms)
[ RUN      ] KeyedFailureLogTest.DistinctFailuresAreTrackedIndependently
[       OK ] KeyedFailureLogTest.DistinctFailuresAreTrackedIndependently (0 ms)
[ RUN      ] KeyedFailureLogTest.RepeatsWithinOnePassCountAsOne
[       OK ] KeyedFailureLogTest.RepeatsWithinOnePassCountAsOne (0 ms)
[ RUN      ] KeyedFailureLogTest.AQuietLoopReportsNothingAtAll
[       OK ] KeyedFailureLogTest.AQuietLoopReportsNothingAtAll (0 ms)
[----------] 7 tests from KeyedFailureLogTest (3 ms total)

[----------] 5 tests from KeyedFailureLogHoldOffTest
[ RUN      ] KeyedFailureLogHoldOffTest.AFailureShorterThanTheHoldOffIsNeverReported
[       OK ] KeyedFailureLogHoldOffTest.AFailureShorterThanTheHoldOffIsNeverReported (0 ms)
[ RUN      ] KeyedFailureLogHoldOffTest.AFailureThatOutlastsTheHoldOffIsReportedOnce
[       OK ] KeyedFailureLogHoldOffTest.AFailureThatOutlastsTheHoldOffIsReportedOnce (0 ms)
[ RUN      ] KeyedFailureLogHoldOffTest.RecoveryIsReportedOnlyForAFailureThatWasReported
[       OK ] KeyedFailureLogHoldOffTest.RecoveryIsReportedOnlyForAFailureThatWasReported (0 ms)
[ RUN      ] KeyedFailureLogHoldOffTest.TheHoldOffIsPerKeyNotGlobal
[       OK ] KeyedFailureLogHoldOffTest.TheHoldOffIsPerKeyNotGlobal (0 ms)
[ RUN      ] KeyedFailureLogHoldOffTest.ZeroHoldOffKeepsTheImmediateBehaviour
[       OK ] KeyedFailureLogHoldOffTest.ZeroHoldOffKeepsTheImmediateBehaviour (0 ms)
[----------] 5 tests from KeyedFailureLogHoldOffTest (0 ms total)

[----------] 7 tests from KeyedFailureLogForgetWindowTest
[ RUN      ] KeyedFailureLogForgetWindowTest.ARepeatedlyInterruptedFailureIsStillReported
[       OK ] KeyedFailureLogForgetWindowTest.ARepeatedlyInterruptedFailureIsStillReported (146 ms)
[ RUN      ] KeyedFailureLogForgetWindowTest.AFlappingFailureAccumulatesTowardsTheHoldOff
[       OK ] KeyedFailureLogForgetWindowTest.AFlappingFailureAccumulatesTowardsTheHoldOff (0 ms)
[ RUN      ] KeyedFailureLogForgetWindowTest.AGapLongerThanTheForgetWindowDoesRestartTheHoldOff
[       OK ] KeyedFailureLogForgetWindowTest.AGapLongerThanTheForgetWindowDoesRestartTheHoldOff (0 ms)
[ RUN      ] KeyedFailureLogForgetWindowTest.TheForgetWindowCanBeSetIndependently
[       OK ] KeyedFailureLogForgetWindowTest.TheForgetWindowCanBeSetIndependently (0 ms)
[ RUN      ] KeyedFailureLogForgetWindowTest.AStaleEntryIsForgottenEvenIfNoPassRanDuringTheGap
[       OK ] KeyedFailureLogForgetWindowTest.AStaleEntryIsForgottenEvenIfNoPassRanDuringTheGap (0 ms)
[ RUN      ] KeyedFailureLogForgetWindowTest.AReportedFailureThatVanishesWithNoFurtherPassesStillRecovers
[       OK ] KeyedFailureLogForgetWindowTest.AReportedFailureThatVanishesWithNoFurtherPassesStillRecovers (0 ms)
[ RUN      ] KeyedFailureLogForgetWindowTest.AZeroHoldOffForgetsImmediatelyAsBefore
[       OK ] KeyedFailureLogForgetWindowTest.AZeroHoldOffForgetsImmediatelyAsBefore (0 ms)
[----------] 7 tests from KeyedFailureLogForgetWindowTest (147 ms total)

[----------] 4 tests from IpToStringTest
[ RUN      ] IpToStringTest.ConvertsKnownAddresses
[       OK ] IpToStringTest.ConvertsKnownAddresses (0 ms)
[ RUN      ] IpToStringTest.ConcurrentCallersEachGetTheirOwnAnswer
[       OK ] IpToStringTest.ConcurrentCallersEachGetTheirOwnAnswer (10 ms)
[ RUN      ] IpToStringTest.TheVectorOverloadIsAlsoSafeAndPreservesOrder
[       OK ] IpToStringTest.TheVectorOverloadIsAlsoSafeAndPreservesOrder (10 ms)
[ RUN      ] IpToStringTest.RoundTripsThroughIpStringToUint32
[       OK ] IpToStringTest.RoundTripsThroughIpStringToUint32 (0 ms)
[----------] 4 tests from IpToStringTest (21 ms total)

[----------] 7 tests from TryMacToUint64Test
[ RUN      ] TryMacToUint64Test.AWellFormedMacParses
[       OK ] TryMacToUint64Test.AWellFormedMacParses (0 ms)
[ RUN      ] TryMacToUint64Test.TheDashSeparatorIsAcceptedToo
[       OK ] TryMacToUint64Test.TheDashSeparatorIsAcceptedToo (0 ms)
[ RUN      ] TryMacToUint64Test.AMacOneDigitShortIsRefusedRatherThanSilentlyWrong
[       OK ] TryMacToUint64Test.AMacOneDigitShortIsRefusedRatherThanSilentlyWrong (0 ms)
[ RUN      ] TryMacToUint64Test.AnythingThatIsNotExactlySeventeenCharactersIsRefused
[       OK ] TryMacToUint64Test.AnythingThatIsNotExactlySeventeenCharactersIsRefused (0 ms)
[ RUN      ] TryMacToUint64Test.TheSeparatorsMustActuallyBeSeparators
[       OK ] TryMacToUint64Test.TheSeparatorsMustActuallyBeSeparators (0 ms)
[ RUN      ] TryMacToUint64Test.NonHexDigitsAreRefused
[       OK ] TryMacToUint64Test.NonHexDigitsAreRefused (0 ms)
[ RUN      ] TryMacToUint64Test.TheThrowingWrapperStillThrowsAndOnTheSameInputs
[       OK ] TryMacToUint64Test.TheThrowingWrapperStillThrowsAndOnTheSameInputs (4 ms)
[----------] 7 tests from TryMacToUint64Test (4 ms total)

[----------] 9 tests from FlowDispatcherTest
[ RUN      ] FlowDispatcherTest.DeliversWhatWasEnqueued
[       OK ] FlowDispatcherTest.DeliversWhatWasEnqueued (2 ms)
[ RUN      ] FlowDispatcherTest.StopReturnsRatherThanDeadlockingOnAnIdleWorker
[       OK ] FlowDispatcherTest.StopReturnsRatherThanDeadlockingOnAnIdleWorker (2 ms)
[ RUN      ] FlowDispatcherTest.StopIsSafeWhileJobsAreStillArriving
[       OK ] FlowDispatcherTest.StopIsSafeWhileJobsAreStillArriving (2 ms)
[ RUN      ] FlowDispatcherTest.EnqueueAfterStopIsDroppedRatherThanSpawningAnUnownedThread
[       OK ] FlowDispatcherTest.EnqueueAfterStopIsDroppedRatherThanSpawningAnUnownedThread (52 ms)
[ RUN      ] FlowDispatcherTest.StopIsIdempotentBecauseTheDestructorCallsItToo
[       OK ] FlowDispatcherTest.StopIsIdempotentBecauseTheDestructorCallsItToo (2 ms)
[ RUN      ] FlowDispatcherTest.EnqueueBeforeStartDoesNotRunWork
[       OK ] FlowDispatcherTest.EnqueueBeforeStartDoesNotRunWork (52 ms)
[ RUN      ] FlowDispatcherTest.DeterministicNoLostWakeupWhenEnqueueRacesWithWorkerSleep
[       OK ] FlowDispatcherTest.DeterministicNoLostWakeupWhenEnqueueRacesWithWorkerSleep (6 ms)
[ RUN      ] FlowDispatcherTest.JobsDroppedAfterStopAreCountedAndNotSilent
[       OK ] FlowDispatcherTest.JobsDroppedAfterStopAreCountedAndNotSilent (2 ms)
[ RUN      ] FlowDispatcherTest.RunningTellsAZeroDropCountApartFromAStoppedQueue
[       OK ] FlowDispatcherTest.RunningTellsAZeroDropCountApartFromAStoppedQueue (0 ms)
[----------] 9 tests from FlowDispatcherTest (124 ms total)

[----------] 22 tests from DispatchOutcomeLogTest
[ RUN      ] DispatchOutcomeLogTest.SuccessesAreCountedButNotStored
[       OK ] DispatchOutcomeLogTest.SuccessesAreCountedButNotStored (0 ms)
[ RUN      ] DispatchOutcomeLogTest.AFailureKeepsEnoughIdentityToActOn
[       OK ] DispatchOutcomeLogTest.AFailureKeepsEnoughIdentityToActOn (0 ms)
[ RUN      ] DispatchOutcomeLogTest.UnreachableControllerIsDistinguishableFromRefusal
[       OK ] DispatchOutcomeLogTest.UnreachableControllerIsDistinguishableFromRefusal (0 ms)
[ RUN      ] DispatchOutcomeLogTest.ASuccessBurstDoesNotEvictAnEarlierFailure
[       OK ] DispatchOutcomeLogTest.ASuccessBurstDoesNotEvictAnEarlierFailure (8 ms)
[ RUN      ] DispatchOutcomeLogTest.OverflowDropsTheOldestAndSaysHowMany
[       OK ] DispatchOutcomeLogTest.OverflowDropsTheOldestAndSaysHowMany (0 ms)
[ RUN      ] DispatchOutcomeLogTest.SeqIsGlobalSoGapsBetweenFailuresAreVisible
[       OK ] DispatchOutcomeLogTest.SeqIsGlobalSoGapsBetweenFailuresAreVisible (0 ms)
[ RUN      ] DispatchOutcomeLogTest.ConcurrentRecordersLoseNothing
[       OK ] DispatchOutcomeLogTest.ConcurrentRecordersLoseNothing (9 ms)
[ RUN      ] DispatchOutcomeLogTest.EveryOpHasAName
[       OK ] DispatchOutcomeLogTest.EveryOpHasAName (0 ms)
[ RUN      ] DispatchOutcomeLogTest.ZeroCapacityStillKeepsOneRatherThanDividingByZero
[       OK ] DispatchOutcomeLogTest.ZeroCapacityStillKeepsOneRatherThanDividingByZero (0 ms)
[ RUN      ] DispatchOutcomeLogTest.TheSameMatchDispatchedTwentyTimesCountsTwentyDispatches
[       OK ] DispatchOutcomeLogTest.TheSameMatchDispatchedTwentyTimesCountsTwentyDispatches (0 ms)
[ RUN      ] DispatchOutcomeLogTest.AnOvsDispatchIsUnknownAtTheSwitchAndNotAnAcceptance
[       OK ] DispatchOutcomeLogTest.AnOvsDispatchIsUnknownAtTheSwitchAndNotAnAcceptance (0 ms)
[ RUN      ] DispatchOutcomeLogTest.AConfirmedP4DispatchIsAnAcceptanceBySwitch
[       OK ] DispatchOutcomeLogTest.AConfirmedP4DispatchIsAnAcceptanceBySwitch (0 ms)
[ RUN      ] DispatchOutcomeLogTest.ANoOpDeleteIsNotAnAcceptanceBySwitch
[       OK ] DispatchOutcomeLogTest.ANoOpDeleteIsNotAnAcceptanceBySwitch (0 ms)
[ RUN      ] DispatchOutcomeLogTest.TheSwitchSideGroupClosesAgainstDispatched
[       OK ] DispatchOutcomeLogTest.TheSwitchSideGroupClosesAgainstDispatched (0 ms)
[ RUN      ] DispatchOutcomeLogTest.AnUnansweredRequestBlamesNoSwitch
[       OK ] DispatchOutcomeLogTest.AnUnansweredRequestBlamesNoSwitch (0 ms)
[ RUN      ] DispatchOutcomeLogTest.TheTwoSwitchSideBitsAreNeverBothSet
[       OK ] DispatchOutcomeLogTest.TheTwoSwitchSideBitsAreNeverBothSet (0 ms)
[ RUN      ] DispatchOutcomeLogTest.TwoRequestsDoNotPolluteEachOther
[       OK ] DispatchOutcomeLogTest.TwoRequestsDoNotPolluteEachOther (0 ms)
[ RUN      ] DispatchOutcomeLogTest.ARequestStillDrainingSaysSoRatherThanLookingFinished
[       OK ] DispatchOutcomeLogTest.ARequestStillDrainingSaysSoRatherThanLookingFinished (0 ms)
[ RUN      ] DispatchOutcomeLogTest.AnUnregisteredRequestIsNotInvented
[       OK ] DispatchOutcomeLogTest.AnUnregisteredRequestIsNotInvented (0 ms)
[ RUN      ] DispatchOutcomeLogTest.ReRegisteringAnIdDoesNotResetItsCounts
[       OK ] DispatchOutcomeLogTest.ReRegisteringAnIdDoesNotResetItsCounts (0 ms)
[ RUN      ] DispatchOutcomeLogTest.TheOldestRequestAgesOutAndTheLogSaysHowMany
[       OK ] DispatchOutcomeLogTest.TheOldestRequestAgesOutAndTheLogSaysHowMany (0 ms)
[ RUN      ] DispatchOutcomeLogTest.TheFailureRingIsAsLargeAsADispatcherBurst
[       OK ] DispatchOutcomeLogTest.TheFailureRingIsAsLargeAsADispatcherBurst (0 ms)
[----------] 22 tests from DispatchOutcomeLogTest (19 ms total)

[----------] 6 tests from PendingEntryFilterTest
[ RUN      ] PendingEntryFilterTest.APendingEntryIsWithheldUntilConfirmed
[       OK ] PendingEntryFilterTest.APendingEntryIsWithheldUntilConfirmed (0 ms)
[ RUN      ] PendingEntryFilterTest.AConfirmedEntryIsServedAndLosesItsStamp
[       OK ] PendingEntryFilterTest.AConfirmedEntryIsServedAndLosesItsStamp (0 ms)
[ RUN      ] PendingEntryFilterTest.PolledEntriesAreNeverTouchedEvenWhenNothingIsConfirmed
[       OK ] PendingEntryFilterTest.PolledEntriesAreNeverTouchedEvenWhenNothingIsConfirmed (0 ms)
[ RUN      ] PendingEntryFilterTest.TheFilterIsKeyedOnProvenanceNotOnLookingLikeARequest
[       OK ] PendingEntryFilterTest.TheFilterIsKeyedOnProvenanceNotOnLookingLikeARequest (0 ms)
[ RUN      ] PendingEntryFilterTest.AnUnwiredPredicateWithholdsRatherThanRestoresThePhantom
[       OK ] PendingEntryFilterTest.AnUnwiredPredicateWithholdsRatherThanRestoresThePhantom (0 ms)
[ RUN      ] PendingEntryFilterTest.MalformedShapesAreLeftAloneRatherThanThrowing
[       OK ] PendingEntryFilterTest.MalformedShapesAreLeftAloneRatherThanThrowing (0 ms)
[----------] 6 tests from PendingEntryFilterTest (0 ms total)

[----------] 2 tests from ProgrammedTokenTest
[ RUN      ] ProgrammedTokenTest.OnlyAnAdjudicatingSouthboundSuccessConfirmsAToken
[       OK ] ProgrammedTokenTest.OnlyAnAdjudicatingSouthboundSuccessConfirmsAToken (0 ms)
[ RUN      ] ProgrammedTokenTest.ForgettingATokenHidesARealEntryRatherThanShowingAPhantom
[       OK ] ProgrammedTokenTest.ForgettingATokenHidesARealEntryRatherThanShowingAPhantom (10 ms)
[----------] 2 tests from ProgrammedTokenTest (10 ms total)

[----------] 11 tests from ControllerTest
[ RUN      ] ControllerTest.EachFlowOpReachesItsOwnManagerMethod
[       OK ] ControllerTest.EachFlowOpReachesItsOwnManagerMethod (2 ms)
[ RUN      ] ControllerTest.TheJobsFieldsArePassedThroughRatherThanDefaulted
[       OK ] ControllerTest.TheJobsFieldsArePassedThroughRatherThanDefaulted (2 ms)
[ RUN      ] ControllerTest.ADeleteKeepsItsPriorityIncludingTheNonStrictDefault
[       OK ] ControllerTest.ADeleteKeepsItsPriorityIncludingTheNonStrictDefault (2 ms)
[ RUN      ] ControllerTest.AFailedResultDoesNotStopTheRestOfTheBatch
[       OK ] ControllerTest.AFailedResultDoesNotStopTheRestOfTheBatch (3 ms)
[ RUN      ] ControllerTest.ASuccessfulResultIsAlsoFineAndNothingIsRetried
[       OK ] ControllerTest.ASuccessfulResultIsAlsoFineAndNothingIsRetried (102 ms)
[ RUN      ] ControllerTest.AFailedDispatchIsReportedWithTheDpidAndTheControllersReply
[       OK ] ControllerTest.AFailedDispatchIsReportedWithTheDpidAndTheControllersReply (2 ms)
[ RUN      ] ControllerTest.EachOperationNamesItselfWhenItFails
[       OK ] ControllerTest.EachOperationNamesItselfWhenItFails (7 ms)
[ RUN      ] ControllerTest.ASuccessfulDispatchReportsNothing
[       OK ] ControllerTest.ASuccessfulDispatchReportsNothing (82 ms)
[ RUN      ] ControllerTest.AFailedDispatchReachesTheDispatchOutcomeLog
[       OK ] ControllerTest.AFailedDispatchReachesTheDispatchOutcomeLog (2 ms)
[ RUN      ] ControllerTest.ASuccessfulDispatchIsCountedEvenThoughNothingIsStored
[       OK ] ControllerTest.ASuccessfulDispatchIsCountedEvenThoughNothingIsStored (2 ms)
[ RUN      ] ControllerTest.EveryOperationsFailureIsRecordedNotJustInstalls
[       OK ] ControllerTest.EveryOperationsFailureIsRecordedNotJustInstalls (7 ms)
[----------] 11 tests from ControllerTest (218 ms total)

[----------] 5 tests from TryIpStringToUint32Test
[ RUN      ] TryIpStringToUint32Test.ParsesDottedQuads
[       OK ] TryIpStringToUint32Test.ParsesDottedQuads (0 ms)
[ RUN      ] TryIpStringToUint32Test.RejectsTheStringThatUsedToProduceA500
[       OK ] TryIpStringToUint32Test.RejectsTheStringThatUsedToProduceA500 (0 ms)
[ RUN      ] TryIpStringToUint32Test.RejectsEmptyRatherThanTreatingItAsZero
[       OK ] TryIpStringToUint32Test.RejectsEmptyRatherThanTreatingItAsZero (0 ms)
[ RUN      ] TryIpStringToUint32Test.RejectsOutOfRangeOctetsAndGarbage
[       OK ] TryIpStringToUint32Test.RejectsOutOfRangeOctetsAndGarbage (0 ms)
[ RUN      ] TryIpStringToUint32Test.TheShortFormsInetAtonAcceptsAreDocumentedNotAssumed
[       OK ] TryIpStringToUint32Test.TheShortFormsInetAtonAcceptsAreDocumentedNotAssumed (0 ms)
[----------] 5 tests from TryIpStringToUint32Test (0 ms total)

[----------] 6 tests from TryParseUint64Test
[ RUN      ] TryParseUint64Test.ParsesPlainDigits
[       OK ] TryParseUint64Test.ParsesPlainDigits (0 ms)
[ RUN      ] TryParseUint64Test.RejectsTheStringThatUsedToProduceA500
[       OK ] TryParseUint64Test.RejectsTheStringThatUsedToProduceA500 (0 ms)
[ RUN      ] TryParseUint64Test.IsStricterThanStoullSoAMistypedDpidIsRefused
[       OK ] TryParseUint64Test.IsStricterThanStoullSoAMistypedDpidIsRefused (0 ms)
[ RUN      ] TryParseUint64Test.RefusesSomethingTooLargeRatherThanWrapping
[       OK ] TryParseUint64Test.RefusesSomethingTooLargeRatherThanWrapping (4 ms)
[ RUN      ] TryParseUint64Test.RejectsEmpty
[       OK ] TryParseUint64Test.RejectsEmpty (0 ms)
[ RUN      ] TryParseUint64Test.DoesNotThrowOnAnythingItRejects
[       OK ] TryParseUint64Test.DoesNotThrowOnAnythingItRejects (0 ms)
[----------] 6 tests from TryParseUint64Test (5 ms total)

[----------] 9 tests from QueryParamTest
[ RUN      ] QueryParamTest.ReadsAValueByName
[       OK ] QueryParamTest.ReadsAValueByName (0 ms)
[ RUN      ] QueryParamTest.ReadsAValueThatIsNotTheFirstOrTheLast
[       OK ] QueryParamTest.ReadsAValueThatIsNotTheFirstOrTheLast (0 ms)
[ RUN      ] QueryParamTest.AnAbsentKeyAndAnAbsentQueryStringBothGiveEmpty
[       OK ] QueryParamTest.AnAbsentKeyAndAnAbsentQueryStringBothGiveEmpty (0 ms)
[ RUN      ] QueryParamTest.AnEmptyValueIsIndistinguishableFromAMissingOne
[       OK ] QueryParamTest.AnEmptyValueIsIndistinguishableFromAMissingOne (0 ms)
[ RUN      ] QueryParamTest.TheValueStopsAtTheNextAmpersand
[       OK ] QueryParamTest.TheValueStopsAtTheNextAmpersand (0 ms)
[ RUN      ] QueryParamTest.KeysAreComparedExactlyAndPrefixesDoNotMatch
[       OK ] QueryParamTest.KeysAreComparedExactlyAndPrefixesDoNotMatch (0 ms)
[ RUN      ] QueryParamTest.APairWithNoEqualsIsSkippedAndOnlyStopsTheScanWhenNoEqualsRemains
[       OK ] QueryParamTest.APairWithNoEqualsIsSkippedAndOnlyStopsTheScanWhenNoEqualsRemains (0 ms)
[ RUN      ] QueryParamTest.NoPercentDecodingAndNoPlusAsSpace
[       OK ] QueryParamTest.NoPercentDecodingAndNoPlusAsSpace (0 ms)
[ RUN      ] QueryParamTest.AQuestionMarkInsideAValueDoesNotRestartParsing
[       OK ] QueryParamTest.AQuestionMarkInsideAValueDoesNotRestartParsing (0 ms)
[----------] 9 tests from QueryParamTest (0 ms total)

[----------] 4 tests from TryParseHexUint64Test
[ RUN      ] TryParseHexUint64Test.ParsesHexDigitsInEitherCase
[       OK ] TryParseHexUint64Test.ParsesHexDigitsInEitherCase (0 ms)
[ RUN      ] TryParseHexUint64Test.RejectsTheStringsThatUsedToTerminateTheKernel
[       OK ] TryParseHexUint64Test.RejectsTheStringsThatUsedToTerminateTheKernel (0 ms)
[ RUN      ] TryParseHexUint64Test.IsStricterThanStoullSoAMistypedDpidIsRefused
[       OK ] TryParseHexUint64Test.IsStricterThanStoullSoAMistypedDpidIsRefused (0 ms)
[ RUN      ] TryParseHexUint64Test.RefusesRatherThanWrappingOnOverflow
[       OK ] TryParseHexUint64Test.RefusesRatherThanWrappingOnOverflow (0 ms)
[----------] 4 tests from TryParseHexUint64Test (0 ms total)

[----------] 8 tests from ExecArgvTest
[ RUN      ] ExecArgvTest.PassesAnArgumentThroughUnchangedNoMatterWhatIsInIt
[       OK ] ExecArgvTest.PassesAnArgumentThroughUnchangedNoMatterWhatIsInIt (3 ms)
[ RUN      ] ExecArgvTest.KeepsArgumentsSeparateEvenWhenTheyContainSpacesAndQuotes
[       OK ] ExecArgvTest.KeepsArgumentsSeparateEvenWhenTheyContainSpacesAndQuotes (2 ms)
[ RUN      ] ExecArgvTest.DoesNotInterpretShellMetacharactersInAnyPosition
[       OK ] ExecArgvTest.DoesNotInterpretShellMetacharactersInAnyPosition (15 ms)
[ RUN      ] ExecArgvTest.ReportsThatItRanEvenWhenTheProgramFailed
Command failed (exit code 1): /bin/false
[       OK ] ExecArgvTest.ReportsThatItRanEvenWhenTheProgramFailed (2 ms)
[ RUN      ] ExecArgvTest.ReportsExitOneTwentySevenWhenTheProgramIsNotThere
Command failed (exit code 127 (command not found -- is ndtwin-no-such-program-a6f9 installed?)): /nonexistent/ndtwin-no-such-program-a6f9
[       OK ] ExecArgvTest.ReportsExitOneTwentySevenWhenTheProgramIsNotThere (1 ms)
[ RUN      ] ExecArgvTest.RefusesAnEmptyArgv
[       OK ] ExecArgvTest.RefusesAnEmptyArgv (0 ms)
[ RUN      ] ExecArgvTest.CapturesLargeOutputWithoutTruncatingOrDeadlocking
[       OK ] ExecArgvTest.CapturesLargeOutputWithoutTruncatingOrDeadlocking (3 ms)
[ RUN      ] ExecArgvTest.RunsAShellOnlyWhenTheCallerNamesOneAsTheProgram
[       OK ] ExecArgvTest.RunsAShellOnlyWhenTheCallerNamesOneAsTheProgram (1 ms)
[----------] 8 tests from ExecArgvTest (30 ms total)

[----------] 1 test from DescribeArgvTest
[ RUN      ] DescribeArgvTest.RendersForHumansAndIsNotAShellQuoter
[       OK ] DescribeArgvTest.RendersForHumansAndIsNotAShellQuoter (0 ms)
[----------] 1 test from DescribeArgvTest (0 ms total)

[----------] 12 tests from SimulationRequestValidationTest
[ RUN      ] SimulationRequestValidationTest.AcceptsTheBodyTheRealCallerSends
[       OK ] SimulationRequestValidationTest.AcceptsTheBodyTheRealCallerSends (0 ms)
[ RUN      ] SimulationRequestValidationTest.RejectsTheBodyThatUsedToReturn202
[       OK ] SimulationRequestValidationTest.RejectsTheBodyThatUsedToReturn202 (0 ms)
[ RUN      ] SimulationRequestValidationTest.TheRequiredFieldListIsExactlyWhatTheSimulatorNeeds
[       OK ] SimulationRequestValidationTest.TheRequiredFieldListIsExactlyWhatTheSimulatorNeeds (0 ms)
[ RUN      ] SimulationRequestValidationTest.RejectsAnEmptyObjectAndNamesEveryMissingField
[       OK ] SimulationRequestValidationTest.RejectsAnEmptyObjectAndNamesEveryMissingField (0 ms)
[ RUN      ] SimulationRequestValidationTest.EachRequiredFieldIsIndividuallyRequired
[       OK ] SimulationRequestValidationTest.EachRequiredFieldIsIndividuallyRequired (0 ms)
[ RUN      ] SimulationRequestValidationTest.RejectsNullAsAbsentRatherThanForwardingTheWordNull
[       OK ] SimulationRequestValidationTest.RejectsNullAsAbsentRatherThanForwardingTheWordNull (0 ms)
[ RUN      ] SimulationRequestValidationTest.RejectsAFieldOfTheWrongTypeAndSaysWhatItGot
[       OK ] SimulationRequestValidationTest.RejectsAFieldOfTheWrongTypeAndSaysWhatItGot (0 ms)
[ RUN      ] SimulationRequestValidationTest.ReportsMissingAndWrongTypedFieldsTogether
[       OK ] SimulationRequestValidationTest.ReportsMissingAndWrongTypedFieldsTogether (0 ms)
[ RUN      ] SimulationRequestValidationTest.RejectsValidJsonThatIsNotAnObject
[       OK ] SimulationRequestValidationTest.RejectsValidJsonThatIsNotAnObject (0 ms)
[ RUN      ] SimulationRequestValidationTest.IgnoresExtraFields
[       OK ] SimulationRequestValidationTest.IgnoresExtraFields (0 ms)
[ RUN      ] SimulationRequestValidationTest.NeverThrowsWhateverItIsGiven
[       OK ] SimulationRequestValidationTest.NeverThrowsWhateverItIsGiven (1 ms)
[ RUN      ] SimulationRequestValidationTest.ShapeCheckIsStillNotASanitiserAndNoLongerNeedsToBe
[       OK ] SimulationRequestValidationTest.ShapeCheckIsStillNotASanitiserAndNoLongerNeedsToBe (0 ms)
[----------] 12 tests from SimulationRequestValidationTest (2 ms total)

[----------] 4 tests from SimulationCompletedAppIdTest
[ RUN      ] SimulationCompletedAppIdTest.RejectsWhatStoiWouldHaveThrownOn
[       OK ] SimulationCompletedAppIdTest.RejectsWhatStoiWouldHaveThrownOn (0 ms)
[ RUN      ] SimulationCompletedAppIdTest.RejectsWhatStoiWouldHaveSilentlyTruncated
[       OK ] SimulationCompletedAppIdTest.RejectsWhatStoiWouldHaveSilentlyTruncated (0 ms)
[ RUN      ] SimulationCompletedAppIdTest.AcceptsTheDocumentedForm
[       OK ] SimulationCompletedAppIdTest.AcceptsTheDocumentedForm (0 ms)
[ RUN      ] SimulationCompletedAppIdTest.SomethingTooBigForIntParsesSoTheRangeCheckIsWhatMustRejectIt
[       OK ] SimulationCompletedAppIdTest.SomethingTooBigForIntParsesSoTheRangeCheckIsWhatMustRejectIt (0 ms)
[----------] 4 tests from SimulationCompletedAppIdTest (0 ms total)

[----------] 32 tests from OvsPowerStrategyTest
[ RUN      ] OvsPowerStrategyTest.PowerOffSavesThePortsThenDeletesTheBridge
[       OK ] OvsPowerStrategyTest.PowerOffSavesThePortsThenDeletesTheBridge (0 ms)
[ RUN      ] OvsPowerStrategyTest.PowerOffRefusesWhenItCannotReadThePorts
[       OK ] OvsPowerStrategyTest.PowerOffRefusesWhenItCannotReadThePorts (0 ms)
[ RUN      ] OvsPowerStrategyTest.PowerOffDistinguishesABridgeWithNoPortsFromAFailedQuery
[       OK ] OvsPowerStrategyTest.PowerOffDistinguishesABridgeWithNoPortsFromAFailedQuery (0 ms)
[ RUN      ] OvsPowerStrategyTest.PowerOffLeavesTheVertexUpWhenACommandFails
[       OK ] OvsPowerStrategyTest.PowerOffLeavesTheVertexUpWhenACommandFails (0 ms)
[ RUN      ] OvsPowerStrategyTest.PowerOffTearsDownABridgeThatExistsThoughTheGraphSaysDown
[       OK ] OvsPowerStrategyTest.PowerOffTearsDownABridgeThatExistsThoughTheGraphSaysDown (0 ms)
[ RUN      ] OvsPowerStrategyTest.PowerOffOnAnAbsentBridgeSucceedsWithoutDeletingAnythingAndStillRecordsTheCommand
[       OK ] OvsPowerStrategyTest.PowerOffOnAnAbsentBridgeSucceedsWithoutDeletingAnythingAndStillRecordsTheCommand (0 ms)
[ RUN      ] OvsPowerStrategyTest.ASecondPowerOffOnAStillRunningSwitchIsNotSwallowedByTheFirst
[       OK ] OvsPowerStrategyTest.ASecondPowerOffOnAStillRunningSwitchIsNotSwallowedByTheFirst (0 ms)
[ RUN      ] OvsPowerStrategyTest.PowerOffAttemptsTheTeardownWhenItCannotAskWhetherTheBridgeExists
[       OK ] OvsPowerStrategyTest.PowerOffAttemptsTheTeardownWhenItCannotAskWhetherTheBridgeExists (0 ms)
[ RUN      ] OvsPowerStrategyTest.PowerOffStillRefusesWhenTheBridgeIsThereButItsPortsCannotBeRead
[       OK ] OvsPowerStrategyTest.PowerOffStillRefusesWhenTheBridgeIsThereButItsPortsCannotBeRead (0 ms)
[ RUN      ] OvsPowerStrategyTest.PowerOnRecreatesTheBridgeWithTheSavedPorts
[       OK ] OvsPowerStrategyTest.PowerOnRecreatesTheBridgeWithTheSavedPorts (0 ms)
[ RUN      ] OvsPowerStrategyTest.PowerOnSetsTheDatapathIdAsSixteenHexDigits
[       OK ] OvsPowerStrategyTest.PowerOnSetsTheDatapathIdAsSixteenHexDigits (0 ms)
[ RUN      ] OvsPowerStrategyTest.PowerOnDoesNotMarkUpWhenACommandFails
[       OK ] OvsPowerStrategyTest.PowerOnDoesNotMarkUpWhenACommandFails (0 ms)
[ RUN      ] OvsPowerStrategyTest.AFailedPortCommandFailsTheWholeOperation
[       OK ] OvsPowerStrategyTest.AFailedPortCommandFailsTheWholeOperation (0 ms)
[ RUN      ] OvsPowerStrategyTest.PowerOnOnAnAlreadyUpSwitchDoesNothing
[       OK ] OvsPowerStrategyTest.PowerOnOnAnAlreadyUpSwitchDoesNothing (0 ms)
[ RUN      ] OvsPowerStrategyTest.PowerOnDoesNotBlindAddBrWhenTheBridgeIsAlreadyThere
[       OK ] OvsPowerStrategyTest.PowerOnDoesNotBlindAddBrWhenTheBridgeIsAlreadyThere (0 ms)
[ RUN      ] OvsPowerStrategyTest.PowerOnOnAnExistingBridgeWithdrawsAStandingPowerOffCommand
[       OK ] OvsPowerStrategyTest.PowerOnOnAnExistingBridgeWithdrawsAStandingPowerOffCommand (0 ms)
[ RUN      ] OvsPowerStrategyTest.PowerOnBuildsTheBridgeWhenTheMachineSaysItIsNotThere
[       OK ] OvsPowerStrategyTest.PowerOnBuildsTheBridgeWhenTheMachineSaysItIsNotThere (0 ms)
[ RUN      ] OvsPowerStrategyTest.PowerOnWithNoSavedPortsStillReportsSuccessButBuildsAnEmptyBridge
[       OK ] OvsPowerStrategyTest.PowerOnWithNoSavedPortsStillReportsSuccessButBuildsAnEmptyBridge (0 ms)
[ RUN      ] OvsPowerStrategyTest.PowerOffReadsTheSflowRecordBeforeItDeletesTheBridge
[       OK ] OvsPowerStrategyTest.PowerOffReadsTheSflowRecordBeforeItDeletesTheBridge (0 ms)
[ RUN      ] OvsPowerStrategyTest.PowerOffRecordsAnUnreadableSflowAsUnknownRatherThanAsAbsent
[       OK ] OvsPowerStrategyTest.PowerOffRecordsAnUnreadableSflowAsUnknownRatherThanAsAbsent (0 ms)
[ RUN      ] OvsPowerStrategyTest.PowerOffLeavesNothingPendingForABridgeThatHadNoSflow
[       OK ] OvsPowerStrategyTest.PowerOffLeavesNothingPendingForABridgeThatHadNoSflow (0 ms)
[ RUN      ] OvsPowerStrategyTest.PowerOnRestoresTheAgentAddressAndTheSflowRecord
[       OK ] OvsPowerStrategyTest.PowerOnRestoresTheAgentAddressAndTheSflowRecord (0 ms)
[ RUN      ] OvsPowerStrategyTest.PowerOnRestoresTheSflowAfterTheBridgeExists
[       OK ] OvsPowerStrategyTest.PowerOnRestoresTheSflowAfterTheBridgeExists (0 ms)
[ RUN      ] OvsPowerStrategyTest.PowerOnReportsFailureWhenTheSflowRecordDoesNotComeBack
[       OK ] OvsPowerStrategyTest.PowerOnReportsFailureWhenTheSflowRecordDoesNotComeBack (0 ms)
[ RUN      ] OvsPowerStrategyTest.PowerOnReportsFailureWhenTheAgentInterfaceHasNoAddress
[       OK ] OvsPowerStrategyTest.PowerOnReportsFailureWhenTheAgentInterfaceHasNoAddress (0 ms)
[ RUN      ] OvsPowerStrategyTest.PowerOnTreatsAnUnreadableReadBackAsFailureNotAsSuccess
[       OK ] OvsPowerStrategyTest.PowerOnTreatsAnUnreadableReadBackAsFailureNotAsSuccess (0 ms)
[ RUN      ] OvsPowerStrategyTest.PowerOnSaysSoWhenPowerOffNeverManagedToReadTheRecord
[       OK ] OvsPowerStrategyTest.PowerOnSaysSoWhenPowerOffNeverManagedToReadTheRecord (0 ms)
[ RUN      ] OvsPowerStrategyTest.ARetriedPowerOnReAttemptsTheSflowRestore
[       OK ] OvsPowerStrategyTest.ARetriedPowerOnReAttemptsTheSflowRestore (0 ms)
[ RUN      ] OvsPowerStrategyTest.AnAlreadyUpSwitchWithNothingOwedStillRunsNoCommands
[       OK ] OvsPowerStrategyTest.AnAlreadyUpSwitchWithNothingOwedStillRunsNoCommands (0 ms)
[ RUN      ] OvsPowerStrategyTest.TheRealShellSeamRunsTheCommandAndReportsItsExitStatus
[       OK ] OvsPowerStrategyTest.TheRealShellSeamRunsTheCommandAndReportsItsExitStatus (8 ms)
[ RUN      ] OvsPowerStrategyTest.BrExistsTreatsExitTwoAsAnAnswerAndEveryOtherFailureAsUnknown
[       OK ] OvsPowerStrategyTest.BrExistsTreatsExitTwoAsAnAnswerAndEveryOtherFailureAsUnknown (0 ms)
[ RUN      ] OvsPowerStrategyTest.DescribesItselfForLogsAndErrors
[       OK ] OvsPowerStrategyTest.DescribesItselfForLogsAndErrors (0 ms)
[----------] 32 tests from OvsPowerStrategyTest (11 ms total)

[----------] 2 tests from CommandToolNameTest
[ RUN      ] CommandToolNameTest.PicksTheToolOutOfACommandLine
[       OK ] CommandToolNameTest.PicksTheToolOutOfACommandLine (0 ms)
[ RUN      ] CommandToolNameTest.ReturnsNothingRatherThanGuessing
[       OK ] CommandToolNameTest.ReturnsNothingRatherThanGuessing (0 ms)
[----------] 2 tests from CommandToolNameTest (0 ms total)

[----------] 1 test from OvsPowerStrategyConcurrencyTest
[ RUN      ] OvsPowerStrategyConcurrencyTest.AFailedRequestDoesNotMakeAConcurrentOneReportFailure
[       OK ] OvsPowerStrategyConcurrencyTest.AFailedRequestDoesNotMakeAConcurrentOneReportFailure (0 ms)
[----------] 1 test from OvsPowerStrategyConcurrencyTest (0 ms total)

[----------] 1 test from CurlFlagHelpersTest
[ RUN      ] CurlFlagHelpersTest.BundledShortOptionsCarryTheFailFlag
[       OK ] CurlFlagHelpersTest.BundledShortOptionsCarryTheFailFlag (0 ms)
[----------] 1 test from CurlFlagHelpersTest (0 ms total)

[----------] 16 tests from P4PowerStrategyTest
[ RUN      ] P4PowerStrategyTest.PowerOffRunsTheHelperOnceAgainstExactlyThatSwitch
[       OK ] P4PowerStrategyTest.PowerOffRunsTheHelperOnceAgainstExactlyThatSwitch (0 ms)
[ RUN      ] P4PowerStrategyTest.PowerOffFailureLeavesTheVertexUp
[       OK ] P4PowerStrategyTest.PowerOffFailureLeavesTheVertexUp (0 ms)
[ RUN      ] P4PowerStrategyTest.PowerOffOnAnAlreadyDownSwitchStillAsksTheHelper
[       OK ] P4PowerStrategyTest.PowerOffOnAnAlreadyDownSwitchStillAsksTheHelper (0 ms)
[ RUN      ] P4PowerStrategyTest.PowerOnRunsHelperThenReadoptInThatOrder
[       OK ] P4PowerStrategyTest.PowerOnRunsHelperThenReadoptInThatOrder (0 ms)
[ RUN      ] P4PowerStrategyTest.TheReadoptCurlKeepsTheProxysAccountOfWhatBroke
[       OK ] P4PowerStrategyTest.TheReadoptCurlKeepsTheProxysAccountOfWhatBroke (0 ms)
[ RUN      ] P4PowerStrategyTest.PowerOnHelperFailureIsA500AndReadoptNeverRuns
[       OK ] P4PowerStrategyTest.PowerOnHelperFailureIsA500AndReadoptNeverRuns (0 ms)
[ RUN      ] P4PowerStrategyTest.PowerOnReadoptFailureIsA502AndDoesNotMarkUp
[       OK ] P4PowerStrategyTest.PowerOnReadoptFailureIsA502AndDoesNotMarkUp (0 ms)
[...]
[       OK ] AddresslessNodeTest.APathQueryToAnAddresslessHostIsRefusedAndSaysWhich (0 ms)
[ RUN      ] AddresslessNodeTest.APathBetweenTwoAddressedHostsStillAnswers
[       OK ] AddresslessNodeTest.APathBetweenTwoAddressedHostsStillAnswers (0 ms)
[ RUN      ] AddresslessNodeTest.AnAddresslessSwitchIsNotResolvedToAnAddress
[       OK ] AddresslessNodeTest.AnAddresslessSwitchIsNotResolvedToAnAddress (0 ms)
[ RUN      ] AddresslessNodeTest.ASwitchWithAnAddressStillResolves
[       OK ] AddresslessNodeTest.ASwitchWithAnAddressStillResolves (0 ms)
[----------] 15 tests from AddresslessNodeTest (49 ms total)

[----------] 3 tests from AddresslessHostLoadTest
[ RUN      ] AddresslessHostLoadTest.TheShippedTopologyLoads
[       OK ] AddresslessHostLoadTest.TheShippedTopologyLoads (14 ms)
[ RUN      ] AddresslessHostLoadTest.AHostDeclaringAnEmptyIpArrayIsRefusedAtLoad
[       OK ] AddresslessHostLoadTest.AHostDeclaringAnEmptyIpArrayIsRefusedAtLoad (16 ms)
[ RUN      ] AddresslessHostLoadTest.TheSameEditOnASwitchIsRefused
[       OK ] AddresslessHostLoadTest.TheSameEditOnASwitchIsRefused (6 ms)
[----------] 3 tests from AddresslessHostLoadTest (37 ms total)

[----------] 6 tests from AddresslessAttachmentSwitchTest
[ RUN      ] AddresslessAttachmentSwitchTest.AnAddresslessAttachmentSwitchDoesNotKillTheProcess
[       OK ] AddresslessAttachmentSwitchTest.AnAddresslessAttachmentSwitchDoesNotKillTheProcess (6 ms)
[ RUN      ] AddresslessAttachmentSwitchTest.TheHostOnAnAddresslessAttachmentSwitchIsStillMarkedUp
[       OK ] AddresslessAttachmentSwitchTest.TheHostOnAnAddresslessAttachmentSwitchIsStillMarkedUp (0 ms)
[ RUN      ] AddresslessAttachmentSwitchTest.TheHostSideEdgeIsStillRaisedWhenTheAttachmentSwitchHasNoAddress
[       OK ] AddresslessAttachmentSwitchTest.TheHostSideEdgeIsStillRaisedWhenTheAttachmentSwitchHasNoAddress (0 ms)
[ RUN      ] AddresslessAttachmentSwitchTest.TheWarningNamesTheHostAndTheSwitchAndNotTheTopologyFile
[       OK ] AddresslessAttachmentSwitchTest.TheWarningNamesTheHostAndTheSwitchAndNotTheTopologyFile (0 ms)
[ RUN      ] AddresslessAttachmentSwitchTest.TheReverseEdgeOfAnAddressedAttachmentSwitchIsStillRaised
[       OK ] AddresslessAttachmentSwitchTest.TheReverseEdgeOfAnAddressedAttachmentSwitchIsStillRaised (0 ms)
[ RUN      ] AddresslessAttachmentSwitchTest.TheOtherHostAndItsEdgeAreUntouchedByTheGuardedEntry
[       OK ] AddresslessAttachmentSwitchTest.TheOtherHostAndItsEdgeAreUntouchedByTheGuardedEntry (0 ms)
[----------] 6 tests from AddresslessAttachmentSwitchTest (8 ms total)

[----------] 20 tests from NetemLinkFaultTest
[ RUN      ] NetemLinkFaultTest.AShapedInterfaceIsCutUnderTheShaperNotOverIt
[       OK ] NetemLinkFaultTest.AShapedInterfaceIsCutUnderTheShaperNotOverIt (0 ms)
[ RUN      ] NetemLinkFaultTest.AnUnshapedInterfaceIsCutAtTheRoot
[       OK ] NetemLinkFaultTest.AnUnshapedInterfaceIsCutAtTheRoot (0 ms)
[ RUN      ] NetemLinkFaultTest.AnInterfaceThatAlreadyCarriesNetemIsRefused
[       OK ] NetemLinkFaultTest.AnInterfaceThatAlreadyCarriesNetemIsRefused (0 ms)
[ RUN      ] NetemLinkFaultTest.AnUnreadableTreeIsRefusedRatherThanGuessed
[       OK ] NetemLinkFaultTest.AnUnreadableTreeIsRefusedRatherThanGuessed (0 ms)
[ RUN      ] NetemLinkFaultTest.ShapedWithNoDefaultClassIsRefused
[       OK ] NetemLinkFaultTest.ShapedWithNoDefaultClassIsRefused (0 ms)
[ RUN      ] NetemLinkFaultTest.TheNetemToRemoveIsFoundAtItsParent
[       OK ] NetemLinkFaultTest.TheNetemToRemoveIsFoundAtItsParent (0 ms)
[ RUN      ] NetemLinkFaultTest.ARootNetemIsFoundAtTheRoot
[       OK ] NetemLinkFaultTest.ARootNetemIsFoundAtTheRoot (0 ms)
[ RUN      ] NetemLinkFaultTest.ACleanTreeHasNoNetemToRemove
[       OK ] NetemLinkFaultTest.ACleanTreeHasNoNetemToRemove (0 ms)
[ RUN      ] NetemLinkFaultTest.OnlyMininetSwitchInterfaceNamesAreAccepted
[       OK ] NetemLinkFaultTest.OnlyMininetSwitchInterfaceNamesAreAccepted (0 ms)
[ RUN      ] NetemLinkFaultTest.TheInterfaceNameIsTheBridgeAndThePort
[       OK ] NetemLinkFaultTest.TheInterfaceNameIsTheBridgeAndThePort (0 ms)
[ RUN      ] NetemLinkFaultTest.CuttingAShapedInterfaceIssuesTheParentForm
[       OK ] NetemLinkFaultTest.CuttingAShapedInterfaceIssuesTheParentForm (0 ms)
[ RUN      ] NetemLinkFaultTest.CuttingARefusedInterfaceRunsNoCommandAtAll
[       OK ] NetemLinkFaultTest.CuttingARefusedInterfaceRunsNoCommandAtAll (0 ms)
[ RUN      ] NetemLinkFaultTest.ABadInterfaceNameNeverReachesTc
[       OK ] NetemLinkFaultTest.ABadInterfaceNameNeverReachesTc (0 ms)
[ RUN      ] NetemLinkFaultTest.AnUnreadableTreeStopsTheCut
[       OK ] NetemLinkFaultTest.AnUnreadableTreeStopsTheCut (0 ms)
[ RUN      ] NetemLinkFaultTest.RestoringDeletesTheNetemWhereItActuallyIs
[       OK ] NetemLinkFaultTest.RestoringDeletesTheNetemWhereItActuallyIs (0 ms)
[ RUN      ] NetemLinkFaultTest.RestoringACleanInterfaceIsANoopNotAnError
[       OK ] NetemLinkFaultTest.RestoringACleanInterfaceIsANoopNotAnError (0 ms)
[ RUN      ] NetemLinkFaultTest.ARestoreThatLeftNetemBehindIsReportedAsAFailure
[       OK ] NetemLinkFaultTest.ARestoreThatLeftNetemBehindIsReportedAsAFailure (0 ms)
[ RUN      ] NetemLinkFaultTest.TheWholeMachineTreeNamesTheInterfaceInsideEachLine
[       OK ] NetemLinkFaultTest.TheWholeMachineTreeNamesTheInterfaceInsideEachLine (0 ms)
[ RUN      ] NetemLinkFaultTest.AnInterfaceCarryingTwoNetemsIsNamedOnce
[       OK ] NetemLinkFaultTest.AnInterfaceCarryingTwoNetemsIsNamedOnce (0 ms)
[ RUN      ] NetemLinkFaultTest.TheFakesPerDeviceViewIsTheFormRestoreInterfaceCanRead
[       OK ] NetemLinkFaultTest.TheFakesPerDeviceViewIsTheFormRestoreInterfaceCanRead (0 ms)
[----------] 20 tests from NetemLinkFaultTest (1 ms total)

[----------] 14 tests from ResidualNetemSweepTest
[ RUN      ] ResidualNetemSweepTest.TheSweepCoversBothEndsOfEverySwitchToSwitchLinkAndNothingElse
[       OK ] ResidualNetemSweepTest.TheSweepCoversBothEndsOfEverySwitchToSwitchLinkAndNothingElse (0 ms)
[ RUN      ] ResidualNetemSweepTest.TheHostFacingSetIsEveryPortAHostHangsOff
[       OK ] ResidualNetemSweepTest.TheHostFacingSetIsEveryPortAHostHangsOff (0 ms)
[ RUN      ] ResidualNetemSweepTest.TheSweepReadsTheWholeMachineInOneCall
[       OK ] ResidualNetemSweepTest.TheSweepReadsTheWholeMachineInOneCall (0 ms)
[ RUN      ] ResidualNetemSweepTest.ResidualNetemIsNamedInOneWarningAtStartup
[       OK ] ResidualNetemSweepTest.ResidualNetemIsNamedInOneWarningAtStartup (0 ms)
[ RUN      ] ResidualNetemSweepTest.NetemOnAHostFacingPortIsFoundAndSaidToBeHostFacing
[       OK ] ResidualNetemSweepTest.NetemOnAHostFacingPortIsFoundAndSaidToBeHostFacing (0 ms)
[ RUN      ] ResidualNetemSweepTest.NetemOnAnInterfaceThisTopologyDoesNotNameIsReportedAsUnknown
[       OK ] ResidualNetemSweepTest.NetemOnAnInterfaceThisTopologyDoesNotNameIsReportedAsUnknown (0 ms)
[ RUN      ] ResidualNetemSweepTest.TheWarningSeparatesTheThreeKindsAndCountsThem
[       OK ] ResidualNetemSweepTest.TheWarningSeparatesTheThreeKindsAndCountsThem (0 ms)
[ RUN      ] ResidualNetemSweepTest.NetemOutsideThisFabricsInterfaceShapeIsNotReported
[       OK ] ResidualNetemSweepTest.NetemOutsideThisFabricsInterfaceShapeIsNotReported (0 ms)
[ RUN      ] ResidualNetemSweepTest.TheSweepNeverRunsACommandThatChangesTheTree
[       OK ] ResidualNetemSweepTest.TheSweepNeverRunsACommandThatChangesTheTree (0 ms)
[ RUN      ] ResidualNetemSweepTest.TheSweepDoesNotDeclareTheLinkDown
[       OK ] ResidualNetemSweepTest.TheSweepDoesNotDeclareTheLinkDown (0 ms)
[ RUN      ] ResidualNetemSweepTest.ACleanFabricProducesNoWarning
[       OK ] ResidualNetemSweepTest.ACleanFabricProducesNoWarning (0 ms)
[ RUN      ] ResidualNetemSweepTest.TCLinkShapingOnItsOwnIsNotResidue
[       OK ] ResidualNetemSweepTest.TCLinkShapingOnItsOwnIsNotResidue (0 ms)
[ RUN      ] ResidualNetemSweepTest.AnUnreadableQdiscTreeIsReportedAsUnreadNotAsClean
[       OK ] ResidualNetemSweepTest.AnUnreadableQdiscTreeIsReportedAsUnreadNotAsClean (0 ms)
[ RUN      ] ResidualNetemSweepTest.ATestbedDeploymentRunsNoTcAtAll
[       OK ] ResidualNetemSweepTest.ATestbedDeploymentRunsNoTcAtAll (0 ms)
[----------] 14 tests from ResidualNetemSweepTest (3 ms total)

[----------] 7 tests from InjectedNetemProvenanceTest
[ RUN      ] InjectedNetemProvenanceTest.ANetemNothingRecordedIsForeign
[       OK ] InjectedNetemProvenanceTest.ANetemNothingRecordedIsForeign (0 ms)
[ RUN      ] InjectedNetemProvenanceTest.TheHandleThisKernelWroteDownIsWhatMakesItOurs
[       OK ] InjectedNetemProvenanceTest.TheHandleThisKernelWroteDownIsWhatMakesItOurs (0 ms)
[ RUN      ] InjectedNetemProvenanceTest.ANetemSwappedForOursIsNotOursAnyMore
[       OK ] InjectedNetemProvenanceTest.ANetemSwappedForOursIsNotOursAnyMore (0 ms)
[ RUN      ] InjectedNetemProvenanceTest.AnEntryWithNoHandleCannotBeClaimed
[       OK ] InjectedNetemProvenanceTest.AnEntryWithNoHandleCannotBeClaimed (0 ms)
[ RUN      ] InjectedNetemProvenanceTest.ACleanInterfaceIsStillTheIdempotentNoop
[       OK ] InjectedNetemProvenanceTest.ACleanInterfaceIsStillTheIdempotentNoop (0 ms)
[ RUN      ] InjectedNetemProvenanceTest.RestoringAForeignNetemRunsNoCommandAtAll
[       OK ] InjectedNetemProvenanceTest.RestoringAForeignNetemRunsNoCommandAtAll (0 ms)
[ RUN      ] InjectedNetemProvenanceTest.RestoringOurOwnNetemDeletesItAndForgetsIt
[       OK ] InjectedNetemProvenanceTest.RestoringOurOwnNetemDeletesItAndForgetsIt (0 ms)
[----------] 7 tests from InjectedNetemProvenanceTest (1 ms total)

[----------] 4 tests from AllOrNothingCutTest
[ RUN      ] AllOrNothingCutTest.BothEndsCutAreBothRecorded
[       OK ] AllOrNothingCutTest.BothEndsCutAreBothRecorded (0 ms)
[ RUN      ] AllOrNothingCutTest.AnEndAlreadyCarryingSomebodyElsesNetemStopsTheWholeCut
[       OK ] AllOrNothingCutTest.AnEndAlreadyCarryingSomebodyElsesNetemStopsTheWholeCut (0 ms)
[ RUN      ] AllOrNothingCutTest.ASecondAttachThatFailsRollsBackTheFirst
[       OK ] AllOrNothingCutTest.ASecondAttachThatFailsRollsBackTheFirst (0 ms)
[ RUN      ] AllOrNothingCutTest.AnEndTheGraphCannotNameStopsTheCutToo
[       OK ] AllOrNothingCutTest.AnEndTheGraphCannotNameStopsTheCutToo (0 ms)
[----------] 4 tests from AllOrNothingCutTest (1 ms total)

[----------] 21 tests from ExemptSwitchTest
[ RUN      ] ExemptSwitchTest.TheMarkIsWhatTellsTheTwoSwitchesApart
[       OK ] ExemptSwitchTest.TheMarkIsWhatTellsTheTwoSwitchesApart (0 ms)
[ RUN      ] ExemptSwitchTest.TheTestbedPowerReportDoesNotSshTheExemptSwitch
[       OK ] ExemptSwitchTest.TheTestbedPowerReportDoesNotSshTheExemptSwitch (0 ms)
[ RUN      ] ExemptSwitchTest.TheCpuReportDoesNotSnmpTheExemptSwitch
[       OK ] ExemptSwitchTest.TheCpuReportDoesNotSnmpTheExemptSwitch (0 ms)
[ RUN      ] ExemptSwitchTest.TheMemoryReportDoesNotSnmpTheExemptSwitch
[       OK ] ExemptSwitchTest.TheMemoryReportDoesNotSnmpTheExemptSwitch (0 ms)
[ RUN      ] ExemptSwitchTest.TheTemperatureReportAnswersTheSentinelRatherThanTheHpeSentence
[       OK ] ExemptSwitchTest.TheTemperatureReportAnswersTheSentinelRatherThanTheHpeSentence (0 ms)
[ RUN      ] ExemptSwitchTest.TheSingleSwitchPowerReportSaysExemptRatherThanFailing
[       OK ] ExemptSwitchTest.TheSingleSwitchPowerReportSaysExemptRatherThanFailing (0 ms)
[ RUN      ] ExemptSwitchTest.TheSingleSwitchPowerReportStillSshesANonExemptSwitch
[       OK ] ExemptSwitchTest.TheSingleSwitchPowerReportStillSshesANonExemptSwitch (0 ms)
[ RUN      ] ExemptSwitchTest.TheSingleSwitchCpuReportSaysExemptRatherThanFailing
[       OK ] ExemptSwitchTest.TheSingleSwitchCpuReportSaysExemptRatherThanFailing (0 ms)
[ RUN      ] ExemptSwitchTest.TheSingleSwitchCpuReportStillSnmpsANonExemptSwitch
[       OK ] ExemptSwitchTest.TheSingleSwitchCpuReportStillSnmpsANonExemptSwitch (0 ms)
[ RUN      ] ExemptSwitchTest.MininetStillGivesTheExemptSwitchItsSyntheticPowerFigure
[       OK ] ExemptSwitchTest.MininetStillGivesTheExemptSwitchItsSyntheticPowerFigure (0 ms)
[ RUN      ] ExemptSwitchTest.MininetStillGivesTheExemptSwitchTheSameSyntheticFigureThroughBothPaths
[       OK ] ExemptSwitchTest.MininetStillGivesTheExemptSwitchTheSameSyntheticFigureThroughBothPaths (0 ms)
[ RUN      ] ExemptSwitchTest.TheExemptionIsLoggedOncePerEpisodeAndNotOncePerRound
[       OK ] ExemptSwitchTest.TheExemptionIsLoggedOncePerEpisodeAndNotOncePerRound (0 ms)
[ RUN      ] ExemptSwitchTest.GetGraphDataCarriesBothMarksOnASwitchAndNeitherOnAHost
[       OK ] ExemptSwitchTest.GetGraphDataCarriesBothMarksOnASwitchAndNeitherOnAHost (0 ms)
[ RUN      ] ExemptSwitchTest.TheLoadedExemptSwitchIsMarkedAndAnnounced
[       OK ] ExemptSwitchTest.TheLoadedExemptSwitchIsMarkedAndAnnounced (12 ms)
[ RUN      ] ExemptSwitchTest.AFleetWithNoExemptSwitchSaysNothingAtAll
[       OK ] ExemptSwitchTest.AFleetWithNoExemptSwitchSaysNothingAtAll (13 ms)
[ RUN      ] ExemptSwitchTest.ThePowerReportSaysWhichPathEachFigureCameFrom
[       OK ] ExemptSwitchTest.ThePowerReportSaysWhichPathEachFigureCameFrom (0 ms)
[ RUN      ] ExemptSwitchTest.TheTestbedPowerReportSaysWhetherItsMinusOneIsUnaskedOrUnanswered
[       OK ] ExemptSwitchTest.TheTestbedPowerReportSaysWhetherItsMinusOneIsUnaskedOrUnanswered (0 ms)
[ RUN      ] ExemptSwitchTest.EveryExitOfThePowerReportCarriesThePath
[       OK ] ExemptSwitchTest.EveryExitOfThePowerReportCarriesThePath (0 ms)
[ RUN      ] ExemptSwitchTest.TheSingleSwitchPowerReportSaysWhichPathItsFigureCameFrom
[       OK ] ExemptSwitchTest.TheSingleSwitchPowerReportSaysWhichPathItsFigureCameFrom (0 ms)
[ RUN      ] ExemptSwitchTest.TheTestbedSingleSwitchReplySaysWhetherItsMinusOneIsUnaskedOrUnanswered
[       OK ] ExemptSwitchTest.TheTestbedSingleSwitchReplySaysWhetherItsMinusOneIsUnaskedOrUnanswered (0 ms)
[ RUN      ] ExemptSwitchTest.BothPowerCopiesAgreeAboutThePathAsWellAsTheFigure
[       OK ] ExemptSwitchTest.BothPowerCopiesAgreeAboutThePathAsWellAsTheFigure (0 ms)
[----------] 21 tests from ExemptSwitchTest (31 ms total)

[----------] 7 tests from OpenflowCapacityTest
[ RUN      ] OpenflowCapacityTest.TheCeilingIsWhateverTheRunningPipelineSays
[       OK ] OpenflowCapacityTest.TheCeilingIsWhateverTheRunningPipelineSays (0 ms)
[ RUN      ] OpenflowCapacityTest.BothWritableTablesCarryTheirOwnCeiling
[       OK ] OpenflowCapacityTest.BothWritableTablesCarryTheirOwnCeiling (0 ms)
[ RUN      ] OpenflowCapacityTest.AnUnreadableArtifactRefusesToGuess
[       OK ] OpenflowCapacityTest.AnUnreadableArtifactRefusesToGuess (0 ms)
[ RUN      ] OpenflowCapacityTest.AvailableIsTheCeilingMinusWhatTheSwitchReports
[       OK ] OpenflowCapacityTest.AvailableIsTheCeilingMinusWhatTheSwitchReports (0 ms)
[ RUN      ] OpenflowCapacityTest.ASwitchNothingHasPolledYetIsUnknownNotEmpty
[       OK ] OpenflowCapacityTest.ASwitchNothingHasPolledYetIsUnknownNotEmpty (0 ms)
[ RUN      ] OpenflowCapacityTest.RowsAreCountedAcrossEveryTableTheViewLists
[       OK ] OpenflowCapacityTest.RowsAreCountedAcrossEveryTableTheViewLists (0 ms)
[ RUN      ] OpenflowCapacityTest.AMalformedViewCountsNothingRatherThanThrowing
[       OK ] OpenflowCapacityTest.AMalformedViewCountsNothingRatherThanThrowing (0 ms)
[----------] 7 tests from OpenflowCapacityTest (1 ms total)

[----------] 5 tests from OpenflowCapacityArgvTest
[ RUN      ] OpenflowCapacityArgvTest.ThePipelineIsFoundEvenThoughItIsNotTheLastArgument
[       OK ] OpenflowCapacityArgvTest.ThePipelineIsFoundEvenThoughItIsNotTheLastArgument (0 ms)
[ RUN      ] OpenflowCapacityArgvTest.TheLastJsonWinsWhenAnOptionValueIsAlsoAJsonFile
[       OK ] OpenflowCapacityArgvTest.TheLastJsonWinsWhenAnOptionValueIsAlsoAJsonFile (0 ms)
[ RUN      ] OpenflowCapacityArgvTest.APlainSimpleSwitchCountsAndSoDoesALocalBuild
[       OK ] OpenflowCapacityArgvTest.APlainSimpleSwitchCountsAndSoDoesALocalBuild (0 ms)
[ RUN      ] OpenflowCapacityArgvTest.AProcessThatMerelyNamesTheArtifactIsNotASwitch
[       OK ] OpenflowCapacityArgvTest.AProcessThatMerelyNamesTheArtifactIsNotASwitch (0 ms)
[ RUN      ] OpenflowCapacityArgvTest.ArgvIsSplitOnNulAndTrailingNulsAreNotArguments
[       OK ] OpenflowCapacityArgvTest.ArgvIsSplitOnNulAndTrailingNulsAreNotArguments (0 ms)
[----------] 5 tests from OpenflowCapacityArgvTest (0 ms total)

[----------] 4 tests from OpenflowCapacityProcTest
[ RUN      ] OpenflowCapacityProcTest.TheArtifactIsTheOneARunningSwitchHasLoaded
[       OK ] OpenflowCapacityProcTest.TheArtifactIsTheOneARunningSwitchHasLoaded (0 ms)
[ RUN      ] OpenflowCapacityProcTest.WithNothingRunningTheBuildArtifactIsUsedAndLabelled
[       OK ] OpenflowCapacityProcTest.WithNothingRunningTheBuildArtifactIsUsedAndLabelled (0 ms)
[ RUN      ] OpenflowCapacityProcTest.WithNothingRunningAndNoBuildArtifactNothingIsClaimed
[       OK ] OpenflowCapacityProcTest.WithNothingRunningAndNoBuildArtifactNothingIsClaimed (0 ms)
[ RUN      ] OpenflowCapacityProcTest.SwitchesOnDifferentPipelinesAreReportedAsADisagreement
[       OK ] OpenflowCapacityProcTest.SwitchesOnDifferentPipelinesAreReportedAsADisagreement (0 ms)
[----------] 4 tests from OpenflowCapacityProcTest (2 ms total)

[----------] 3 tests from OpenflowCapacityReportTest
[ RUN      ] OpenflowCapacityReportTest.TheVendorRowsSayTheyAreACatalogueAndKeepTheirNumbers
[       OK ] OpenflowCapacityReportTest.TheVendorRowsSayTheyAreACatalogueAndKeepTheirNumbers (0 ms)
[ RUN      ] OpenflowCapacityReportTest.TheBmv2BlockAppearsOnlyWhenTheTopologyHasBmv2Switches
[       OK ] OpenflowCapacityReportTest.TheBmv2BlockAppearsOnlyWhenTheTopologyHasBmv2Switches (0 ms)
[ RUN      ] OpenflowCapacityReportTest.TheSourceNamesTheFileTheNumberWasReadFrom
[       OK ] OpenflowCapacityReportTest.TheSourceNamesTheFileTheNumberWasReadFrom (0 ms)
[----------] 3 tests from OpenflowCapacityReportTest (0 ms total)

[----------] 2 tests from OpenflowCapacityReadTest
[ RUN      ] OpenflowCapacityReadTest.TheReportIsAssembledFromTheFilesTheSourcesNameAndNoOthers
[       OK ] OpenflowCapacityReadTest.TheReportIsAssembledFromTheFilesTheSourcesNameAndNoOthers (2 ms)
[ RUN      ] OpenflowCapacityReadTest.AMissingCatalogueStillLeavesTheBmv2PlaneAnswerable
[       OK ] OpenflowCapacityReadTest.AMissingCatalogueStillLeavesTheBmv2PlaneAnswerable (0 ms)
[----------] 2 tests from OpenflowCapacityReadTest (3 ms total)

[----------] 2 tests from CapacityEndpointTest
[ RUN      ] CapacityEndpointTest.TheEndpointReportsTheRunningPipelineAndNotJustTheCatalogue
[       OK ] CapacityEndpointTest.TheEndpointReportsTheRunningPipelineAndNotJustTheCatalogue (2 ms)
[ RUN      ] CapacityEndpointTest.AnOvsOnlyTopologyGetsNoBmv2Plane
[       OK ] CapacityEndpointTest.AnOvsOnlyTopologyGetsNoBmv2Plane (1 ms)
[----------] 2 tests from CapacityEndpointTest (3 ms total)

[----------] 5 tests from TopologyLoadedModel
[ RUN      ] TopologyLoadedModel.TheTestsOwnHasherMatchesThePublishedVector
[       OK ] TopologyLoadedModel.TheTestsOwnHasherMatchesThePublishedVector (0 ms)
[ RUN      ] TopologyLoadedModel.ThePathTheHashAndTheTimeAreRecordedAtLoad
[       OK ] TopologyLoadedModel.ThePathTheHashAndTheTimeAreRecordedAtLoad (10 ms)
[ RUN      ] TopologyLoadedModel.TheHashIsOfTheFileBytesNotOfItsPath
[       OK ] TopologyLoadedModel.TheHashIsOfTheFileBytesNotOfItsPath (9 ms)
[ RUN      ] TopologyLoadedModel.TheRecordDoesNotFollowTheFileAfterTheLoad
[       OK ] TopologyLoadedModel.TheRecordDoesNotFollowTheFileAfterTheLoad (11 ms)
[ RUN      ] TopologyLoadedModel.AMonitorThatHasLoadedNothingSaysNothing
[       OK ] TopologyLoadedModel.AMonitorThatHasLoadedNothingSaysNothing (0 ms)
[----------] 5 tests from TopologyLoadedModel (31 ms total)

[----------] 2 tests from TopologyLoadedModelWire
[ RUN      ] TopologyLoadedModelWire.TheThreeKeysAreServedByGetGraphData
[       OK ] TopologyLoadedModelWire.TheThreeKeysAreServedByGetGraphData (21 ms)
[ RUN      ] TopologyLoadedModelWire.AKernelWithNoTopologyServesTheBaselineShape
[       OK ] TopologyLoadedModelWire.AKernelWithNoTopologyServesTheBaselineShape (0 ms)
[----------] 2 tests from TopologyLoadedModelWire (22 ms total)

[----------] Global test environment tear-down
[==========] 1366 tests from 156 test suites ran. (15803 ms total)
[  PASSED  ] 1366 tests.
