Running main() from /tmp/claude-1000/-home-adam-Desktop-NDTwin-Kernel/1e91440a-4a23-4430-8ebf-59aa2d5f7260/scratchpad/wt-topoval/build/_deps/googletest-src/googletest/src/gtest_main.cc
Note: Google Test filter = TopologyInputValidationTest.*
[==========] Running 14 tests from 1 test suite.
[----------] Global test environment set-up.
[----------] 14 tests from TopologyInputValidationTest
[ RUN      ] TopologyInputValidationTest.AnEdgeNamingADpidNoSwitchHasIsRefused
[       OK ] TopologyInputValidationTest.AnEdgeNamingADpidNoSwitchHasIsRefused (8 ms)
[ RUN      ] TopologyInputValidationTest.TheRefusalNamesTheDpidThatMatchedNothing
[       OK ] TopologyInputValidationTest.TheRefusalNamesTheDpidThatMatchedNothing (7 ms)
[ RUN      ] TopologyInputValidationTest.AGhostDpidEdgeLeavesNoPartiallyLoadedGraph
[       OK ] TopologyInputValidationTest.AGhostDpidEdgeLeavesNoPartiallyLoadedGraph (7 ms)
[ RUN      ] TopologyInputValidationTest.AHostEdgeWhoseAddressMatchesNoNodeIsRefused
[       OK ] TopologyInputValidationTest.AHostEdgeWhoseAddressMatchesNoNodeIsRefused (8 ms)
[ RUN      ] TopologyInputValidationTest.AZeroInterfaceOnTheSwitchSideIsRefused
[       OK ] TopologyInputValidationTest.AZeroInterfaceOnTheSwitchSideIsRefused (7 ms)
[ RUN      ] TopologyInputValidationTest.ASixDigitInterfaceIsRefused
[       OK ] TopologyInputValidationTest.ASixDigitInterfaceIsRefused (7 ms)
[ RUN      ] TopologyInputValidationTest.TheRefusalNamesTheInterfaceThatWasOutOfRange
[       OK ] TopologyInputValidationTest.TheRefusalNamesTheInterfaceThatWasOutOfRange (6 ms)
[ RUN      ] TopologyInputValidationTest.ADestinationInterfaceIsCheckedToo
[       OK ] TopologyInputValidationTest.ADestinationInterfaceIsCheckedToo (6 ms)
[ RUN      ] TopologyInputValidationTest.TheLargestInRangeInterfaceIsAccepted
[       OK ] TopologyInputValidationTest.TheLargestInRangeInterfaceIsAccepted (10 ms)
[ RUN      ] TopologyInputValidationTest.OneAboveTheLargestInRangeInterfaceIsRefused
[       OK ] TopologyInputValidationTest.OneAboveTheLargestInRangeInterfaceIsRefused (7 ms)
[ RUN      ] TopologyInputValidationTest.TheSmallestInRangeSwitchInterfaceIsAccepted
[       OK ] TopologyInputValidationTest.TheSmallestInRangeSwitchInterfaceIsAccepted (10 ms)
[ RUN      ] TopologyInputValidationTest.AZeroInterfaceOnTheHostSideIsStillAccepted
[       OK ] TopologyInputValidationTest.AZeroInterfaceOnTheHostSideIsStillAccepted (10 ms)
[ RUN      ] TopologyInputValidationTest.EveryShippedTopologyStillLoadsWithNothingDropped
[       OK ] TopologyInputValidationTest.EveryShippedTopologyStillLoadsWithNothingDropped (386 ms)
[ RUN      ] TopologyInputValidationTest.TheTwoMininetCapableTopologiesStillLoadInMininetMode
[       OK ] TopologyInputValidationTest.TheTwoMininetCapableTopologiesStillLoadInMininetMode (12 ms)
[----------] 14 tests from TopologyInputValidationTest (498 ms total)

[----------] Global test environment tear-down
[==========] 14 tests from 1 test suite ran. (499 ms total)
[  PASSED  ] 14 tests.
