Running main() from /tmp/claude-1000/-home-adam-Desktop-NDTwin-Kernel/1e91440a-4a23-4430-8ebf-59aa2d5f7260/scratchpad/wt-isup/build/_deps/googletest-src/googletest/src/gtest_main.cc
[==========] Running 972 tests from 126 test suites.
[----------] Global test environment set-up.
[----------] 5 tests from LoggerCliArgsDeathTest
[ RUN      ] LoggerCliArgsDeathTest.AMistypedLevelIsRefusedRatherThanSilentlyDisablingLogging
Running main() from /tmp/claude-1000/-home-adam-Desktop-NDTwin-Kernel/1e91440a-4a23-4430-8ebf-59aa2d5f7260/scratchpad/wt-isup/build/_deps/googletest-src/googletest/src/gtest_main.cc
[       OK ] LoggerCliArgsDeathTest.AMistypedLevelIsRefusedRatherThanSilentlyDisablingLogging (22 ms)
[ RUN      ] LoggerCliArgsDeathTest.LogfileWithNoPathIsRefusedRatherThanDefaulted
Running main() from /tmp/claude-1000/-home-adam-Desktop-NDTwin-Kernel/1e91440a-4a23-4430-8ebf-59aa2d5f7260/scratchpad/wt-isup/build/_deps/googletest-src/googletest/src/gtest_main.cc
[       OK ] LoggerCliArgsDeathTest.LogfileWithNoPathIsRefusedRatherThanDefaulted (19 ms)
[ RUN      ] LoggerCliArgsDeathTest.LogfileFollowedByAnotherOptionIsRefused
Running main() from /tmp/claude-1000/-home-adam-Desktop-NDTwin-Kernel/1e91440a-4a23-4430-8ebf-59aa2d5f7260/scratchpad/wt-isup/build/_deps/googletest-src/googletest/src/gtest_main.cc
[       OK ] LoggerCliArgsDeathTest.LogfileFollowedByAnotherOptionIsRefused (19 ms)
[ RUN      ] LoggerCliArgsDeathTest.LoglevelWithNoValueIsRefusedRatherThanIgnored
Running main() from /tmp/claude-1000/-home-adam-Desktop-NDTwin-Kernel/1e91440a-4a23-4430-8ebf-59aa2d5f7260/scratchpad/wt-isup/build/_deps/googletest-src/googletest/src/gtest_main.cc
[       OK ] LoggerCliArgsDeathTest.LoglevelWithNoValueIsRefusedRatherThanIgnored (19 ms)
[ RUN      ] LoggerCliArgsDeathTest.LoglevelFollowedByAnotherOptionIsRefused
Running main() from /tmp/claude-1000/-home-adam-Desktop-NDTwin-Kernel/1e91440a-4a23-4430-8ebf-59aa2d5f7260/scratchpad/wt-isup/build/_deps/googletest-src/googletest/src/gtest_main.cc
[       OK ] LoggerCliArgsDeathTest.LoglevelFollowedByAnotherOptionIsRefused (18 ms)
[----------] 5 tests from LoggerCliArgsDeathTest (99 ms total)

[----------] 1 test from LoggerFileSinkDeathTest
[ RUN      ] LoggerFileSinkDeathTest.ALogFileThatCannotBeOpenedEndsTheRun
Running main() from /tmp/claude-1000/-home-adam-Desktop-NDTwin-Kernel/1e91440a-4a23-4430-8ebf-59aa2d5f7260/scratchpad/wt-isup/build/_deps/googletest-src/googletest/src/gtest_main.cc
[       OK ] LoggerFileSinkDeathTest.ALogFileThatCannotBeOpenedEndsTheRun (74 ms)
[----------] 1 test from LoggerFileSinkDeathTest (74 ms total)

[----------] 3 tests from PowerManagerShutdownDeathTest
[ RUN      ] PowerManagerShutdownDeathTest.DestroyingAJoinableThreadIsVisibleToThisHarness
[       OK ] PowerManagerShutdownDeathTest.DestroyingAJoinableThreadIsVisibleToThisHarness (1246 ms)
[ RUN      ] PowerManagerShutdownDeathTest.AStoppedManagerIsDestroyedWithoutAborting
Running main() from /tmp/claude-1000/-home-adam-Desktop-NDTwin-Kernel/1e91440a-4a23-4430-8ebf-59aa2d5f7260/scratchpad/wt-isup/build/_deps/googletest-src/googletest/src/gtest_main.cc
[       OK ] PowerManagerShutdownDeathTest.AStoppedManagerIsDestroyedWithoutAborting (19 ms)
[ RUN      ] PowerManagerShutdownDeathTest.AManagerNeverStoppedIsDestroyedWithoutAborting
Running main() from /tmp/claude-1000/-home-adam-Desktop-NDTwin-Kernel/1e91440a-4a23-4430-8ebf-59aa2d5f7260/scratchpad/wt-isup/build/_deps/googletest-src/googletest/src/gtest_main.cc
[       OK ] PowerManagerShutdownDeathTest.AManagerNeverStoppedIsDestroyedWithoutAborting (1046 ms)
[----------] 3 tests from PowerManagerShutdownDeathTest (2312 ms total)

[----------] 8 tests from LoggerCliArgsTest
[ RUN      ] LoggerCliArgsTest.LogfileConsumesThePathThatFollowsIt
[       OK ] LoggerCliArgsTest.LogfileConsumesThePathThatFollowsIt (0 ms)
[ RUN      ] LoggerCliArgsTest.TheShortFormConsumesAPathToo
[       OK ] LoggerCliArgsTest.TheShortFormConsumesAPathToo (0 ms)
[ RUN      ] LoggerCliArgsTest.TheOptionAfterTheLogfilePathIsStillParsed
[       OK ] LoggerCliArgsTest.TheOptionAfterTheLogfilePathIsStillParsed (0 ms)
[ RUN      ] LoggerCliArgsTest.LoglevelStillTakesItsValue
[       OK ] LoggerCliArgsTest.LoglevelStillTakesItsValue (0 ms)
[ RUN      ] LoggerCliArgsTest.WithoutTheFlagNoFileIsRequestedAtAll
[       OK ] LoggerCliArgsTest.WithoutTheFlagNoFileIsRequestedAtAll (0 ms)
[ RUN      ] LoggerCliArgsTest.ATopologyPathIsNotMistakenForALogPath
[       OK ] LoggerCliArgsTest.ATopologyPathIsNotMistakenForALogPath (0 ms)
[ RUN      ] LoggerCliArgsTest.EveryLevelNameTheHelpAdvertisesIsAccepted
[       OK ] LoggerCliArgsTest.EveryLevelNameTheHelpAdvertisesIsAccepted (0 ms)
[ RUN      ] LoggerCliArgsTest.AskingForOffIsARequestAndNotATypo
[       OK ] LoggerCliArgsTest.AskingForOffIsARequestAndNotATypo (0 ms)
[----------] 8 tests from LoggerCliArgsTest (0 ms total)

[----------] 2 tests from LoggerFileSinkTest
[ RUN      ] LoggerFileSinkTest.InitWritesToThePathTheConfigNamesAndToNoOther
[2026-09-04 00:15:55.744] [info] [[94mtest_LoggerCliArgs.cpp[0m:[95m367[0m [96mTestBody[0m] MARKER-ndtwin-logfile-takes-a-path
[       OK ] LoggerFileSinkTest.InitWritesToThePathTheConfigNamesAndToNoOther (1 ms)
[ RUN      ] LoggerFileSinkTest.AnEmptyPathOpensNoFile
[2026-09-04 00:15:55.745] [info] [[94mtest_LoggerCliArgs.cpp[0m:[95m387[0m [96mTestBody[0m] MARKER-no-file-was-requested
[       OK ] LoggerFileSinkTest.AnEmptyPathOpensNoFile (0 ms)
[----------] 2 tests from LoggerFileSinkTest (1 ms total)

[----------] 3 tests from LoggerUsageTextTest
[ RUN      ] LoggerUsageTextTest.TheUsageShowsLogfileTakingAPath
[       OK ] LoggerUsageTextTest.TheUsageShowsLogfileTakingAPath (0 ms)
[ RUN      ] LoggerUsageTextTest.TheUsageNoLongerPromisesAHardCodedFilename
[       OK ] LoggerUsageTextTest.TheUsageNoLongerPromisesAHardCodedFilename (0 ms)
[ RUN      ] LoggerUsageTextTest.TheUsageShowsLoglevelTakingAValue
[       OK ] LoggerUsageTextTest.TheUsageShowsLoglevelTakingAValue (0 ms)
[----------] 3 tests from LoggerUsageTextTest (0 ms total)

[----------] 20 tests from RoutingStrategyFixture
[ RUN      ] RoutingStrategyFixture.InstallTargetsTheRyuAddRoute
[       OK ] RoutingStrategyFixture.InstallTargetsTheRyuAddRoute (0 ms)
[ RUN      ] RoutingStrategyFixture.EveryRequestAsksForTheStatusCodeAndBoundsItsTime
[       OK ] RoutingStrategyFixture.EveryRequestAsksForTheStatusCodeAndBoundsItsTime (0 ms)
[ RUN      ] RoutingStrategyFixture.DeleteWithoutPriorityUsesTheNonStrictRoute
[       OK ] RoutingStrategyFixture.DeleteWithoutPriorityUsesTheNonStrictRoute (0 ms)
[ RUN      ] RoutingStrategyFixture.DeleteWithPriorityUsesTheStrictRoute
[       OK ] RoutingStrategyFixture.DeleteWithPriorityUsesTheStrictRoute (0 ms)
[ RUN      ] RoutingStrategyFixture.ModifyWithPriorityUsesTheStrictRouteSoItCanOnlyHitThatEntry
[       OK ] RoutingStrategyFixture.ModifyWithPriorityUsesTheStrictRouteSoItCanOnlyHitThatEntry (0 ms)
[ RUN      ] RoutingStrategyFixture.ModifyWithoutAPriorityStaysOnTheNonStrictRoute
[       OK ] RoutingStrategyFixture.ModifyWithoutAPriorityStaysOnTheNonStrictRoute (0 ms)
[ RUN      ] RoutingStrategyFixture.ModifyOnTheP4ProxyKeepsTheRouteTheProxyActuallyServes
[       OK ] RoutingStrategyFixture.ModifyOnTheP4ProxyKeepsTheRouteTheProxyActuallyServes (0 ms)
[ RUN      ] RoutingStrategyFixture.ModifyAndDeleteAgreeOnWhatAPriorityMeans
[       OK ] RoutingStrategyFixture.ModifyAndDeleteAgreeOnWhatAPriorityMeans (0 ms)
[ RUN      ] RoutingStrategyFixture.IdleTimeoutIsOmittedForBothSentinels
[       OK ] RoutingStrategyFixture.IdleTimeoutIsOmittedForBothSentinels (0 ms)
[ RUN      ] RoutingStrategyFixture.P4StrategyTargetsTheProxyNotRyu
[       OK ] RoutingStrategyFixture.P4StrategyTargetsTheProxyNotRyu (0 ms)
[ RUN      ] RoutingStrategyFixture.ReportsFailureWhenNothingAnswers
[       OK ] RoutingStrategyFixture.ReportsFailureWhenNothingAnswers (0 ms)
[ RUN      ] RoutingStrategyFixture.ReportsFailureOnHttpErrorStatus
[       OK ] RoutingStrategyFixture.ReportsFailureOnHttpErrorStatus (0 ms)
[ RUN      ] RoutingStrategyFixture.TreatsAnErrorBodyInA200AsFailure
[       OK ] RoutingStrategyFixture.TreatsAnErrorBodyInA200AsFailure (0 ms)
[ RUN      ] RoutingStrategyFixture.AcceptsASuccessBodyAndANonJsonBody
[       OK ] RoutingStrategyFixture.AcceptsASuccessBodyAndANonJsonBody (6 ms)
[ RUN      ] RoutingStrategyFixture.HandlesOutputWithNoStatusLine
[       OK ] RoutingStrategyFixture.HandlesOutputWithNoStatusLine (0 ms)
[ RUN      ] RoutingStrategyFixture.AQuoteInAMatchValueIsSentAsDataAndDoesNotBreakTheRequest
[       OK ] RoutingStrategyFixture.AQuoteInAMatchValueIsSentAsDataAndDoesNotBreakTheRequest (0 ms)
[ RUN      ] RoutingStrategyFixture.ARequestThatNeverRanDoesNotAccuseTheController
[       OK ] RoutingStrategyFixture.ARequestThatNeverRanDoesNotAccuseTheController (0 ms)
[ RUN      ] RoutingStrategyFixture.P4RefusesGroupAndMeterEntriesWithoutSendingAnything
[       OK ] RoutingStrategyFixture.P4RefusesGroupAndMeterEntriesWithoutSendingAnything (0 ms)
[ RUN      ] RoutingStrategyFixture.OpenFlowStillSupportsGroupAndMeterEntries
[       OK ] RoutingStrategyFixture.OpenFlowStillSupportsGroupAndMeterEntries (0 ms)
[ RUN      ] RoutingStrategyFixture.StrategiesNameThemselvesForLogs
[       OK ] RoutingStrategyFixture.StrategiesNameThemselvesForLogs (0 ms)
[----------] 20 tests from RoutingStrategyFixture (9 ms total)

[----------] 8 tests from ComputeEstimatedRatesTest
[ RUN      ] ComputeEstimatedRatesTest.ZeroHopsReportsNoActiveHopsInsteadOfDividing
[       OK ] ComputeEstimatedRatesTest.ZeroHopsReportsNoActiveHopsInsteadOfDividing (0 ms)
[ RUN      ] ComputeEstimatedRatesTest.NegativeHopsIsTreatedAsNoActiveHops
[       OK ] ComputeEstimatedRatesTest.NegativeHopsIsTreatedAsNoActiveHops (0 ms)
[ RUN      ] ComputeEstimatedRatesTest.SingleHopReturnsAccumulatedTotalsUnchanged
[       OK ] ComputeEstimatedRatesTest.SingleHopReturnsAccumulatedTotalsUnchanged (0 ms)
[ RUN      ] ComputeEstimatedRatesTest.AveragesAcrossHopsThatObservedTraffic
[       OK ] ComputeEstimatedRatesTest.AveragesAcrossHopsThatObservedTraffic (0 ms)
[ RUN      ] ComputeEstimatedRatesTest.IntegerDivisionTruncatesTowardZero
[       OK ] ComputeEstimatedRatesTest.IntegerDivisionTruncatesTowardZero (0 ms)
[ RUN      ] ComputeEstimatedRatesTest.ZeroTotalsAcrossActiveHopsStillCountsAsActive
[       OK ] ComputeEstimatedRatesTest.ZeroTotalsAcrossActiveHopsStillCountsAsActive (0 ms)
[ RUN      ] ComputeEstimatedRatesTest.FlowAndPacketRatesAreDerivedFromSeparateAccumulators
[       OK ] ComputeEstimatedRatesTest.FlowAndPacketRatesAreDerivedFromSeparateAccumulators (0 ms)
[ RUN      ] ComputeEstimatedRatesTest.HandlesLargeAccumulatedTotalsWithoutOverflow
[       OK ] ComputeEstimatedRatesTest.HandlesLargeAccumulatedTotalsWithoutOverflow (0 ms)
[----------] 8 tests from ComputeEstimatedRatesTest (0 ms total)

[----------] 6 tests from CounterDeltaTest
[ RUN      ] CounterDeltaTest.TheOrdinaryForwardCaseIsPlainSubtraction
[       OK ] CounterDeltaTest.TheOrdinaryForwardCaseIsPlainSubtraction (0 ms)
[ RUN      ] CounterDeltaTest.NoTrafficSinceTheLastReadingIsZeroNotAnError
[       OK ] CounterDeltaTest.NoTrafficSinceTheLastReadingIsZeroNotAnError (0 ms)
[ RUN      ] CounterDeltaTest.ACounterThatWentBackwardsYieldsZeroRatherThanWrappingTo18Exa
[       OK ] CounterDeltaTest.ACounterThatWentBackwardsYieldsZeroRatherThanWrappingTo18Exa (0 ms)
[ RUN      ] CounterDeltaTest.TheWrappedValueWouldHaveBeenReportedAsAnElephantFlow
[       OK ] CounterDeltaTest.TheWrappedValueWouldHaveBeenReportedAsAnElephantFlow (0 ms)
[ RUN      ] CounterDeltaTest.ARealCounterResetToZeroIsTheCommonBackwardsCase
[       OK ] CounterDeltaTest.ARealCounterResetToZeroIsTheCommonBackwardsCase (0 ms)
[ RUN      ] CounterDeltaTest.LargeForwardDeltasAreNotClamped
[       OK ] CounterDeltaTest.LargeForwardDeltasAreNotClamped (0 ms)
[----------] 6 tests from CounterDeltaTest (0 ms total)

[----------] 7 tests from RateDenominator
[ RUN      ] RateDenominator.SameBytesOverTwoSecondsIsHalfTheRate
[       OK ] RateDenominator.SameBytesOverTwoSecondsIsHalfTheRate (0 ms)
[ RUN      ] RateDenominator.TheIntervalActuallyUsedIsTheOneSupplied
[       OK ] RateDenominator.TheIntervalActuallyUsedIsTheOneSupplied (0 ms)
[ RUN      ] RateDenominator.ARealisticLoopPeriodOverstatesByExactlyThatPeriod
[       OK ] RateDenominator.ARealisticLoopPeriodOverstatesByExactlyThatPeriod (0 ms)
[ RUN      ] RateDenominator.ZeroIntervalPublishesNothing
[       OK ] RateDenominator.ZeroIntervalPublishesNothing (0 ms)
[ RUN      ] RateDenominator.NegativeIntervalPublishesNothing
[       OK ] RateDenominator.NegativeIntervalPublishesNothing (0 ms)
[ RUN      ] RateDenominator.ZeroIntervalDoesNotRecordADivisor
[       OK ] RateDenominator.ZeroIntervalDoesNotRecordADivisor (0 ms)
[ RUN      ] RateDenominator.DivisorStartsAtASentinelNotZero
[       OK ] RateDenominator.DivisorStartsAtASentinelNotZero (0 ms)
[----------] 7 tests from RateDenominator (0 ms total)

[----------] 10 tests from FlowRateDenominator
[ RUN      ] FlowRateDenominator.FlowSameBytesOverTwoSecondsIsHalfTheRate
[       OK ] FlowRateDenominator.FlowSameBytesOverTwoSecondsIsHalfTheRate (0 ms)
[ RUN      ] FlowRateDenominator.FlowPacketRateIsPerSecondToo
[       OK ] FlowRateDenominator.FlowPacketRateIsPerSecondToo (0 ms)
[ RUN      ] FlowRateDenominator.ARealisticLoopPeriodOverstatesTheFlowRateByThatPeriod
[       OK ] FlowRateDenominator.ARealisticLoopPeriodOverstatesTheFlowRateByThatPeriod (0 ms)
[ RUN      ] FlowRateDenominator.AnElephantIsDecidedOnTheDividedRate
[       OK ] FlowRateDenominator.AnElephantIsDecidedOnTheDividedRate (0 ms)
[ RUN      ] FlowRateDenominator.OneDivisorForEveryFlowSoTheOrderSurvives
[       OK ] FlowRateDenominator.OneDivisorForEveryFlowSoTheOrderSurvives (0 ms)
[ RUN      ] FlowRateDenominator.ZeroIntervalLeavesTheFlowAlone
[       OK ] FlowRateDenominator.ZeroIntervalLeavesTheFlowAlone (0 ms)
[ RUN      ] FlowRateDenominator.NegativeIntervalLeavesTheFlowAlone
[       OK ] FlowRateDenominator.NegativeIntervalLeavesTheFlowAlone (0 ms)
[ RUN      ] FlowRateDenominator.CountersAreDrainedSoTheNextIntervalStartsFromHere
[       OK ] FlowRateDenominator.CountersAreDrainedSoTheNextIntervalStartsFromHere (0 ms)
[ RUN      ] FlowRateDenominator.TheFlowDivisorIsMeasuredNotAssumed
[       OK ] FlowRateDenominator.TheFlowDivisorIsMeasuredNotAssumed (300 ms)
[ RUN      ] FlowRateDenominator.TheFlowDivisorStartsAtASentinelNotZero
[       OK ] FlowRateDenominator.TheFlowDivisorStartsAtASentinelNotZero (0 ms)
[----------] 10 tests from FlowRateDenominator (300 ms total)

[----------] 5 tests from LeftBandwidthCapacityTest
[ RUN      ] LeftBandwidthCapacityTest.ADeclaredTenGigabitLinkAdvertisesTenGigabitsBeforeAnySample
[       OK ] LeftBandwidthCapacityTest.ADeclaredTenGigabitLinkAdvertisesTenGigabitsBeforeAnySample (1 ms)
[ RUN      ] LeftBandwidthCapacityTest.ADeclaredOneGigabitLinkIsRightForARecordedReason
[       OK ] LeftBandwidthCapacityTest.ADeclaredOneGigabitLinkIsRightForARecordedReason (0 ms)
[ RUN      ] LeftBandwidthCapacityTest.AnUnsampledEdgeIsNotReportedAsMeasured
[       OK ] LeftBandwidthCapacityTest.AnUnsampledEdgeIsNotReportedAsMeasured (0 ms)
[ RUN      ] LeftBandwidthCapacityTest.TheFirstFlowSampleTurnsDeclaredIntoMeasured
[       OK ] LeftBandwidthCapacityTest.TheFirstFlowSampleTurnsDeclaredIntoMeasured (0 ms)
[ RUN      ] LeftBandwidthCapacityTest.AnIdleMeasuredEdgeAndAnUnsampledEdgeShareANumberAndDifferInProvenance
[       OK ] LeftBandwidthCapacityTest.AnIdleMeasuredEdgeAndAnUnsampledEdgeShareANumberAndDifferInProvenance (0 ms)
[----------] 5 tests from LeftBandwidthCapacityTest (3 ms total)

[----------] 3 tests from LeftBandwidthDefaultTest
[ RUN      ] LeftBandwidthDefaultTest.ADefaultConstructedEdgeDoesNotAdvertiseAGigabitOfHeadroom
[       OK ] LeftBandwidthDefaultTest.ADefaultConstructedEdgeDoesNotAdvertiseAGigabitOfHeadroom (0 ms)
[ RUN      ] LeftBandwidthDefaultTest.AnUnrecognisedProvenanceReadsBackAsUnknownNotAsCapacity
[       OK ] LeftBandwidthDefaultTest.AnUnrecognisedProvenanceReadsBackAsUnknownNotAsCapacity (0 ms)
[ RUN      ] LeftBandwidthDefaultTest.TheWireVocabularyIsExactlyThreeWords
[       OK ] LeftBandwidthDefaultTest.TheWireVocabularyIsExactlyThreeWords (0 ms)
[----------] 3 tests from LeftBandwidthDefaultTest (0 ms total)

[----------] 3 tests from FlowPathRecomputeInterval
[ RUN      ] FlowPathRecomputeInterval.IsOneSecondNotOneMillisecond
[       OK ] FlowPathRecomputeInterval.IsOneSecondNotOneMillisecond (0 ms)
[ RUN      ] FlowPathRecomputeInterval.AFlowSurvivingToTheIdleTimeoutGetsManyChancesAtAPath
[       OK ] FlowPathRecomputeInterval.AFlowSurvivingToTheIdleTimeoutGetsManyChancesAtAPath (0 ms)
[ RUN      ] FlowPathRecomputeInterval.ShortFlowsCanDieWithoutAPathAndThatIsTheKnownCost
[       OK ] FlowPathRecomputeInterval.ShortFlowsCanDieWithoutAPathAndThatIsTheKnownCost (0 ms)
[----------] 3 tests from FlowPathRecomputeInterval (0 ms total)

[----------] 6 tests from SwitchKindMappingTest
[ RUN      ] SwitchKindMappingTest.MapsKnownBrandNames
[       OK ] SwitchKindMappingTest.MapsKnownBrandNames (0 ms)
[ RUN      ] SwitchKindMappingTest.UnknownBrandNameIsHardware
[       OK ] SwitchKindMappingTest.UnknownBrandNameIsHardware (0 ms)
[ RUN      ] SwitchKindMappingTest.BrandNameMappingIsCaseSensitiveByDesign
[       OK ] SwitchKindMappingTest.BrandNameMappingIsCaseSensitiveByDesign (0 ms)
[ RUN      ] SwitchKindMappingTest.ExplicitKindStringIsCaseInsensitiveAndAcceptsP4Alias
[       OK ] SwitchKindMappingTest.ExplicitKindStringIsCaseInsensitiveAndAcceptsP4Alias (0 ms)
[ RUN      ] SwitchKindMappingTest.GarbageKindThrowsRatherThanDefaulting
[       OK ] SwitchKindMappingTest.GarbageKindThrowsRatherThanDefaulting (4 ms)
[ RUN      ] SwitchKindMappingTest.ToStringCoversEveryKind
[       OK ] SwitchKindMappingTest.ToStringCoversEveryKind (0 ms)
[----------] 6 tests from SwitchKindMappingTest (4 ms total)

[----------] 18 tests from SwitchKindFixture
[ RUN      ] SwitchKindFixture.DerivesKindFromBrandNameWhenSwitchKindAbsent
[       OK ] SwitchKindFixture.DerivesKindFromBrandNameWhenSwitchKindAbsent (0 ms)
[ RUN      ] SwitchKindFixture.DerivesOvsFromBrandName
[       OK ] SwitchKindFixture.DerivesOvsFromBrandName (0 ms)
[ RUN      ] SwitchKindFixture.ExplicitSwitchKindOverridesBrandName
[       OK ] SwitchKindFixture.ExplicitSwitchKindOverridesBrandName (0 ms)
[ RUN      ] SwitchKindFixture.UnknownDpidHasNoKind
[       OK ] SwitchKindFixture.UnknownDpidHasNoKind (0 ms)
[ RUN      ] SwitchKindFixture.GroupsSwitchesByKind
[       OK ] SwitchKindFixture.GroupsSwitchesByKind (0 ms)
[ RUN      ] SwitchKindFixture.HomogeneousTopologyValidates
[       OK ] SwitchKindFixture.HomogeneousTopologyValidates (0 ms)
[ RUN      ] SwitchKindFixture.MixedTopologyIsRejectedByDefault
[       OK ] SwitchKindFixture.MixedTopologyIsRejectedByDefault (0 ms)
[ RUN      ] SwitchKindFixture.MixedTopologyIsAllowedWhenOptedIn
[       OK ] SwitchKindFixture.MixedTopologyIsAllowedWhenOptedIn (0 ms)
[ RUN      ] SwitchKindFixture.EmptyTopologyFailsValidation
[       OK ] SwitchKindFixture.EmptyTopologyFailsValidation (0 ms)
[ RUN      ] SwitchKindFixture.TopologyOverrideAppliesInMininetMode
[       OK ] SwitchKindFixture.TopologyOverrideAppliesInMininetMode (0 ms)
[ RUN      ] SwitchKindFixture.TopologyOverrideAlsoAppliesInTestbedMode
[       OK ] SwitchKindFixture.TopologyOverrideAlsoAppliesInTestbedMode (0 ms)
[ RUN      ] SwitchKindFixture.EmptyOverrideCountsAsUnset
[       OK ] SwitchKindFixture.EmptyOverrideCountsAsUnset (0 ms)
[ RUN      ] SwitchKindFixture.FallsBackToModeDefaultWithoutOverride
[       OK ] SwitchKindFixture.FallsBackToModeDefaultWithoutOverride (0 ms)
[ RUN      ] SwitchKindFixture.Bmv2DpidSelectsTheP4Strategy
[       OK ] SwitchKindFixture.Bmv2DpidSelectsTheP4Strategy (0 ms)
[ RUN      ] SwitchKindFixture.OvsDpidSelectsTheOpenFlowStrategy
[       OK ] SwitchKindFixture.OvsDpidSelectsTheOpenFlowStrategy (0 ms)
[ RUN      ] SwitchKindFixture.HardwareDpidSelectsTheOpenFlowStrategy
[       OK ] SwitchKindFixture.HardwareDpidSelectsTheOpenFlowStrategy (0 ms)
[ RUN      ] SwitchKindFixture.UnknownDpidReturnsNullptrRatherThanFallingBackToOvs
[       OK ] SwitchKindFixture.UnknownDpidReturnsNullptrRatherThanFallingBackToOvs (0 ms)
[ RUN      ] SwitchKindFixture.MixedTopologyDispatchesPerDpid
[       OK ] SwitchKindFixture.MixedTopologyDispatchesPerDpid (0 ms)
[----------] 18 tests from SwitchKindFixture (4 ms total)

[----------] 3 tests from TopologyIpValidationTest
[ RUN      ] TopologyIpValidationTest.ASwitchWithAnEmptyIpArrayIsRejectedAtLoad
[       OK ] TopologyIpValidationTest.ASwitchWithAnEmptyIpArrayIsRejectedAtLoad (0 ms)
[ RUN      ] TopologyIpValidationTest.ASwitchWithAnAddressStillLoads
[       OK ] TopologyIpValidationTest.ASwitchWithAnAddressStillLoads (0 ms)
[ RUN      ] TopologyIpValidationTest.AHostWithNoAddressIsStillAllowed
[       OK ] TopologyIpValidationTest.AHostWithNoAddressIsStillAllowed (0 ms)
[----------] 3 tests from TopologyIpValidationTest (1 ms total)

[----------] 18 tests from SFlowParsingFixture
[ RUN      ] SFlowParsingFixture.RejectsNullBuffer
[       OK ] SFlowParsingFixture.RejectsNullBuffer (0 ms)
[ RUN      ] SFlowParsingFixture.RejectsDatagramShorterThanTheHeader
[       OK ] SFlowParsingFixture.RejectsDatagramShorterThanTheHeader (0 ms)
[ RUN      ] SFlowParsingFixture.RejectsUnalignedLength
[       OK ] SFlowParsingFixture.RejectsUnalignedLength (0 ms)
[ RUN      ] SFlowParsingFixture.ExtractsFlowsWhenTheVersionIsFive
[       OK ] SFlowParsingFixture.ExtractsFlowsWhenTheVersionIsFive (27 ms)
[ RUN      ] SFlowParsingFixture.IgnoresUnsupportedVersion
[       OK ] SFlowParsingFixture.IgnoresUnsupportedVersion (0 ms)
[ RUN      ] SFlowParsingFixture.HandlesHeaderThatPromisesASampleWithNoBodyAtAll
[       OK ] SFlowParsingFixture.HandlesHeaderThatPromisesASampleWithNoBodyAtAll (0 ms)
[ RUN      ] SFlowParsingFixture.HandlesEveryTruncationOfACounterSample
[       OK ] SFlowParsingFixture.HandlesEveryTruncationOfACounterSample (0 ms)
[ RUN      ] SFlowParsingFixture.HandlesEveryTruncationOfAFlowSample
[       OK ] SFlowParsingFixture.HandlesEveryTruncationOfAFlowSample (0 ms)
[ RUN      ] SFlowParsingFixture.RejectsAnImpossibleSampleCount
[       OK ] SFlowParsingFixture.RejectsAnImpossibleSampleCount (0 ms)
[ RUN      ] SFlowParsingFixture.TerminatesWhenSampleLengthIsZero
[       OK ] SFlowParsingFixture.TerminatesWhenSampleLengthIsZero (0 ms)
[ RUN      ] SFlowParsingFixture.TerminatesWhenFlowDataLengthExceedsSampleLength
[       OK ] SFlowParsingFixture.TerminatesWhenFlowDataLengthExceedsSampleLength (0 ms)
[ RUN      ] SFlowParsingFixture.HandlesSampleLengthLargerThanTheDatagram
[       OK ] SFlowParsingFixture.HandlesSampleLengthLargerThanTheDatagram (0 ms)
[ RUN      ] SFlowParsingFixture.HandlesUnknownSampleTypes
[       OK ] SFlowParsingFixture.HandlesUnknownSampleTypes (0 ms)
[ RUN      ] SFlowParsingFixture.HandlesManySamplesWithinOneDatagram
[       OK ] SFlowParsingFixture.HandlesManySamplesWithinOneDatagram (0 ms)
[ RUN      ] SFlowParsingFixture.HandlesNonIpv4EtherType
[       OK ] SFlowParsingFixture.HandlesNonIpv4EtherType (0 ms)
[ RUN      ] SFlowParsingFixture.SurvivesStructuredGarbage
[       OK ] SFlowParsingFixture.SurvivesStructuredGarbage (2 ms)
[ RUN      ] SFlowParsingFixture.SurvivesTruncationSweepOverGarbage
[       OK ] SFlowParsingFixture.SurvivesTruncationSweepOverGarbage (0 ms)
[ RUN      ] SFlowParsingFixture.CountsEveryMalformedDatagramEvenThoughLoggingIsRateLimited
[       OK ] SFlowParsingFixture.CountsEveryMalformedDatagramEvenThoughLoggingIsRateLimited (0 ms)
[----------] 18 tests from SFlowParsingFixture (33 ms total)

[----------] 4 tests from BoundedWordsTest
[ RUN      ] BoundedWordsTest.ReadsInRangeWordsUnchanged
[       OK ] BoundedWordsTest.ReadsInRangeWordsUnchanged (0 ms)
[ RUN      ] BoundedWordsTest.ThrowsPastTheEnd
[       OK ] BoundedWordsTest.ThrowsPastTheEnd (0 ms)
[ RUN      ] BoundedWordsTest.ReportsTheOffendingOffset
[       OK ] BoundedWordsTest.ReportsTheOffendingOffset (0 ms)
[ RUN      ] BoundedWordsTest.EmptyViewThrowsOnAnyAccess
[       OK ] BoundedWordsTest.EmptyViewThrowsOnAnyAccess (0 ms)
[----------] 4 tests from BoundedWordsTest (0 ms total)

[----------] 8 tests from TelemetrySilenceTest
[ RUN      ] TelemetrySilenceTest.AnAgentThatHasNeverReportedIsUnknownRatherThanSilent
[       OK ] TelemetrySilenceTest.AnAgentThatHasNeverReportedIsUnknownRatherThanSilent (0 ms)
[ RUN      ] TelemetrySilenceTest.ARecentSampleOnThisPortIsLive
[       OK ] TelemetrySilenceTest.ARecentSampleOnThisPortIsLive (0 ms)
[ RUN      ] TelemetrySilenceTest.AnAgentStillReportingElsewhereMakesThisLinksZeroAMeasurement
[       OK ] TelemetrySilenceTest.AnAgentStillReportingElsewhereMakesThisLinksZeroAMeasurement (0 ms)
[ RUN      ] TelemetrySilenceTest.AnAgentReportingNowhereMakesThisLinksZeroAnAbsence
[       OK ] TelemetrySilenceTest.AnAgentReportingNowhereMakesThisLinksZeroAnAbsence (0 ms)
[ RUN      ] TelemetrySilenceTest.APortNeverSeenUnderALiveAgentIsIdleNotUnknown
[       OK ] TelemetrySilenceTest.APortNeverSeenUnderALiveAgentIsIdleNotUnknown (0 ms)
[ RUN      ] TelemetrySilenceTest.TheWindowBoundaryIsInclusiveOnBothSides
[       OK ] TelemetrySilenceTest.TheWindowBoundaryIsInclusiveOnBothSides (0 ms)
[ RUN      ] TelemetrySilenceTest.TheWindowIsConsultedRatherThanHardcoded
[       OK ] TelemetrySilenceTest.TheWindowIsConsultedRatherThanHardcoded (0 ms)
[ RUN      ] TelemetrySilenceTest.TheRawAgesAreReportedAlongsideEveryVerdict
[       OK ] TelemetrySilenceTest.TheRawAgesAreReportedAlongsideEveryVerdict (0 ms)
[----------] 8 tests from TelemetrySilenceTest (0 ms total)

[----------] 7 tests from GoldenFixtureTest
[ RUN      ] GoldenFixtureTest.TheFixtureSetIsCapturedTrafficOnly
[       OK ] GoldenFixtureTest.TheFixtureSetIsCapturedTrafficOnly (6 ms)
[ RUN      ] GoldenFixtureTest.FixturesArePresentAndWellFormed
[       OK ] GoldenFixtureTest.FixturesArePresentAndWellFormed (3 ms)
[ RUN      ] GoldenFixtureTest.ParsesRealOvsDatagramsIntoFlows
[       OK ] GoldenFixtureTest.ParsesRealOvsDatagramsIntoFlows (30 ms)
[ RUN      ] GoldenFixtureTest.ExtractsTheCapturedIperfFlowExactly
[       OK ] GoldenFixtureTest.ExtractsTheCapturedIperfFlowExactly (26 ms)
[ RUN      ] GoldenFixtureTest.ExtractsAllThreeProtocolPathsFromRealTraffic
[       OK ] GoldenFixtureTest.ExtractsAllThreeProtocolPathsFromRealTraffic (27 ms)
[ RUN      ] GoldenFixtureTest.IgnoresNonIpv4Frames
[       OK ] GoldenFixtureTest.IgnoresNonIpv4Frames (28 ms)
[ RUN      ] GoldenFixtureTest.RequiresExtendedSwitchRecordBeforeTheRawHeader
[       OK ] GoldenFixtureTest.RequiresExtendedSwitchRecordBeforeTheRawHeader (3 ms)
[----------] 7 tests from GoldenFixtureTest (126 ms total)

[----------] 9 tests from EmitterRoundtripTest
[ RUN      ] EmitterRoundtripTest.ParsesEmittedTcpSampleIntoTheExactFiveTuple
[       OK ] EmitterRoundtripTest.ParsesEmittedTcpSampleIntoTheExactFiveTuple (29 ms)
[ RUN      ] EmitterRoundtripTest.ParsesEmittedUdpSample
[       OK ] EmitterRoundtripTest.ParsesEmittedUdpSample (21 ms)
[ RUN      ] EmitterRoundtripTest.ParsesEmittedIcmpSampleWithTypeAndCodeInThePortFields
[       OK ] EmitterRoundtripTest.ParsesEmittedIcmpSampleWithTypeAndCodeInThePortFields (24 ms)
[ RUN      ] EmitterRoundtripTest.ParsesIcmpWithBothTypeAndCodeNonZero
[       OK ] EmitterRoundtripTest.ParsesIcmpWithBothTypeAndCodeNonZero (23 ms)
[ RUN      ] EmitterRoundtripTest.IgnoresEmittedArpWithoutInventingAFlow
[       OK ] EmitterRoundtripTest.IgnoresEmittedArpWithoutInventingAFlow (0 ms)
[ RUN      ] EmitterRoundtripTest.ParsesATruncatedFrameAndReportsTheOriginalLength
[       OK ] EmitterRoundtripTest.ParsesATruncatedFrameAndReportsTheOriginalLength (22 ms)
[ RUN      ] EmitterRoundtripTest.WalksEverySampleInAMultiSampleDatagram
[       OK ] EmitterRoundtripTest.WalksEverySampleInAMultiSampleDatagram (24 ms)
[ RUN      ] EmitterRoundtripTest.BatchedSamplesBankEverySampleBytes
[       OK ] EmitterRoundtripTest.BatchedSamplesBankEverySampleBytes (94 ms)
[ RUN      ] EmitterRoundtripTest.EmittedAndCapturedDatagramsAgreeOnStructure
[       OK ] EmitterRoundtripTest.EmittedAndCapturedDatagramsAgreeOnStructure (22 ms)
[----------] 9 tests from EmitterRoundtripTest (264 ms total)

[----------] 5 tests from IdentityPortMappingTest
[ RUN      ] IdentityPortMappingTest.AnAllBmv2TopologySkipsOvsVsctl
[       OK ] IdentityPortMappingTest.AnAllBmv2TopologySkipsOvsVsctl (0 ms)
[ RUN      ] IdentityPortMappingTest.AnAllOvsTopologyStillTranslates
[       OK ] IdentityPortMappingTest.AnAllOvsTopologyStillTranslates (0 ms)
[ RUN      ] IdentityPortMappingTest.AnEmptyTopologyKeepsTheExistingBehaviour
[       OK ] IdentityPortMappingTest.AnEmptyTopologyKeepsTheExistingBehaviour (0 ms)
[ RUN      ] IdentityPortMappingTest.AMixedTopologyDoesNotUseIdentity
[       OK ] IdentityPortMappingTest.AMixedTopologyDoesNotUseIdentity (0 ms)
[ RUN      ] IdentityPortMappingTest.HardwareSwitchesTranslate
[       OK ] IdentityPortMappingTest.HardwareSwitchesTranslate (0 ms)
[----------] 5 tests from IdentityPortMappingTest (0 ms total)

[----------] 4 tests from LateTopologyFixture
[ RUN      ] LateTopologyFixture.IdentityMappingIsChosenEvenWhenTheTopologyLoadsAfterStartup
[       OK ] LateTopologyFixture.IdentityMappingIsChosenEvenWhenTheTopologyLoadsAfterStartup (1 ms)
[ RUN      ] LateTopologyFixture.TheDecisionIsMadeOnceAndSticks
[       OK ] LateTopologyFixture.TheDecisionIsMadeOnceAndSticks (0 ms)
[ RUN      ] LateTopologyFixture.AnOvsTopologyStillGoesThroughTheMap
[       OK ] LateTopologyFixture.AnOvsTopologyStillGoesThroughTheMap (22 ms)
[ RUN      ] LateTopologyFixture.ConcurrentFirstLookupsAgreeOnOneDecision
[       OK ] LateTopologyFixture.ConcurrentFirstLookupsAgreeOnOneDecision (2 ms)
[----------] 4 tests from LateTopologyFixture (26 ms total)

[----------] 7 tests from ClassifierDropRule
[ RUN      ] ClassifierDropRule.IngestingARuleWithNoActionsDoesNotCrash
[       OK ] ClassifierDropRule.IngestingARuleWithNoActionsDoesNotCrash (0 ms)
[ RUN      ] ClassifierDropRule.ADropRuleAmongNormalOnesDoesNotCrash
[       OK ] ClassifierDropRule.ADropRuleAmongNormalOnesDoesNotCrash (0 ms)
[ RUN      ] ClassifierDropRule.AnUnparseableOutputTargetAlsoYieldsNoOutputPort
[       OK ] ClassifierDropRule.AnUnparseableOutputTargetAlsoYieldsNoOutputPort (0 ms)
[ RUN      ] ClassifierDropRule.LookupOnATableWhoseOnlyRuleDropsDoesNotCrash
[       OK ] ClassifierDropRule.LookupOnATableWhoseOnlyRuleDropsDoesNotCrash (0 ms)
[ RUN      ] ClassifierDropRule.ANegativePriorityDoesNotCrashTheLookup
[       OK ] ClassifierDropRule.ANegativePriorityDoesNotCrashTheLookup (0 ms)
[ RUN      ] ClassifierDropRule.TheHighestPriorityRuleStillWinsAcrossSubtables
[       OK ] ClassifierDropRule.TheHighestPriorityRuleStillWinsAcrossSubtables (0 ms)
[ RUN      ] ClassifierDropRule.ANormalRuleStillReportsItsOutputPort
[       OK ] ClassifierDropRule.ANormalRuleStillReportsItsOutputPort (0 ms)
[----------] 7 tests from ClassifierDropRule (1 ms total)

[----------] 8 tests from EventBusTest
[ RUN      ] EventBusTest.EmitWithNoHandlersDoesNothing
[       OK ] EventBusTest.EmitWithNoHandlersDoesNothing (0 ms)
[ RUN      ] EventBusTest.DeliversToEveryHandlerForThatType
[       OK ] EventBusTest.DeliversToEveryHandlerForThatType (0 ms)
[ RUN      ] EventBusTest.DoesNotDeliverToHandlersForOtherTypes
[       OK ] EventBusTest.DoesNotDeliverToHandlersForOtherTypes (0 ms)
[ RUN      ] EventBusTest.HandlerCarriesThePayload
[       OK ] EventBusTest.HandlerCarriesThePayload (0 ms)
[ RUN      ] EventBusTest.AHandlerMayRegisterAnotherHandler
[       OK ] EventBusTest.AHandlerMayRegisterAnotherHandler (0 ms)
[ RUN      ] EventBusTest.AHandlerMayEmitAnotherEvent
[       OK ] EventBusTest.AHandlerMayEmitAnotherEvent (0 ms)
[ RUN      ] EventBusTest.AHandlerMayEmitTheSameEventTypeWithoutInfiniteRecursion
[       OK ] EventBusTest.AHandlerMayEmitTheSameEventTypeWithoutInfiniteRecursion (0 ms)
[ RUN      ] EventBusTest.ConcurrentEmitAndRegisterDoNotDeadlock
[       OK ] EventBusTest.ConcurrentEmitAndRegisterDoNotDeadlock (3 ms)
[----------] 8 tests from EventBusTest (3 ms total)

[----------] 11 tests from P4FlowStatsToClassifier
[ RUN      ] P4FlowStatsToClassifier.AnEmptyTableClearsTheRulesItReplaces
[       OK ] P4FlowStatsToClassifier.AnEmptyTableClearsTheRulesItReplaces (0 ms)
[ RUN      ] P4FlowStatsToClassifier.AnEmptyTableStillCountsAsHavingHeardFromTheSwitch
[       OK ] P4FlowStatsToClassifier.AnEmptyTableStillCountsAsHavingHeardFromTheSwitch (0 ms)
[ RUN      ] P4FlowStatsToClassifier.AMalformedTableLeavesTheExistingRulesAlone
[       OK ] P4FlowStatsToClassifier.AMalformedTableLeavesTheExistingRulesAlone (0 ms)
[ RUN      ] P4FlowStatsToClassifier.TheProxyResponseIsIngestedAtAll
[       OK ] P4FlowStatsToClassifier.TheProxyResponseIsIngestedAtAll (0 ms)
[ RUN      ] P4FlowStatsToClassifier.ALookupYieldsANonEmptyOutputPort
[       OK ] P4FlowStatsToClassifier.ALookupYieldsANonEmptyOutputPort (0 ms)
[ RUN      ] P4FlowStatsToClassifier.TheHigherPriorityFiveTupleRuleWins
[       OK ] P4FlowStatsToClassifier.TheHigherPriorityFiveTupleRuleWins (0 ms)
[ RUN      ] P4FlowStatsToClassifier.TrafficNotCoveredByTheFiveTupleRuleFallsBackToTheLpmRoute
[       OK ] P4FlowStatsToClassifier.TrafficNotCoveredByTheFiveTupleRuleFallsBackToTheLpmRoute (0 ms)
[ RUN      ] P4FlowStatsToClassifier.AnObjectFormActionWouldNotHaveWorked
[       OK ] P4FlowStatsToClassifier.AnObjectFormActionWouldNotHaveWorked (0 ms)
[ RUN      ] P4FlowStatsToClassifier.AnEmptyFlowListIsHandledCleanly
[       OK ] P4FlowStatsToClassifier.AnEmptyFlowListIsHandledCleanly (0 ms)
[ RUN      ] P4FlowStatsToClassifier.AVlanMatchIsIngestedRatherThanPoisoningEveryLaterPoll
[       OK ] P4FlowStatsToClassifier.AVlanMatchIsIngestedRatherThanPoisoningEveryLaterPoll (0 ms)
[ RUN      ] P4FlowStatsToClassifier.AVlanRuleDoesNotStopTheSwitchesPolledAfterIt
[       OK ] P4FlowStatsToClassifier.AVlanRuleDoesNotStopTheSwitchesPolledAfterIt (0 ms)
[----------] 11 tests from P4FlowStatsToClassifier (2 ms total)

[----------] 7 tests from OvsLivenessTest
[ RUN      ] OvsLivenessTest.APresentBridgeIsUp
[       OK ] OvsLivenessTest.APresentBridgeIsUp (0 ms)
[ RUN      ] OvsLivenessTest.AnAbsentBridgeIsDown
[       OK ] OvsLivenessTest.AnAbsentBridgeIsDown (0 ms)
[ RUN      ] OvsLivenessTest.AFailedQueryIsUnknownRatherThanDown
[       OK ] OvsLivenessTest.AFailedQueryIsUnknownRatherThanDown (0 ms)
[ RUN      ] OvsLivenessTest.AnEmptyButSuccessfulQueryStillMeansDown
[       OK ] OvsLivenessTest.AnEmptyButSuccessfulQueryStillMeansDown (0 ms)
[ RUN      ] OvsLivenessTest.TheDecisionIsSymmetricSoASwitchCanRecover
[       OK ] OvsLivenessTest.TheDecisionIsSymmetricSoASwitchCanRecover (0 ms)
[ RUN      ] OvsLivenessTest.MatchingIsExactSoSimilarNamesDoNotSatisfyEachOther
[       OK ] OvsLivenessTest.MatchingIsExactSoSimilarNamesDoNotSatisfyEachOther (0 ms)
[ RUN      ] OvsLivenessTest.AnEmptyBridgeNameIsNotMatchedByAccident
[       OK ] OvsLivenessTest.AnEmptyBridgeNameIsNotMatchedByAccident (0 ms)
[----------] 7 tests from OvsLivenessTest (0 ms total)

[----------] 4 tests from FailureRunTest
[ RUN      ] FailureRunTest.OnlyTheFirstFailureOfARunReports
[       OK ] FailureRunTest.OnlyTheFirstFailureOfARunReports (0 ms)
[ RUN      ] FailureRunTest.SuccessWithNoOpenRunSaysNothing
[       OK ] FailureRunTest.SuccessWithNoOpenRunSaysNothing (0 ms)
[ RUN      ] FailureRunTest.RecoveryReportsTheRunLengthExactlyOnce
[       OK ] FailureRunTest.RecoveryReportsTheRunLengthExactlyOnce (0 ms)
[ RUN      ] FailureRunTest.ASecondRunReportsAgainRatherThanStayingQuietForever
[       OK ] FailureRunTest.ASecondRunReportsAgainRatherThanStayingQuietForever (0 ms)
[----------] 4 tests from FailureRunTest (0 ms total)

[----------] 12 tests from CommandStatusTest
[ RUN      ] CommandStatusTest.AnExitCodeIsReportedAsAnExitCodeNotAWaitStatus
[       OK ] CommandStatusTest.AnExitCodeIsReportedAsAnExitCodeNotAWaitStatus (0 ms)
[ RUN      ] CommandStatusTest.TheTwoStatusesThisCommandActuallyProducesAreExplained
[       OK ] CommandStatusTest.TheTwoStatusesThisCommandActuallyProducesAreExplained (0 ms)
[ RUN      ] CommandStatusTest.ASignalledCommandIsNotReportedAsAnExitCode
[       OK ] CommandStatusTest.ASignalledCommandIsNotReportedAsAnExitCode (0 ms)
[ RUN      ] CommandStatusTest.MinusOneIsReportedAsAFailureToReapRatherThanAsSuccess
[       OK ] CommandStatusTest.MinusOneIsReportedAsAFailureToReapRatherThanAsSuccess (0 ms)
[ RUN      ] CommandStatusTest.DecodesAWaitStatusRatherThanPrintingIt
[       OK ] CommandStatusTest.DecodesAWaitStatusRatherThanPrintingIt (0 ms)
[ RUN      ] CommandStatusTest.NamesTheTwoCasesThatSendAnOperatorElsewhere
[       OK ] CommandStatusTest.NamesTheTwoCasesThatSendAnOperatorElsewhere (0 ms)
[ RUN      ] CommandStatusTest.NamesTheToolTheCommandActuallyRan
[       OK ] CommandStatusTest.NamesTheToolTheCommandActuallyRan (0 ms)
[ RUN      ] CommandStatusTest.DoesNotBlameOvsVsctlForAnotherToolsFailure
[       OK ] CommandStatusTest.DoesNotBlameOvsVsctlForAnotherToolsFailure (0 ms)
[ RUN      ] CommandStatusTest.TheSudoHintOnlyAppliesWhenSudoWasUsed
[       OK ] CommandStatusTest.TheSudoHintOnlyAppliesWhenSudoWasUsed (0 ms)
[ RUN      ] CommandStatusTest.SaysSomethingUsefulWithNoCommandAtAll
[       OK ] CommandStatusTest.SaysSomethingUsefulWithNoCommandAtAll (0 ms)
[ RUN      ] CommandStatusTest.ReportsSignalsAndUnreapedChildren
[       OK ] CommandStatusTest.ReportsSignalsAndUnreapedChildren (0 ms)
[ RUN      ] CommandStatusTest.TheNumberInTheMessageIsNeverTheRawStatus
[       OK ] CommandStatusTest.TheNumberInTheMessageIsNeverTheRawStatus (0 ms)
[----------] 12 tests from CommandStatusTest (0 ms total)

[----------] 5 tests from SyntheticPowerTest
[ RUN      ] SyntheticPowerTest.IsAPlausibleWattageForEveryTopologySwitch
[       OK ] SyntheticPowerTest.IsAPlausibleWattageForEveryTopologySwitch (0 ms)
[ RUN      ] SyntheticPowerTest.NeverReportsAnAstronomicalValue
[       OK ] SyntheticPowerTest.NeverReportsAnAstronomicalValue (0 ms)
[ RUN      ] SyntheticPowerTest.IsStableAcrossPollsForTheSameSwitch
[       OK ] SyntheticPowerTest.IsStableAcrossPollsForTheSameSwitch (0 ms)
[ RUN      ] SyntheticPowerTest.SwitchesAreSpreadAcrossTheBandNotBunchedAtOneEnd
[       OK ] SyntheticPowerTest.SwitchesAreSpreadAcrossTheBandNotBunchedAtOneEnd (0 ms)
[ RUN      ] SyntheticPowerTest.AnUnexpectedDpidStillYieldsSomethingPlausible
[       OK ] SyntheticPowerTest.AnUnexpectedDpidStillYieldsSomethingPlausible (0 ms)
[----------] 5 tests from SyntheticPowerTest (0 ms total)

[----------] 9 tests from SimulatedDeviceMetricsTest
[ RUN      ] SimulatedDeviceMetricsTest.CpuReportsUnavailableForEverySwitch
[       OK ] SimulatedDeviceMetricsTest.CpuReportsUnavailableForEverySwitch (0 ms)
[ RUN      ] SimulatedDeviceMetricsTest.MemoryReportsUnavailableForEverySwitch
[       OK ] SimulatedDeviceMetricsTest.MemoryReportsUnavailableForEverySwitch (0 ms)
[ RUN      ] SimulatedDeviceMetricsTest.TemperatureReportsUnavailableForEverySwitch
[       OK ] SimulatedDeviceMetricsTest.TemperatureReportsUnavailableForEverySwitch (0 ms)
[ RUN      ] SimulatedDeviceMetricsTest.CpuAndMemoryNoLongerDifferOnlyByAccident
[       OK ] SimulatedDeviceMetricsTest.CpuAndMemoryNoLongerDifferOnlyByAccident (0 ms)
[ RUN      ] SimulatedDeviceMetricsTest.NoTwoSwitchesShareAFabricatedNumber
[       OK ] SimulatedDeviceMetricsTest.NoTwoSwitchesShareAFabricatedNumber (0 ms)
[ RUN      ] SimulatedDeviceMetricsTest.TheIntentTranslatorsPerDeviceQueryAgreesWithTheMap
[       OK ] SimulatedDeviceMetricsTest.TheIntentTranslatorsPerDeviceQueryAgreesWithTheMap (0 ms)
[ RUN      ] SimulatedDeviceMetricsTest.ADownSwitchStillReportsTheSameSentinel
[       OK ] SimulatedDeviceMetricsTest.ADownSwitchStillReportsTheSameSentinel (0 ms)
[ RUN      ] SimulatedDeviceMetricsTest.AVertexWithNoIpIsSkippedRatherThanDereferenced
[       OK ] SimulatedDeviceMetricsTest.AVertexWithNoIpIsSkippedRatherThanDereferenced (0 ms)
[ RUN      ] SimulatedDeviceMetricsTest.HostsAreStillOmittedFromEveryReport
[       OK ] SimulatedDeviceMetricsTest.HostsAreStillOmittedFromEveryReport (0 ms)
[----------] 9 tests from SimulatedDeviceMetricsTest (1 ms total)

[----------] 7 tests from KeyedFailureLogTest
[ RUN      ] KeyedFailureLogTest.AFailureIsReportedOnceThenStaysQuiet
[       OK ] KeyedFailureLogTest.AFailureIsReportedOnceThenStaysQuiet (2 ms)
[ RUN      ] KeyedFailureLogTest.RecoveryIsReportedWithHowLongItLasted
[       OK ] KeyedFailureLogTest.RecoveryIsReportedWithHowLongItLasted (0 ms)
[ RUN      ] KeyedFailureLogTest.RecoveryIsReportedOnlyOnce
[       OK ] KeyedFailureLogTest.RecoveryIsReportedOnlyOnce (0 ms)
[ RUN      ] KeyedFailureLogTest.AFailureThatReturnsIsReportedAgain
[       OK ] KeyedFailureLogTest.AFailureThatReturnsIsReportedAgain (0 ms)
[ RUN      ] KeyedFailureLogTest.DistinctFailuresAreTrackedIndependently
[       OK ] KeyedFailureLogTest.DistinctFailuresAreTrackedIndependently (0 ms)
[ RUN      ] KeyedFailureLogTest.RepeatsWithinOnePassCountAsOne
[       OK ] KeyedFailureLogTest.RepeatsWithinOnePassCountAsOne (0 ms)
[ RUN      ] KeyedFailureLogTest.AQuietLoopReportsNothingAtAll
[       OK ] KeyedFailureLogTest.AQuietLoopReportsNothingAtAll (0 ms)
[----------] 7 tests from KeyedFailureLogTest (2 ms total)

[----------] 5 tests from KeyedFailureLogHoldOffTest
[ RUN      ] KeyedFailureLogHoldOffTest.AFailureShorterThanTheHoldOffIsNeverReported
[       OK ] KeyedFailureLogHoldOffTest.AFailureShorterThanTheHoldOffIsNeverReported (0 ms)
[ RUN      ] KeyedFailureLogHoldOffTest.AFailureThatOutlastsTheHoldOffIsReportedOnce
[       OK ] KeyedFailureLogHoldOffTest.AFailureThatOutlastsTheHoldOffIsReportedOnce (0 ms)
[ RUN      ] KeyedFailureLogHoldOffTest.RecoveryIsReportedOnlyForAFailureThatWasReported
[       OK ] KeyedFailureLogHoldOffTest.RecoveryIsReportedOnlyForAFailureThatWasReported (0 ms)
[ RUN      ] KeyedFailureLogHoldOffTest.TheHoldOffIsPerKeyNotGlobal
[       OK ] KeyedFailureLogHoldOffTest.TheHoldOffIsPerKeyNotGlobal (0 ms)
[ RUN      ] KeyedFailureLogHoldOffTest.ZeroHoldOffKeepsTheImmediateBehaviour
[       OK ] KeyedFailureLogHoldOffTest.ZeroHoldOffKeepsTheImmediateBehaviour (0 ms)
[----------] 5 tests from KeyedFailureLogHoldOffTest (0 ms total)

[----------] 7 tests from KeyedFailureLogForgetWindowTest
[ RUN      ] KeyedFailureLogForgetWindowTest.ARepeatedlyInterruptedFailureIsStillReported
[       OK ] KeyedFailureLogForgetWindowTest.ARepeatedlyInterruptedFailureIsStillReported (101 ms)
[ RUN      ] KeyedFailureLogForgetWindowTest.AFlappingFailureAccumulatesTowardsTheHoldOff
[       OK ] KeyedFailureLogForgetWindowTest.AFlappingFailureAccumulatesTowardsTheHoldOff (0 ms)
[ RUN      ] KeyedFailureLogForgetWindowTest.AGapLongerThanTheForgetWindowDoesRestartTheHoldOff
[       OK ] KeyedFailureLogForgetWindowTest.AGapLongerThanTheForgetWindowDoesRestartTheHoldOff (0 ms)
[ RUN      ] KeyedFailureLogForgetWindowTest.TheForgetWindowCanBeSetIndependently
[       OK ] KeyedFailureLogForgetWindowTest.TheForgetWindowCanBeSetIndependently (0 ms)
[ RUN      ] KeyedFailureLogForgetWindowTest.AStaleEntryIsForgottenEvenIfNoPassRanDuringTheGap
[       OK ] KeyedFailureLogForgetWindowTest.AStaleEntryIsForgottenEvenIfNoPassRanDuringTheGap (0 ms)
[ RUN      ] KeyedFailureLogForgetWindowTest.AReportedFailureThatVanishesWithNoFurtherPassesStillRecovers
[       OK ] KeyedFailureLogForgetWindowTest.AReportedFailureThatVanishesWithNoFurtherPassesStillRecovers (0 ms)
[ RUN      ] KeyedFailureLogForgetWindowTest.AZeroHoldOffForgetsImmediatelyAsBefore
[       OK ] KeyedFailureLogForgetWindowTest.AZeroHoldOffForgetsImmediatelyAsBefore (0 ms)
[----------] 7 tests from KeyedFailureLogForgetWindowTest (101 ms total)

[----------] 4 tests from IpToStringTest
[ RUN      ] IpToStringTest.ConvertsKnownAddresses
[       OK ] IpToStringTest.ConvertsKnownAddresses (0 ms)
[ RUN      ] IpToStringTest.ConcurrentCallersEachGetTheirOwnAnswer
[       OK ] IpToStringTest.ConcurrentCallersEachGetTheirOwnAnswer (9 ms)
[ RUN      ] IpToStringTest.TheVectorOverloadIsAlsoSafeAndPreservesOrder
[       OK ] IpToStringTest.TheVectorOverloadIsAlsoSafeAndPreservesOrder (12 ms)
[ RUN      ] IpToStringTest.RoundTripsThroughIpStringToUint32
[       OK ] IpToStringTest.RoundTripsThroughIpStringToUint32 (0 ms)
[----------] 4 tests from IpToStringTest (22 ms total)

[----------] 7 tests from TryMacToUint64Test
[ RUN      ] TryMacToUint64Test.AWellFormedMacParses
[       OK ] TryMacToUint64Test.AWellFormedMacParses (0 ms)
[ RUN      ] TryMacToUint64Test.TheDashSeparatorIsAcceptedToo
[       OK ] TryMacToUint64Test.TheDashSeparatorIsAcceptedToo (0 ms)
[ RUN      ] TryMacToUint64Test.AMacOneDigitShortIsRefusedRatherThanSilentlyWrong
[       OK ] TryMacToUint64Test.AMacOneDigitShortIsRefusedRatherThanSilentlyWrong (0 ms)
[ RUN      ] TryMacToUint64Test.AnythingThatIsNotExactlySeventeenCharactersIsRefused
[       OK ] TryMacToUint64Test.AnythingThatIsNotExactlySeventeenCharactersIsRefused (0 ms)
[ RUN      ] TryMacToUint64Test.TheSeparatorsMustActuallyBeSeparators
[       OK ] TryMacToUint64Test.TheSeparatorsMustActuallyBeSeparators (0 ms)
[ RUN      ] TryMacToUint64Test.NonHexDigitsAreRefused
[       OK ] TryMacToUint64Test.NonHexDigitsAreRefused (0 ms)
[ RUN      ] TryMacToUint64Test.TheThrowingWrapperStillThrowsAndOnTheSameInputs
[       OK ] TryMacToUint64Test.TheThrowingWrapperStillThrowsAndOnTheSameInputs (4 ms)
[----------] 7 tests from TryMacToUint64Test (4 ms total)

[----------] 9 tests from FlowDispatcherTest
[ RUN      ] FlowDispatcherTest.DeliversWhatWasEnqueued
[       OK ] FlowDispatcherTest.DeliversWhatWasEnqueued (2 ms)
[ RUN      ] FlowDispatcherTest.StopReturnsRatherThanDeadlockingOnAnIdleWorker
[       OK ] FlowDispatcherTest.StopReturnsRatherThanDeadlockingOnAnIdleWorker (2 ms)
[ RUN      ] FlowDispatcherTest.StopIsSafeWhileJobsAreStillArriving
[       OK ] FlowDispatcherTest.StopIsSafeWhileJobsAreStillArriving (2 ms)
[ RUN      ] FlowDispatcherTest.EnqueueAfterStopIsDroppedRatherThanSpawningAnUnownedThread
[       OK ] FlowDispatcherTest.EnqueueAfterStopIsDroppedRatherThanSpawningAnUnownedThread (52 ms)
[ RUN      ] FlowDispatcherTest.StopIsIdempotentBecauseTheDestructorCallsItToo
[       OK ] FlowDispatcherTest.StopIsIdempotentBecauseTheDestructorCallsItToo (2 ms)
[ RUN      ] FlowDispatcherTest.EnqueueBeforeStartDoesNotRunWork
[       OK ] FlowDispatcherTest.EnqueueBeforeStartDoesNotRunWork (52 ms)
[ RUN      ] FlowDispatcherTest.DeterministicNoLostWakeupWhenEnqueueRacesWithWorkerSleep
[       OK ] FlowDispatcherTest.DeterministicNoLostWakeupWhenEnqueueRacesWithWorkerSleep (6 ms)
[ RUN      ] FlowDispatcherTest.JobsDroppedAfterStopAreCountedAndNotSilent
[       OK ] FlowDispatcherTest.JobsDroppedAfterStopAreCountedAndNotSilent (2 ms)
[ RUN      ] FlowDispatcherTest.RunningTellsAZeroDropCountApartFromAStoppedQueue
[       OK ] FlowDispatcherTest.RunningTellsAZeroDropCountApartFromAStoppedQueue (0 ms)
[----------] 9 tests from FlowDispatcherTest (124 ms total)

[----------] 9 tests from DispatchOutcomeLogTest
[ RUN      ] DispatchOutcomeLogTest.SuccessesAreCountedButNotStored
[       OK ] DispatchOutcomeLogTest.SuccessesAreCountedButNotStored (0 ms)
[ RUN      ] DispatchOutcomeLogTest.AFailureKeepsEnoughIdentityToActOn
[       OK ] DispatchOutcomeLogTest.AFailureKeepsEnoughIdentityToActOn (0 ms)
[ RUN      ] DispatchOutcomeLogTest.UnreachableControllerIsDistinguishableFromRefusal
[       OK ] DispatchOutcomeLogTest.UnreachableControllerIsDistinguishableFromRefusal (0 ms)
[ RUN      ] DispatchOutcomeLogTest.ASuccessBurstDoesNotEvictAnEarlierFailure
[       OK ] DispatchOutcomeLogTest.ASuccessBurstDoesNotEvictAnEarlierFailure (5 ms)
[ RUN      ] DispatchOutcomeLogTest.OverflowDropsTheOldestAndSaysHowMany
[       OK ] DispatchOutcomeLogTest.OverflowDropsTheOldestAndSaysHowMany (0 ms)
[ RUN      ] DispatchOutcomeLogTest.SeqIsGlobalSoGapsBetweenFailuresAreVisible
[       OK ] DispatchOutcomeLogTest.SeqIsGlobalSoGapsBetweenFailuresAreVisible (0 ms)
[ RUN      ] DispatchOutcomeLogTest.ConcurrentRecordersLoseNothing
[       OK ] DispatchOutcomeLogTest.ConcurrentRecordersLoseNothing (10 ms)
[ RUN      ] DispatchOutcomeLogTest.EveryOpHasAName
[       OK ] DispatchOutcomeLogTest.EveryOpHasAName (0 ms)
[ RUN      ] DispatchOutcomeLogTest.ZeroCapacityStillKeepsOneRatherThanDividingByZero
[       OK ] DispatchOutcomeLogTest.ZeroCapacityStillKeepsOneRatherThanDividingByZero (0 ms)
[----------] 9 tests from DispatchOutcomeLogTest (16 ms total)

[----------] 6 tests from PendingEntryFilterTest
[ RUN      ] PendingEntryFilterTest.APendingEntryIsWithheldUntilConfirmed
[       OK ] PendingEntryFilterTest.APendingEntryIsWithheldUntilConfirmed (0 ms)
[ RUN      ] PendingEntryFilterTest.AConfirmedEntryIsServedAndLosesItsStamp
[       OK ] PendingEntryFilterTest.AConfirmedEntryIsServedAndLosesItsStamp (0 ms)
[ RUN      ] PendingEntryFilterTest.PolledEntriesAreNeverTouchedEvenWhenNothingIsConfirmed
[       OK ] PendingEntryFilterTest.PolledEntriesAreNeverTouchedEvenWhenNothingIsConfirmed (0 ms)
[ RUN      ] PendingEntryFilterTest.TheFilterIsKeyedOnProvenanceNotOnLookingLikeARequest
[       OK ] PendingEntryFilterTest.TheFilterIsKeyedOnProvenanceNotOnLookingLikeARequest (0 ms)
[ RUN      ] PendingEntryFilterTest.AnUnwiredPredicateWithholdsRatherThanRestoresThePhantom
[       OK ] PendingEntryFilterTest.AnUnwiredPredicateWithholdsRatherThanRestoresThePhantom (0 ms)
[ RUN      ] PendingEntryFilterTest.MalformedShapesAreLeftAloneRatherThanThrowing
[       OK ] PendingEntryFilterTest.MalformedShapesAreLeftAloneRatherThanThrowing (0 ms)
[----------] 6 tests from PendingEntryFilterTest (0 ms total)

[----------] 2 tests from ProgrammedTokenTest
[ RUN      ] ProgrammedTokenTest.OnlyASouthboundSuccessConfirmsAToken
[       OK ] ProgrammedTokenTest.OnlyASouthboundSuccessConfirmsAToken (0 ms)
[ RUN      ] ProgrammedTokenTest.ForgettingATokenHidesARealEntryRatherThanShowingAPhantom
[       OK ] ProgrammedTokenTest.ForgettingATokenHidesARealEntryRatherThanShowingAPhantom (8 ms)
[----------] 2 tests from ProgrammedTokenTest (9 ms total)

[----------] 11 tests from ControllerTest
[ RUN      ] ControllerTest.EachFlowOpReachesItsOwnManagerMethod
[       OK ] ControllerTest.EachFlowOpReachesItsOwnManagerMethod (2 ms)
[ RUN      ] ControllerTest.TheJobsFieldsArePassedThroughRatherThanDefaulted
[       OK ] ControllerTest.TheJobsFieldsArePassedThroughRatherThanDefaulted (2 ms)
[ RUN      ] ControllerTest.ADeleteKeepsItsPriorityIncludingTheNonStrictDefault
[       OK ] ControllerTest.ADeleteKeepsItsPriorityIncludingTheNonStrictDefault (2 ms)
[ RUN      ] ControllerTest.AFailedResultDoesNotStopTheRestOfTheBatch
[       OK ] ControllerTest.AFailedResultDoesNotStopTheRestOfTheBatch (2 ms)
[ RUN      ] ControllerTest.ASuccessfulResultIsAlsoFineAndNothingIsRetried
[       OK ] ControllerTest.ASuccessfulResultIsAlsoFineAndNothingIsRetried (102 ms)
[ RUN      ] ControllerTest.AFailedDispatchIsReportedWithTheDpidAndTheControllersReply
[       OK ] ControllerTest.AFailedDispatchIsReportedWithTheDpidAndTheControllersReply (3 ms)
[ RUN      ] ControllerTest.EachOperationNamesItselfWhenItFails
[       OK ] ControllerTest.EachOperationNamesItselfWhenItFails (7 ms)
[ RUN      ] ControllerTest.ASuccessfulDispatchReportsNothing
[       OK ] ControllerTest.ASuccessfulDispatchReportsNothing (82 ms)
[ RUN      ] ControllerTest.AFailedDispatchReachesTheDispatchOutcomeLog
[       OK ] ControllerTest.AFailedDispatchReachesTheDispatchOutcomeLog (2 ms)
[ RUN      ] ControllerTest.ASuccessfulDispatchIsCountedEvenThoughNothingIsStored
[       OK ] ControllerTest.ASuccessfulDispatchIsCountedEvenThoughNothingIsStored (2 ms)
[ RUN      ] ControllerTest.EveryOperationsFailureIsRecordedNotJustInstalls
[       OK ] ControllerTest.EveryOperationsFailureIsRecordedNotJustInstalls (7 ms)
[----------] 11 tests from ControllerTest (219 ms total)

[----------] 5 tests from TryIpStringToUint32Test
[ RUN      ] TryIpStringToUint32Test.ParsesDottedQuads
[       OK ] TryIpStringToUint32Test.ParsesDottedQuads (0 ms)
[ RUN      ] TryIpStringToUint32Test.RejectsTheStringThatUsedToProduceA500
[       OK ] TryIpStringToUint32Test.RejectsTheStringThatUsedToProduceA500 (0 ms)
[ RUN      ] TryIpStringToUint32Test.RejectsEmptyRatherThanTreatingItAsZero
[       OK ] TryIpStringToUint32Test.RejectsEmptyRatherThanTreatingItAsZero (0 ms)
[ RUN      ] TryIpStringToUint32Test.RejectsOutOfRangeOctetsAndGarbage
[       OK ] TryIpStringToUint32Test.RejectsOutOfRangeOctetsAndGarbage (0 ms)
[ RUN      ] TryIpStringToUint32Test.TheShortFormsInetAtonAcceptsAreDocumentedNotAssumed
[       OK ] TryIpStringToUint32Test.TheShortFormsInetAtonAcceptsAreDocumentedNotAssumed (0 ms)
[----------] 5 tests from TryIpStringToUint32Test (0 ms total)

[----------] 6 tests from TryParseUint64Test
[ RUN      ] TryParseUint64Test.ParsesPlainDigits
[       OK ] TryParseUint64Test.ParsesPlainDigits (0 ms)
[ RUN      ] TryParseUint64Test.RejectsTheStringThatUsedToProduceA500
[       OK ] TryParseUint64Test.RejectsTheStringThatUsedToProduceA500 (0 ms)
[ RUN      ] TryParseUint64Test.IsStricterThanStoullSoAMistypedDpidIsRefused
[       OK ] TryParseUint64Test.IsStricterThanStoullSoAMistypedDpidIsRefused (0 ms)
[ RUN      ] TryParseUint64Test.RefusesSomethingTooLargeRatherThanWrapping
[       OK ] TryParseUint64Test.RefusesSomethingTooLargeRatherThanWrapping (0 ms)
[ RUN      ] TryParseUint64Test.RejectsEmpty
[       OK ] TryParseUint64Test.RejectsEmpty (0 ms)
[ RUN      ] TryParseUint64Test.DoesNotThrowOnAnythingItRejects
[       OK ] TryParseUint64Test.DoesNotThrowOnAnythingItRejects (0 ms)
[----------] 6 tests from TryParseUint64Test (0 ms total)

[----------] 9 tests from QueryParamTest
[ RUN      ] QueryParamTest.ReadsAValueByName
[       OK ] QueryParamTest.ReadsAValueByName (0 ms)
[ RUN      ] QueryParamTest.ReadsAValueThatIsNotTheFirstOrTheLast
[       OK ] QueryParamTest.ReadsAValueThatIsNotTheFirstOrTheLast (0 ms)
[ RUN      ] QueryParamTest.AnAbsentKeyAndAnAbsentQueryStringBothGiveEmpty
[       OK ] QueryParamTest.AnAbsentKeyAndAnAbsentQueryStringBothGiveEmpty (0 ms)
[ RUN      ] QueryParamTest.AnEmptyValueIsIndistinguishableFromAMissingOne
[       OK ] QueryParamTest.AnEmptyValueIsIndistinguishableFromAMissingOne (0 ms)
[ RUN      ] QueryParamTest.TheValueStopsAtTheNextAmpersand
[       OK ] QueryParamTest.TheValueStopsAtTheNextAmpersand (0 ms)
[ RUN      ] QueryParamTest.KeysAreComparedExactlyAndPrefixesDoNotMatch
[       OK ] QueryParamTest.KeysAreComparedExactlyAndPrefixesDoNotMatch (0 ms)
[ RUN      ] QueryParamTest.APairWithNoEqualsIsSkippedAndOnlyStopsTheScanWhenNoEqualsRemains
[       OK ] QueryParamTest.APairWithNoEqualsIsSkippedAndOnlyStopsTheScanWhenNoEqualsRemains (0 ms)
[ RUN      ] QueryParamTest.NoPercentDecodingAndNoPlusAsSpace
[       OK ] QueryParamTest.NoPercentDecodingAndNoPlusAsSpace (0 ms)
[ RUN      ] QueryParamTest.AQuestionMarkInsideAValueDoesNotRestartParsing
[       OK ] QueryParamTest.AQuestionMarkInsideAValueDoesNotRestartParsing (0 ms)
[----------] 9 tests from QueryParamTest (0 ms total)

[----------] 4 tests from TryParseHexUint64Test
[ RUN      ] TryParseHexUint64Test.ParsesHexDigitsInEitherCase
[       OK ] TryParseHexUint64Test.ParsesHexDigitsInEitherCase (0 ms)
[ RUN      ] TryParseHexUint64Test.RejectsTheStringsThatUsedToTerminateTheKernel
[       OK ] TryParseHexUint64Test.RejectsTheStringsThatUsedToTerminateTheKernel (0 ms)
[ RUN      ] TryParseHexUint64Test.IsStricterThanStoullSoAMistypedDpidIsRefused
[       OK ] TryParseHexUint64Test.IsStricterThanStoullSoAMistypedDpidIsRefused (0 ms)
[ RUN      ] TryParseHexUint64Test.RefusesRatherThanWrappingOnOverflow
[       OK ] TryParseHexUint64Test.RefusesRatherThanWrappingOnOverflow (0 ms)
[----------] 4 tests from TryParseHexUint64Test (0 ms total)

[----------] 8 tests from ExecArgvTest
[ RUN      ] ExecArgvTest.PassesAnArgumentThroughUnchangedNoMatterWhatIsInIt
[       OK ] ExecArgvTest.PassesAnArgumentThroughUnchangedNoMatterWhatIsInIt (3 ms)
[ RUN      ] ExecArgvTest.KeepsArgumentsSeparateEvenWhenTheyContainSpacesAndQuotes
[       OK ] ExecArgvTest.KeepsArgumentsSeparateEvenWhenTheyContainSpacesAndQuotes (2 ms)
[ RUN      ] ExecArgvTest.DoesNotInterpretShellMetacharactersInAnyPosition
[       OK ] ExecArgvTest.DoesNotInterpretShellMetacharactersInAnyPosition (15 ms)
[ RUN      ] ExecArgvTest.ReportsThatItRanEvenWhenTheProgramFailed
Command failed (exit code 1): /bin/false
[       OK ] ExecArgvTest.ReportsThatItRanEvenWhenTheProgramFailed (2 ms)
[ RUN      ] ExecArgvTest.ReportsExitOneTwentySevenWhenTheProgramIsNotThere
Command failed (exit code 127 (command not found -- is ndtwin-no-such-program-a6f9 installed?)): /nonexistent/ndtwin-no-such-program-a6f9
[       OK ] ExecArgvTest.ReportsExitOneTwentySevenWhenTheProgramIsNotThere (1 ms)
[ RUN      ] ExecArgvTest.RefusesAnEmptyArgv
[       OK ] ExecArgvTest.RefusesAnEmptyArgv (4 ms)
[ RUN      ] ExecArgvTest.CapturesLargeOutputWithoutTruncatingOrDeadlocking
[       OK ] ExecArgvTest.CapturesLargeOutputWithoutTruncatingOrDeadlocking (4 ms)
[ RUN      ] ExecArgvTest.RunsAShellOnlyWhenTheCallerNamesOneAsTheProgram
[       OK ] ExecArgvTest.RunsAShellOnlyWhenTheCallerNamesOneAsTheProgram (2 ms)
[----------] 8 tests from ExecArgvTest (35 ms total)

[----------] 1 test from DescribeArgvTest
[ RUN      ] DescribeArgvTest.RendersForHumansAndIsNotAShellQuoter
[       OK ] DescribeArgvTest.RendersForHumansAndIsNotAShellQuoter (0 ms)
[----------] 1 test from DescribeArgvTest (0 ms total)

[----------] 12 tests from SimulationRequestValidationTest
[ RUN      ] SimulationRequestValidationTest.AcceptsTheBodyTheRealCallerSends
[       OK ] SimulationRequestValidationTest.AcceptsTheBodyTheRealCallerSends (0 ms)
[ RUN      ] SimulationRequestValidationTest.RejectsTheBodyThatUsedToReturn202
[       OK ] SimulationRequestValidationTest.RejectsTheBodyThatUsedToReturn202 (0 ms)
[ RUN      ] SimulationRequestValidationTest.TheRequiredFieldListIsExactlyWhatTheSimulatorNeeds
[       OK ] SimulationRequestValidationTest.TheRequiredFieldListIsExactlyWhatTheSimulatorNeeds (0 ms)
[ RUN      ] SimulationRequestValidationTest.RejectsAnEmptyObjectAndNamesEveryMissingField
[       OK ] SimulationRequestValidationTest.RejectsAnEmptyObjectAndNamesEveryMissingField (0 ms)
[ RUN      ] SimulationRequestValidationTest.EachRequiredFieldIsIndividuallyRequired
[       OK ] SimulationRequestValidationTest.EachRequiredFieldIsIndividuallyRequired (0 ms)
[ RUN      ] SimulationRequestValidationTest.RejectsNullAsAbsentRatherThanForwardingTheWordNull
[       OK ] SimulationRequestValidationTest.RejectsNullAsAbsentRatherThanForwardingTheWordNull (0 ms)
[ RUN      ] SimulationRequestValidationTest.RejectsAFieldOfTheWrongTypeAndSaysWhatItGot
[       OK ] SimulationRequestValidationTest.RejectsAFieldOfTheWrongTypeAndSaysWhatItGot (0 ms)
[ RUN      ] SimulationRequestValidationTest.ReportsMissingAndWrongTypedFieldsTogether
[       OK ] SimulationRequestValidationTest.ReportsMissingAndWrongTypedFieldsTogether (0 ms)
[ RUN      ] SimulationRequestValidationTest.RejectsValidJsonThatIsNotAnObject
[       OK ] SimulationRequestValidationTest.RejectsValidJsonThatIsNotAnObject (0 ms)
[ RUN      ] SimulationRequestValidationTest.IgnoresExtraFields
[       OK ] SimulationRequestValidationTest.IgnoresExtraFields (0 ms)
[ RUN      ] SimulationRequestValidationTest.NeverThrowsWhateverItIsGiven
[       OK ] SimulationRequestValidationTest.NeverThrowsWhateverItIsGiven (1 ms)
[ RUN      ] SimulationRequestValidationTest.ShapeCheckIsStillNotASanitiserAndNoLongerNeedsToBe
[       OK ] SimulationRequestValidationTest.ShapeCheckIsStillNotASanitiserAndNoLongerNeedsToBe (0 ms)
[----------] 12 tests from SimulationRequestValidationTest (3 ms total)

[----------] 4 tests from SimulationCompletedAppIdTest
[ RUN      ] SimulationCompletedAppIdTest.RejectsWhatStoiWouldHaveThrownOn
[       OK ] SimulationCompletedAppIdTest.RejectsWhatStoiWouldHaveThrownOn (0 ms)
[ RUN      ] SimulationCompletedAppIdTest.RejectsWhatStoiWouldHaveSilentlyTruncated
[       OK ] SimulationCompletedAppIdTest.RejectsWhatStoiWouldHaveSilentlyTruncated (0 ms)
[ RUN      ] SimulationCompletedAppIdTest.AcceptsTheDocumentedForm
[       OK ] SimulationCompletedAppIdTest.AcceptsTheDocumentedForm (0 ms)
[ RUN      ] SimulationCompletedAppIdTest.SomethingTooBigForIntParsesSoTheRangeCheckIsWhatMustRejectIt
[       OK ] SimulationCompletedAppIdTest.SomethingTooBigForIntParsesSoTheRangeCheckIsWhatMustRejectIt (0 ms)
[----------] 4 tests from SimulationCompletedAppIdTest (0 ms total)

[----------] 24 tests from OvsPowerStrategyTest
[ RUN      ] OvsPowerStrategyTest.PowerOffSavesThePortsThenDeletesTheBridge
[       OK ] OvsPowerStrategyTest.PowerOffSavesThePortsThenDeletesTheBridge (0 ms)
[ RUN      ] OvsPowerStrategyTest.PowerOffRefusesWhenItCannotReadThePorts
[       OK ] OvsPowerStrategyTest.PowerOffRefusesWhenItCannotReadThePorts (0 ms)
[ RUN      ] OvsPowerStrategyTest.PowerOffDistinguishesABridgeWithNoPortsFromAFailedQuery
[       OK ] OvsPowerStrategyTest.PowerOffDistinguishesABridgeWithNoPortsFromAFailedQuery (0 ms)
[ RUN      ] OvsPowerStrategyTest.PowerOffLeavesTheVertexUpWhenACommandFails
[       OK ] OvsPowerStrategyTest.PowerOffLeavesTheVertexUpWhenACommandFails (0 ms)
[ RUN      ] OvsPowerStrategyTest.PowerOffOnAnAlreadyDownSwitchDoesNothing
[       OK ] OvsPowerStrategyTest.PowerOffOnAnAlreadyDownSwitchDoesNothing (0 ms)
[ RUN      ] OvsPowerStrategyTest.PowerOnRecreatesTheBridgeWithTheSavedPorts
[       OK ] OvsPowerStrategyTest.PowerOnRecreatesTheBridgeWithTheSavedPorts (0 ms)
[ RUN      ] OvsPowerStrategyTest.PowerOnSetsTheDatapathIdAsSixteenHexDigits
[       OK ] OvsPowerStrategyTest.PowerOnSetsTheDatapathIdAsSixteenHexDigits (0 ms)
[ RUN      ] OvsPowerStrategyTest.PowerOnDoesNotMarkUpWhenACommandFails
[       OK ] OvsPowerStrategyTest.PowerOnDoesNotMarkUpWhenACommandFails (0 ms)
[ RUN      ] OvsPowerStrategyTest.AFailedPortCommandFailsTheWholeOperation
[       OK ] OvsPowerStrategyTest.AFailedPortCommandFailsTheWholeOperation (0 ms)
[ RUN      ] OvsPowerStrategyTest.PowerOnOnAnAlreadyUpSwitchDoesNothing
[       OK ] OvsPowerStrategyTest.PowerOnOnAnAlreadyUpSwitchDoesNothing (0 ms)
[ RUN      ] OvsPowerStrategyTest.PowerOnWithNoSavedPortsStillReportsSuccessButBuildsAnEmptyBridge
[       OK ] OvsPowerStrategyTest.PowerOnWithNoSavedPortsStillReportsSuccessButBuildsAnEmptyBridge (0 ms)
[ RUN      ] OvsPowerStrategyTest.PowerOffReadsTheSflowRecordBeforeItDeletesTheBridge
[       OK ] OvsPowerStrategyTest.PowerOffReadsTheSflowRecordBeforeItDeletesTheBridge (0 ms)
[ RUN      ] OvsPowerStrategyTest.PowerOffRecordsAnUnreadableSflowAsUnknownRatherThanAsAbsent
[       OK ] OvsPowerStrategyTest.PowerOffRecordsAnUnreadableSflowAsUnknownRatherThanAsAbsent (0 ms)
[ RUN      ] OvsPowerStrategyTest.PowerOffLeavesNothingPendingForABridgeThatHadNoSflow
[       OK ] OvsPowerStrategyTest.PowerOffLeavesNothingPendingForABridgeThatHadNoSflow (0 ms)
[ RUN      ] OvsPowerStrategyTest.PowerOnRestoresTheAgentAddressAndTheSflowRecord
[       OK ] OvsPowerStrategyTest.PowerOnRestoresTheAgentAddressAndTheSflowRecord (0 ms)
[ RUN      ] OvsPowerStrategyTest.PowerOnRestoresTheSflowAfterTheBridgeExists
[       OK ] OvsPowerStrategyTest.PowerOnRestoresTheSflowAfterTheBridgeExists (0 ms)
[ RUN      ] OvsPowerStrategyTest.PowerOnReportsFailureWhenTheSflowRecordDoesNotComeBack
[       OK ] OvsPowerStrategyTest.PowerOnReportsFailureWhenTheSflowRecordDoesNotComeBack (0 ms)
[ RUN      ] OvsPowerStrategyTest.PowerOnReportsFailureWhenTheAgentInterfaceHasNoAddress
[       OK ] OvsPowerStrategyTest.PowerOnReportsFailureWhenTheAgentInterfaceHasNoAddress (0 ms)
[ RUN      ] OvsPowerStrategyTest.PowerOnTreatsAnUnreadableReadBackAsFailureNotAsSuccess
[       OK ] OvsPowerStrategyTest.PowerOnTreatsAnUnreadableReadBackAsFailureNotAsSuccess (0 ms)
[ RUN      ] OvsPowerStrategyTest.PowerOnSaysSoWhenPowerOffNeverManagedToReadTheRecord
[       OK ] OvsPowerStrategyTest.PowerOnSaysSoWhenPowerOffNeverManagedToReadTheRecord (0 ms)
[ RUN      ] OvsPowerStrategyTest.ARetriedPowerOnReAttemptsTheSflowRestore
[       OK ] OvsPowerStrategyTest.ARetriedPowerOnReAttemptsTheSflowRestore (0 ms)
[ RUN      ] OvsPowerStrategyTest.AnAlreadyUpSwitchWithNothingOwedStillRunsNoCommands
[       OK ] OvsPowerStrategyTest.AnAlreadyUpSwitchWithNothingOwedStillRunsNoCommands (0 ms)
[ RUN      ] OvsPowerStrategyTest.TheRealShellSeamRunsTheCommandAndReportsItsExitStatus
[       OK ] OvsPowerStrategyTest.TheRealShellSeamRunsTheCommandAndReportsItsExitStatus (8 ms)
[ RUN      ] OvsPowerStrategyTest.DescribesItselfForLogsAndErrors
[       OK ] OvsPowerStrategyTest.DescribesItselfForLogsAndErrors (0 ms)
[----------] 24 tests from OvsPowerStrategyTest (10 ms total)

[----------] 2 tests from CommandToolNameTest
[ RUN      ] CommandToolNameTest.PicksTheToolOutOfACommandLine
[       OK ] CommandToolNameTest.PicksTheToolOutOfACommandLine (0 ms)
[ RUN      ] CommandToolNameTest.ReturnsNothingRatherThanGuessing
[       OK ] CommandToolNameTest.ReturnsNothingRatherThanGuessing (0 ms)
[----------] 2 tests from CommandToolNameTest (0 ms total)

[----------] 1 test from OvsPowerStrategyConcurrencyTest
[ RUN      ] OvsPowerStrategyConcurrencyTest.AFailedRequestDoesNotMakeAConcurrentOneReportFailure
[       OK ] OvsPowerStrategyConcurrencyTest.AFailedRequestDoesNotMakeAConcurrentOneReportFailure (0 ms)
[----------] 1 test from OvsPowerStrategyConcurrencyTest (0 ms total)

[----------] 1 test from CurlFlagHelpersTest
[ RUN      ] CurlFlagHelpersTest.BundledShortOptionsCarryTheFailFlag
[       OK ] CurlFlagHelpersTest.BundledShortOptionsCarryTheFailFlag (0 ms)
[----------] 1 test from CurlFlagHelpersTest (0 ms total)

[----------] 16 tests from P4PowerStrategyTest
[ RUN      ] P4PowerStrategyTest.PowerOffRunsTheHelperOnceAgainstExactlyThatSwitch
[       OK ] P4PowerStrategyTest.PowerOffRunsTheHelperOnceAgainstExactlyThatSwitch (0 ms)
[ RUN      ] P4PowerStrategyTest.PowerOffFailureLeavesTheVertexUp
[       OK ] P4PowerStrategyTest.PowerOffFailureLeavesTheVertexUp (0 ms)
[ RUN      ] P4PowerStrategyTest.PowerOffOnAnAlreadyDownSwitchStillAsksTheHelper
[       OK ] P4PowerStrategyTest.PowerOffOnAnAlreadyDownSwitchStillAsksTheHelper (0 ms)
[ RUN      ] P4PowerStrategyTest.PowerOnRunsHelperThenReadoptInThatOrder
[       OK ] P4PowerStrategyTest.PowerOnRunsHelperThenReadoptInThatOrder (0 ms)
[ RUN      ] P4PowerStrategyTest.TheReadoptCurlKeepsTheProxysAccountOfWhatBroke
[       OK ] P4PowerStrategyTest.TheReadoptCurlKeepsTheProxysAccountOfWhatBroke (0 ms)
[ RUN      ] P4PowerStrategyTest.PowerOnHelperFailureIsA500AndReadoptNeverRuns
[       OK ] P4PowerStrategyTest.PowerOnHelperFailureIsA500AndReadoptNeverRuns (0 ms)
[ RUN      ] P4PowerStrategyTest.PowerOnReadoptFailureIsA502AndDoesNotMarkUp
[       OK ] P4PowerStrategyTest.PowerOnReadoptFailureIsA502AndDoesNotMarkUp (0 ms)
[ RUN      ] P4PowerStrategyTest.PowerOnOnAnAlreadyUpSwitchRunsNothing
[       OK ] P4PowerStrategyTest.PowerOnOnAnAlreadyUpSwitchRunsNothing (0 ms)
[ RUN      ] P4PowerStrategyTest.PowerOnActsWhenTheGraphSaysUpButThisStrategyJustStoppedTheSwitch
[       OK ] P4PowerStrategyTest.PowerOnActsWhenTheGraphSaysUpButThisStrategyJustStoppedTheSwitch (0 ms)
[ RUN      ] P4PowerStrategyTest.PowerOnActsPastTheWindowWhileThePowerOffStandsUnwithdrawn
[       OK ] P4PowerStrategyTest.PowerOnActsPastTheWindowWhileThePowerOffStandsUnwithdrawn (0 ms)
[ RUN      ] P4PowerStrategyTest.ASuccessfulPowerOnClosesTheWindowSoAnImmediateRepeatIsStillANoOp
[       OK ] P4PowerStrategyTest.ASuccessfulPowerOnClosesTheWindowSoAnImmediateRepeatIsStillANoOp (0 ms)
[ RUN      ] P4PowerStrategyTest.AFailedPowerOffDoesNotOpenTheDistrustWindow
[       OK ] P4PowerStrategyTest.AFailedPowerOffDoesNotOpenTheDistrustWindow (0 ms)
[ RUN      ] P4PowerStrategyTest.TheDistrustWindowIsPerSwitchNotFabricWide
[       OK ] P4PowerStrategyTest.TheDistrustWindowIsPerSwitchNotFabricWide (0 ms)
[ RUN      ] P4PowerStrategyTest.TheReadoptFailureNamesARecoveryThatCanActuallyRun
[       OK ] P4PowerStrategyTest.TheReadoptFailureNamesARecoveryThatCanActuallyRun (0 ms)
[ RUN      ] P4PowerStrategyTest.TheRealShellSeamRunsTheCommandAndReportsItsExitStatus
[       OK ] P4PowerStrategyTest.TheRealShellSeamRunsTheCommandAndReportsItsExitStatus (8 ms)
[ RUN      ] P4PowerStrategyTest.DescribesItselfForLogsAndErrors
[       OK ] P4PowerStrategyTest.DescribesItselfForLogsAndErrors (0 ms)
[----------] 16 tests from P4PowerStrategyTest (8 ms total)

[----------] 17 tests from P4LivenessTest
[ RUN      ] P4LivenessTest.ASwitchThatAnsweredAProbeIsUp
[       OK ] P4LivenessTest.ASwitchThatAnsweredAProbeIsUp (0 ms)
[ RUN      ] P4LivenessTest.AFreshSuccessfulProbeOutweighsSilenceOnTheDataPlane
[       OK ] P4LivenessTest.AFreshSuccessfulProbeOutweighsSilenceOnTheDataPlane (0 ms)
[ RUN      ] P4LivenessTest.AFailedProbeWithNoRecentBeaconIsDown
[       OK ] P4LivenessTest.AFailedProbeWithNoRecentBeaconIsDown (0 ms)
[ RUN      ] P4LivenessTest.AFailedProbeForASwitchThatWasNeverSeenForwardingIsDown
[       OK ] P4LivenessTest.AFailedProbeForASwitchThatWasNeverSeenForwardingIsDown (0 ms)
[ RUN      ] P4LivenessTest.AnUnreachableProxyLeavesEveryStateUnknown
[       OK ] P4LivenessTest.AnUnreachableProxyLeavesEveryStateUnknown (0 ms)
[ RUN      ] P4LivenessTest.ASwitchTheProxyHasNeverHeardOfIsUnknown
[       OK ] P4LivenessTest.ASwitchTheProxyHasNeverHeardOfIsUnknown (0 ms)
[ RUN      ] P4LivenessTest.ASwitchNotYetProbedIsUnknownRatherThanDown
[       OK ] P4LivenessTest.ASwitchNotYetProbedIsUnknownRatherThanDown (0 ms)
[ RUN      ] P4LivenessTest.AStaleFailedProbeIsUnknownBecauseItDescribesTheProxyNotTheSwitch
[       OK ] P4LivenessTest.AStaleFailedProbeIsUnknownBecauseItDescribesTheProxyNotTheSwitch (0 ms)
[ RUN      ] P4LivenessTest.ConflictingEvidenceIsUnknownRatherThanADecision
[       OK ] P4LivenessTest.ConflictingEvidenceIsUnknownRatherThanADecision (0 ms)
[ RUN      ] P4LivenessTest.TheBeaconFreshnessBoundaryIsWhereTheDocumentedThresholdSays
[       OK ] P4LivenessTest.TheBeaconFreshnessBoundaryIsWhereTheDocumentedThresholdSays (0 ms)
[ RUN      ] P4LivenessTest.APayloadWithoutASwitchesObjectIsUnknown
[       OK ] P4LivenessTest.APayloadWithoutASwitchesObjectIsUnknown (0 ms)
[ RUN      ] P4LivenessTest.AnEntryOfTheWrongShapeIsUnknown
[       OK ] P4LivenessTest.AnEntryOfTheWrongShapeIsUnknown (0 ms)
[ RUN      ] P4LivenessTest.ANonBooleanProbeOkIsUnknownRatherThanTruthy
[       OK ] P4LivenessTest.ANonBooleanProbeOkIsUnknownRatherThanTruthy (0 ms)
[ RUN      ] P4LivenessTest.MissingAgesDoNotPreventAVerdict
[       OK ] P4LivenessTest.MissingAgesDoNotPreventAVerdict (0 ms)
[ RUN      ] P4LivenessTest.AMalformedAgeIsUnknownWhileAnAbsentOneIsNot
[       OK ] P4LivenessTest.AMalformedAgeIsUnknownWhileAnAbsentOneIsNot (1 ms)
[ RUN      ] P4LivenessTest.NeverThrowsOnAnythingTheProxyCouldSend
[       OK ] P4LivenessTest.NeverThrowsOnAnythingTheProxyCouldSend (0 ms)
[ RUN      ] P4LivenessTest.ADpidBeyondThirtyTwoBitsIsLookedUpCorrectly
[       OK ] P4LivenessTest.ADpidBeyondThirtyTwoBitsIsLookedUpCorrectly (0 ms)
[----------] 17 tests from P4LivenessTest (3 ms total)

[----------] 12 tests from RelayResponseTest
[ RUN      ] RelayResponseTest.A200IsAcceptedAndTheStatusTextIsReported
[       OK ] RelayResponseTest.A200IsAcceptedAndTheStatusTextIsReported (0 ms)
[ RUN      ] RelayResponseTest.AnyTwoHundredSeriesStatusIsAccepted
[       OK ] RelayResponseTest.AnyTwoHundredSeriesStatusIsAccepted (0 ms)
[ RUN      ] RelayResponseTest.NoResponseAtAllIsRefusedRatherThanTreatedAsSuccess
[       OK ] RelayResponseTest.NoResponseAtAllIsRefusedRatherThanTreatedAsSuccess (0 ms)
[ RUN      ] RelayResponseTest.CurlsOwnNoResponseCodeIsRefused
[       OK ] RelayResponseTest.CurlsOwnNoResponseCodeIsRefused (0 ms)
[ RUN      ] RelayResponseTest.AnErrorStatusIsRefusedAndNamed
[       OK ] RelayResponseTest.AnErrorStatusIsRefusedAndNamed (0 ms)
[ RUN      ] RelayResponseTest.AThreeHundredIsNotSuccess
[       OK ] RelayResponseTest.AThreeHundredIsNotSuccess (0 ms)
[ RUN      ] RelayResponseTest.AResponseWithNoStatusLineIsRefused
[       OK ] RelayResponseTest.AResponseWithNoStatusLineIsRefused (0 ms)
[ RUN      ] RelayResponseTest.AnEmptyBodyWithA200IsStillAccepted
[       OK ] RelayResponseTest.AnEmptyBodyWithA200IsStillAccepted (0 ms)
[ RUN      ] RelayResponseTest.HtmlWithoutTheExpectedShapeStillSucceedsWithTheWholeBody
[       OK ] RelayResponseTest.HtmlWithoutTheExpectedShapeStillSucceedsWithTheWholeBody (0 ms)
[ RUN      ] RelayResponseTest.AMultiLineBodyKeepsItsStatusAtTheEnd
[       OK ] RelayResponseTest.AMultiLineBodyKeepsItsStatusAtTheEnd (0 ms)
[ RUN      ] RelayResponseTest.ANonNumericStatusIsRefused
[       OK ] RelayResponseTest.ANonNumericStatusIsRefused (0 ms)
[ RUN      ] RelayResponseTest.NeverThrowsOnAnythingTheGatewayCouldSend
[       OK ] RelayResponseTest.NeverThrowsOnAnythingTheGatewayCouldSend (0 ms)
[----------] 12 tests from RelayResponseTest (0 ms total)

[----------] 5 tests from RelayPowerCommandTest
[ RUN      ] RelayPowerCommandTest.CarriesTheThreeParametersTheGatewayIsKnownToAccept
[       OK ] RelayPowerCommandTest.CarriesTheThreeParametersTheGatewayIsKnownToAccept (0 ms)
[ RUN      ] RelayPowerCommandTest.AHostileActionValueStaysInsideOneArgument
[       OK ] RelayPowerCommandTest.AHostileActionValueStaysInsideOneArgument (0 ms)
[ RUN      ] RelayPowerCommandTest.AsksForTheHttpStatusInterpretRelayResponseReadsItsVerdictFrom
[       OK ] RelayPowerCommandTest.AsksForTheHttpStatusInterpretRelayResponseReadsItsVerdictFrom (0 ms)
[ RUN      ] RelayPowerCommandTest.IsBoundedInTimeBecauseItRunsInsideARequestHandler
[       OK ] RelayPowerCommandTest.IsBoundedInTimeBecauseItRunsInsideARequestHandler (0 ms)
[ RUN      ] RelayPowerCommandTest.TheStatusLineSurvivesTheRoundTripIntoAVerdict
[       OK ] RelayPowerCommandTest.TheStatusLineSurvivesTheRoundTripIntoAVerdict (0 ms)
[----------] 5 tests from RelayPowerCommandTest (0 ms total)

[----------] 12 tests from RequestDeadlines
[ RUN      ] RequestDeadlines.TheFlowTableRequestIsBounded
[       OK ] RequestDeadlines.TheFlowTableRequestIsBounded (0 ms)
[ RUN      ] RequestDeadlines.TheLivenessRequestIsBounded
[       OK ] RequestDeadlines.TheLivenessRequestIsBounded (0 ms)
[ RUN      ] RequestDeadlines.TheRelayRequestIsBounded
[       OK ] RequestDeadlines.TheRelayRequestIsBounded (0 ms)
[ RUN      ] RequestDeadlines.TheFlowTableDeadlineOutlivesTheProxysOwnGrpcDeadline
[       OK ] RequestDeadlines.TheFlowTableDeadlineOutlivesTheProxysOwnGrpcDeadline (0 ms)
[ RUN      ] RequestDeadlines.TheLivenessDeadlineFitsInsideItsOwnPollInterval
[       OK ] RequestDeadlines.TheLivenessDeadlineFitsInsideItsOwnPollInterval (0 ms)
[ RUN      ] RequestDeadlines.TheFlowTableRequestStillAddressesTheRightSwitch
[       OK ] RequestDeadlines.TheFlowTableRequestStillAddressesTheRightSwitch (0 ms)
[ RUN      ] RequestDeadlines.TheLivenessRequestStillAsksForTheStatusLine
[       OK ] RequestDeadlines.TheLivenessRequestStillAsksForTheStatusLine (0 ms)
[ RUN      ] RequestDeadlines.TheTopologyPollIsBounded
[       OK ] RequestDeadlines.TheTopologyPollIsBounded (0 ms)
[ RUN      ] RequestDeadlines.TheTopologyPollBoundsTheConnectAndNotJustTheTransfer
[       OK ] RequestDeadlines.TheTopologyPollBoundsTheConnectAndNotJustTheTransfer (0 ms)
[ RUN      ] RequestDeadlines.TheWholeTopologyPassFitsInsideItsOwnPollInterval
[       OK ] RequestDeadlines.TheWholeTopologyPassFitsInsideItsOwnPollInterval (0 ms)
[ RUN      ] RequestDeadlines.TheTopologyRequestStillFetchesTheUrlItWasGiven
[       OK ] RequestDeadlines.TheTopologyRequestStillFetchesTheUrlItWasGiven (0 ms)
[ RUN      ] RequestDeadlines.TheTopologyRequestKeepsCurlsOwnDiagnosisOnStderr
[       OK ] RequestDeadlines.TheTopologyRequestKeepsCurlsOwnDiagnosisOnStderr (0 ms)
[----------] 12 tests from RequestDeadlines (0 ms total)

[----------] 6 tests from FlowTableCacheOptionalFields
[ RUN      ] FlowTableCacheOptionalFields.AnInstallWithoutPriorityDoesNotThrow
[       OK ] FlowTableCacheOptionalFields.AnInstallWithoutPriorityDoesNotThrow (0 ms)
[ RUN      ] FlowTableCacheOptionalFields.AnInstallWithoutPriorityIsCachedAtMakeInstallJobsDefault
[       OK ] FlowTableCacheOptionalFields.AnInstallWithoutPriorityIsCachedAtMakeInstallJobsDefault (0 ms)
[ RUN      ] FlowTableCacheOptionalFields.AnInstallWithoutActionsDoesNotThrowEither
[       OK ] FlowTableCacheOptionalFields.AnInstallWithoutActionsDoesNotThrowEither (0 ms)
[ RUN      ] FlowTableCacheOptionalFields.AModifyWithoutPriorityDoesNotThrow
[       OK ] FlowTableCacheOptionalFields.AModifyWithoutPriorityDoesNotThrow (0 ms)
[ RUN      ] FlowTableCacheOptionalFields.AModifyWithoutAMatchDoesNotThrow
[       OK ] FlowTableCacheOptionalFields.AModifyWithoutAMatchDoesNotThrow (0 ms)
[ RUN      ] FlowTableCacheOptionalFields.ADeleteWithoutAMatchDoesNotThrow
[       OK ] FlowTableCacheOptionalFields.ADeleteWithoutAMatchDoesNotThrow (0 ms)
[----------] 6 tests from FlowTableCacheOptionalFields (1 ms total)

[----------] 6 tests from ReverseEdgeLookupTest
[ RUN      ] ReverseEdgeLookupTest.AMissingReverseEdgeIsReportedAsNotFound
[       OK ] ReverseEdgeLookupTest.AMissingReverseEdgeIsReportedAsNotFound (0 ms)
[ RUN      ] ReverseEdgeLookupTest.AMissingReverseEdgeIsReportedAsNotFoundByTheNoLockTwin
[       OK ] ReverseEdgeLookupTest.AMissingReverseEdgeIsReportedAsNotFoundByTheNoLockTwin (0 ms)
[ RUN      ] ReverseEdgeLookupTest.ThePresentReverseEdgeIsStillFound
[       OK ] ReverseEdgeLookupTest.ThePresentReverseEdgeIsStillFound (0 ms)
[ RUN      ] ReverseEdgeLookupTest.AnAgentKeyThatMatchesNoEdgeIsNotFound
[       OK ] ReverseEdgeLookupTest.AnAgentKeyThatMatchesNoEdgeIsNotFound (0 ms)
[ RUN      ] ReverseEdgeLookupTest.ALinkWithOnlyOneDirectionIsReportedAsSuchNotAnswered
[       OK ] ReverseEdgeLookupTest.ALinkWithOnlyOneDirectionIsReportedAsSuchNotAnswered (0 ms)
[ RUN      ] ReverseEdgeLookupTest.ALinkWithBothDirectionsIsStillReported
[       OK ] ReverseEdgeLookupTest.ALinkWithBothDirectionsIsStillReported (0 ms)
[----------] 6 tests from ReverseEdgeLookupTest (0 ms total)

[----------] 8 tests from LastHopAttributionTest
[ RUN      ] LastHopAttributionTest.FindEdgeToHostReturnsTheHostBoundEdgeOnly
[       OK ] LastHopAttributionTest.FindEdgeToHostReturnsTheHostBoundEdgeOnly (0 ms)
[ RUN      ] LastHopAttributionTest.TheHostBoundSiteDividesByTheIntervalItWasGiven
[       OK ] LastHopAttributionTest.TheHostBoundSiteDividesByTheIntervalItWasGiven (0 ms)
[ RUN      ] LastHopAttributionTest.OneSampleCreditsTheLastHopEdgeWithSampledBytesTimesRate
[       OK ] LastHopAttributionTest.OneSampleCreditsTheLastHopEdgeWithSampledBytesTimesRate (0 ms)
[ RUN      ] LastHopAttributionTest.SwitchToSwitchEgressEntriesAreDroppedNotWritten
[       OK ] LastHopAttributionTest.SwitchToSwitchEgressEntriesAreDroppedNotWritten (0 ms)
[ RUN      ] LastHopAttributionTest.TheCreditDecaysToZeroWhenTrafficStops
[       OK ] LastHopAttributionTest.TheCreditDecaysToZeroWhenTrafficStops (0 ms)
[ RUN      ] LastHopAttributionTest.TwoSamplesInOneSecondAccumulate
[       OK ] LastHopAttributionTest.TwoSamplesInOneSecondAccumulate (0 ms)
[ RUN      ] LastHopAttributionTest.AnIngressLessSampleIsNotBankedTwice
[       OK ] LastHopAttributionTest.AnIngressLessSampleIsNotBankedTwice (0 ms)
[ RUN      ] LastHopAttributionTest.TheLastHopEdgeJoinsTheFlowSetOnceThePathIsKnown
[       OK ] LastHopAttributionTest.TheLastHopEdgeJoinsTheFlowSetOnceThePathIsKnown (0 ms)
[----------] 8 tests from LastHopAttributionTest (4 ms total)

[----------] 9 tests from AllDestinationPaths
[ RUN      ] AllDestinationPaths.ASnapshotIsStored
[       OK ] AllDestinationPaths.ASnapshotIsStored (0 ms)
[...]
[ RUN      ] TelemetryHealth.AClosedWindowWithNoSamplesIsNotOk
[       OK ] TelemetryHealth.AClosedWindowWithNoSamplesIsNotOk (0 ms)
[ RUN      ] TelemetryHealth.SamplesWithNoDropsIsOk
[       OK ] TelemetryHealth.SamplesWithNoDropsIsOk (0 ms)
[ RUN      ] TelemetryHealth.TheDenominatorIsSamplesPlusBothKindsOfDrop
[       OK ] TelemetryHealth.TheDenominatorIsSamplesPlusBothKindsOfDrop (0 ms)
[ RUN      ] TelemetryHealth.AppDropsAloneMoveTheVerdict
[       OK ] TelemetryHealth.AppDropsAloneMoveTheVerdict (0 ms)
[ RUN      ] TelemetryHealth.SmallLossIsReportedAsLossNotOk
[       OK ] TelemetryHealth.SmallLossIsReportedAsLossNotOk (0 ms)
[ RUN      ] TelemetryHealth.OneLostSampleIsEnoughToLeaveOk
[       OK ] TelemetryHealth.OneLostSampleIsEnoughToLeaveOk (0 ms)
[ RUN      ] TelemetryHealth.TheMeasuredSevereLossCellReadsSevere
[       OK ] TelemetryHealth.TheMeasuredSevereLossCellReadsSevere (0 ms)
[ RUN      ] TelemetryHealth.TheBandsAreOrderedAndDistinct
[       OK ] TelemetryHealth.TheBandsAreOrderedAndDistinct (0 ms)
[ RUN      ] TelemetryHealth.TheWindowLengthIsCarriedThrough
[       OK ] TelemetryHealth.TheWindowLengthIsCarriedThrough (0 ms)
[----------] 10 tests from TelemetryHealth (0 ms total)

[----------] 10 tests from CloseOnExecSocketsTest
[ RUN      ] CloseOnExecSocketsTest.TheSflowReceiveSocketIsCloseOnExec
[       OK ] CloseOnExecSocketsTest.TheSflowReceiveSocketIsCloseOnExec (0 ms)
[ RUN      ] CloseOnExecSocketsTest.AChildCannotSeeTheSflowReceiveSocket
[       OK ] CloseOnExecSocketsTest.AChildCannotSeeTheSflowReceiveSocket (4 ms)
[ RUN      ] CloseOnExecSocketsTest.TheProbeSeesASocketThatWasNotMarked
[       OK ] CloseOnExecSocketsTest.TheProbeSeesASocketThatWasNotMarked (4 ms)
[ RUN      ] CloseOnExecSocketsTest.TheApiAcceptorIsCloseOnExec
[       OK ] CloseOnExecSocketsTest.TheApiAcceptorIsCloseOnExec (0 ms)
[ RUN      ] CloseOnExecSocketsTest.AChildCannotSeeTheApiAcceptor
[       OK ] CloseOnExecSocketsTest.AChildCannotSeeTheApiAcceptor (4 ms)
[ RUN      ] CloseOnExecSocketsTest.AnAcceptedConnectionIsMarkedCloseOnExec
[       OK ] CloseOnExecSocketsTest.AnAcceptedConnectionIsMarkedCloseOnExec (0 ms)
[ RUN      ] CloseOnExecSocketsTest.AStartedServerHasACloseOnExecAcceptor
[       OK ] CloseOnExecSocketsTest.AStartedServerHasACloseOnExecAcceptor (5 ms)
[ RUN      ] CloseOnExecSocketsTest.AConnectionAcceptedByTheRunningServerIsCloseOnExec
[       OK ] CloseOnExecSocketsTest.AConnectionAcceptedByTheRunningServerIsCloseOnExec (1 ms)
[ RUN      ] CloseOnExecSocketsTest.ExecArgvChildDoesNotInheritAnUnmarkedDescriptor
[       OK ] CloseOnExecSocketsTest.ExecArgvChildDoesNotInheritAnUnmarkedDescriptor (5 ms)
[ RUN      ] CloseOnExecSocketsTest.ExecArgvChildKeepsTheDescriptorsItNeeds
[       OK ] CloseOnExecSocketsTest.ExecArgvChildKeepsTheDescriptorsItNeeds (2 ms)
[----------] 10 tests from CloseOnExecSocketsTest (29 ms total)

[----------] 6 tests from PortOwnershipMessageTest
[ RUN      ] PortOwnershipMessageTest.OrphanedChildrenAreNotReportedAsAnotherKernel
[       OK ] PortOwnershipMessageTest.OrphanedChildrenAreNotReportedAsAnotherKernel (0 ms)
[ RUN      ] PortOwnershipMessageTest.AnotherKernelIsNamedWhenOneIsActuallyHoldingThePort
[       OK ] PortOwnershipMessageTest.AnotherKernelIsNamedWhenOneIsActuallyHoldingThePort (0 ms)
[ RUN      ] PortOwnershipMessageTest.AnUnattributableHolderIsNotCalledAKernel
[       OK ] PortOwnershipMessageTest.AnUnattributableHolderIsNotCalledAKernel (0 ms)
[ RUN      ] PortOwnershipMessageTest.NoSocketFoundSaysSoInsteadOfInventingAHolder
[       OK ] PortOwnershipMessageTest.NoSocketFoundSaysSoInsteadOfInventingAHolder (0 ms)
[ RUN      ] PortOwnershipMessageTest.TheProcScanFindsThisProcessHoldingItsOwnPort
[       OK ] PortOwnershipMessageTest.TheProcScanFindsThisProcessHoldingItsOwnPort (21 ms)
[ RUN      ] PortOwnershipMessageTest.TheSflowBindFailureNamesTheRealHolderRatherThanBlamingAKernel
[       OK ] PortOwnershipMessageTest.TheSflowBindFailureNamesTheRealHolderRatherThanBlamingAKernel (17 ms)
[----------] 6 tests from PortOwnershipMessageTest (40 ms total)

[----------] 11 tests from PollDoesNotResurrectTest
[ RUN      ] PollDoesNotResurrectTest.ACommandedPowerOffSurvivesTheNextPollThatStillListsTheSwitch
curl: (28) Failed to connect to localhost port 8081 after 2001 ms: Timeout was reached
Command failed (exit code 28): curl -sS -X GET --connect-timeout 2 --max-time 5 --write-out '\n@@ndt-topology-http-status@@%{http_code}' http://localhost:8081/v1.0/topology/switches
curl: (28) Failed to connect to localhost port 8081 after 2001 ms: Timeout was reached
Command failed (exit code 28): curl -sS -X GET --connect-timeout 2 --max-time 5 --write-out '\n@@ndt-topology-http-status@@%{http_code}' http://localhost:8081/v1.0/topology/hosts
Command failed (exit code 28): curl -s --max-time 3 -w '\n%{http_code}' http://localhost:8081/p4/switch_state 2>/dev/null
curl: (28) Failed to connect to localhost port 8081 after 2001 ms: Timeout was reached
Command failed (exit code 28): curl -sS -X GET --connect-timeout 2 --max-time 5 --write-out '\n@@ndt-topology-http-status@@%{http_code}' http://localhost:8081/v1.0/topology/links
[       OK ] PollDoesNotResurrectTest.ACommandedPowerOffSurvivesTheNextPollThatStillListsTheSwitch (6049 ms)
[ RUN      ] PollDoesNotResurrectTest.EveryLaterPollDeclinesToo
curl: (28) Failed to connect to localhost port 8081 after 2001 ms: Timeout was reached
Command failed (exit code 28): curl -sS -X GET --connect-timeout 2 --max-time 5 --write-out '\n@@ndt-topology-http-status@@%{http_code}' http://localhost:8081/v1.0/topology/switches
curl: (28) Failed to connect to localhost port 8081 after 2000 ms: Timeout was reached
Command failed (exit code 28): curl -sS -X GET --connect-timeout 2 --max-time 5 --write-out '\n@@ndt-topology-http-status@@%{http_code}' http://localhost:8081/v1.0/topology/hosts
Command failed (exit code 28): curl -s --max-time 3 -w '\n%{http_code}' http://localhost:8081/p4/switch_state 2>/dev/null
curl: (28) Failed to connect to localhost port 8081 after 2001 ms: Timeout was reached
Command failed (exit code 28): curl -sS -X GET --connect-timeout 2 --max-time 5 --write-out '\n@@ndt-topology-http-status@@%{http_code}' http://localhost:8081/v1.0/topology/links
[       OK ] PollDoesNotResurrectTest.EveryLaterPollDeclinesToo (6050 ms)
[ RUN      ] PollDoesNotResurrectTest.DiscoveryStillEnablesACommandedOffSwitch
curl: (28) Failed to connect to localhost port 8081 after 2001 ms: Timeout was reached
Command failed (exit code 28): curl -sS -X GET --connect-timeout 2 --max-time 5 --write-out '\n@@ndt-topology-http-status@@%{http_code}' http://localhost:8081/v1.0/topology/switches
curl: (28) Failed to connect to localhost port 8081 after 2001 ms: Timeout was reached
Command failed (exit code 28): curl -sS -X GET --connect-timeout 2 --max-time 5 --write-out '\n@@ndt-topology-http-status@@%{http_code}' http://localhost:8081/v1.0/topology/hosts
Command failed (exit code 28): curl -s --max-time 3 -w '\n%{http_code}' http://localhost:8081/p4/switch_state 2>/dev/null
curl: (28) Failed to connect to localhost port 8081 after 2001 ms: Timeout was reached
Command failed (exit code 28): curl -sS -X GET --connect-timeout 2 --max-time 5 --write-out '\n@@ndt-topology-http-status@@%{http_code}' http://localhost:8081/v1.0/topology/links
[       OK ] PollDoesNotResurrectTest.DiscoveryStillEnablesACommandedOffSwitch (6046 ms)
[ RUN      ] PollDoesNotResurrectTest.DiscoveryStillMarksAnUncommandedSwitchUp
curl: (28) Failed to connect to localhost port 8081 after 2001 ms: Timeout was reached
Command failed (exit code 28): curl -sS -X GET --connect-timeout 2 --max-time 5 --write-out '\n@@ndt-topology-http-status@@%{http_code}' http://localhost:8081/v1.0/topology/switches
curl: (28) Failed to connect to localhost port 8081 after 2002 ms: Timeout was reached
Command failed (exit code 28): curl -sS -X GET --connect-timeout 2 --max-time 5 --write-out '\n@@ndt-topology-http-status@@%{http_code}' http://localhost:8081/v1.0/topology/hosts
Command failed (exit code 28): curl -s --max-time 3 -w '\n%{http_code}' http://localhost:8081/p4/switch_state 2>/dev/null
curl: (28) Failed to connect to localhost port 8081 after 2002 ms: Timeout was reached
Command failed (exit code 28): curl -sS -X GET --connect-timeout 2 --max-time 5 --write-out '\n@@ndt-topology-http-status@@%{http_code}' http://localhost:8081/v1.0/topology/links
[       OK ] PollDoesNotResurrectTest.DiscoveryStillMarksAnUncommandedSwitchUp (6052 ms)
[ RUN      ] PollDoesNotResurrectTest.APowerOnLetsDiscoveryLiftTheSwitchAgain
curl: (28) Failed to connect to localhost port 8081 after 2002 ms: Timeout was reached
Command failed (exit code 28): curl -sS -X GET --connect-timeout 2 --max-time 5 --write-out '\n@@ndt-topology-http-status@@%{http_code}' http://localhost:8081/v1.0/topology/switches
curl: (28) Failed to connect to localhost port 8081 after 2002 ms: Timeout was reached
Command failed (exit code 28): curl -sS -X GET --connect-timeout 2 --max-time 5 --write-out '\n@@ndt-topology-http-status@@%{http_code}' http://localhost:8081/v1.0/topology/hosts
Command failed (exit code 28): curl -s --max-time 3 -w '\n%{http_code}' http://localhost:8081/p4/switch_state 2>/dev/null
curl: (28) Failed to connect to localhost port 8081 after 2002 ms: Timeout was reached
Command failed (exit code 28): curl -sS -X GET --connect-timeout 2 --max-time 5 --write-out '\n@@ndt-topology-http-status@@%{http_code}' http://localhost:8081/v1.0/topology/links
Command failed (exit code 28): curl -s --max-time 8 -X GET http://localhost:8081/stats/flow/46288
[       OK ] PollDoesNotResurrectTest.APowerOnLetsDiscoveryLiftTheSwitchAgain (9002 ms)
[ RUN      ] PollDoesNotResurrectTest.TheLivenessWorkersUpDoesNotWithdrawTheCommand
curl: (28) Failed to connect to localhost port 8081 after 2002 ms: Timeout was reached
Command failed (exit code 28): curl -sS -X GET --connect-timeout 2 --max-time 5 --write-out '\n@@ndt-topology-http-status@@%{http_code}' http://localhost:8081/v1.0/topology/switches
curl: (28) Failed to connect to localhost port 8081 after 2002 ms: Timeout was reached
Command failed (exit code 28): curl -sS -X GET --connect-timeout 2 --max-time 5 --write-out '\n@@ndt-topology-http-status@@%{http_code}' http://localhost:8081/v1.0/topology/hosts
Command failed (exit code 28): curl -s --max-time 3 -w '\n%{http_code}' http://localhost:8081/p4/switch_state 2>/dev/null
curl: (28) Failed to connect to localhost port 8081 after 2001 ms: Timeout was reached
Command failed (exit code 28): curl -sS -X GET --connect-timeout 2 --max-time 5 --write-out '\n@@ndt-topology-http-status@@%{http_code}' http://localhost:8081/v1.0/topology/links
Command failed (exit code 28): curl -s --max-time 8 -X GET http://localhost:8081/stats/flow/46288
[       OK ] PollDoesNotResurrectTest.TheLivenessWorkersUpDoesNotWithdrawTheCommand (9003 ms)
[ RUN      ] PollDoesNotResurrectTest.PowerOffActuatesEvenWhenTheGraphAlreadySaysDown
curl: (28) Failed to connect to localhost port 8081 after 2002 ms: Timeout was reached
Command failed (exit code 28): curl -sS -X GET --connect-timeout 2 --max-time 5 --write-out '\n@@ndt-topology-http-status@@%{http_code}' http://localhost:8081/v1.0/topology/switches
curl: (28) Failed to connect to localhost port 8081 after 2002 ms: Timeout was reached
Command failed (exit code 28): curl -sS -X GET --connect-timeout 2 --max-time 5 --write-out '\n@@ndt-topology-http-status@@%{http_code}' http://localhost:8081/v1.0/topology/hosts
Command failed (exit code 28): curl -s --max-time 3 -w '\n%{http_code}' http://localhost:8081/p4/switch_state 2>/dev/null
curl: (28) Failed to connect to localhost port 8081 after 2001 ms: Timeout was reached
Command failed (exit code 28): curl -sS -X GET --connect-timeout 2 --max-time 5 --write-out '\n@@ndt-topology-http-status@@%{http_code}' http://localhost:8081/v1.0/topology/links
[       OK ] PollDoesNotResurrectTest.PowerOffActuatesEvenWhenTheGraphAlreadySaysDown (6052 ms)
[ RUN      ] PollDoesNotResurrectTest.PowerOnActuatesWhenACommandedOffIsStillStanding
curl: (28) Failed to connect to localhost port 8081 after 2002 ms: Timeout was reached
Command failed (exit code 28): curl -sS -X GET --connect-timeout 2 --max-time 5 --write-out '\n@@ndt-topology-http-status@@%{http_code}' http://localhost:8081/v1.0/topology/switches
curl: (28) Failed to connect to localhost port 8081 after 2002 ms: Timeout was reached
Command failed (exit code 28): curl -sS -X GET --connect-timeout 2 --max-time 5 --write-out '\n@@ndt-topology-http-status@@%{http_code}' http://localhost:8081/v1.0/topology/hosts
Command failed (exit code 28): curl -s --max-time 3 -w '\n%{http_code}' http://localhost:8081/p4/switch_state 2>/dev/null
curl: (28) Failed to connect to localhost port 8081 after 2002 ms: Timeout was reached
Command failed (exit code 28): curl -sS -X GET --connect-timeout 2 --max-time 5 --write-out '\n@@ndt-topology-http-status@@%{http_code}' http://localhost:8081/v1.0/topology/links
Command failed (exit code 28): curl -s --max-time 8 -X GET http://localhost:8081/stats/flow/46288
[       OK ] PollDoesNotResurrectTest.PowerOnActuatesWhenACommandedOffIsStillStanding (9002 ms)
[ RUN      ] PollDoesNotResurrectTest.AnAlreadyUpUncommandedPowerOnStillRunsNoCommands
curl: (28) Failed to connect to localhost port 8081 after 2002 ms: Timeout was reached
Command failed (exit code 28): curl -sS -X GET --connect-timeout 2 --max-time 5 --write-out '\n@@ndt-topology-http-status@@%{http_code}' http://localhost:8081/v1.0/topology/switches
curl: (28) Failed to connect to localhost port 8081 after 2002 ms: Timeout was reached
Command failed (exit code 28): curl -sS -X GET --connect-timeout 2 --max-time 5 --write-out '\n@@ndt-topology-http-status@@%{http_code}' http://localhost:8081/v1.0/topology/hosts
Command failed (exit code 28): curl -s --max-time 3 -w '\n%{http_code}' http://localhost:8081/p4/switch_state 2>/dev/null
curl: (28) Failed to connect to localhost port 8081 after 2002 ms: Timeout was reached
Command failed (exit code 28): curl -sS -X GET --connect-timeout 2 --max-time 5 --write-out '\n@@ndt-topology-http-status@@%{http_code}' http://localhost:8081/v1.0/topology/links
Command failed (exit code 28): curl -s --max-time 8 -X GET http://localhost:8081/stats/flow/46288
[       OK ] PollDoesNotResurrectTest.AnAlreadyUpUncommandedPowerOnStillRunsNoCommands (9002 ms)
[ RUN      ] PollDoesNotResurrectTest.AnOvsPowerOffAlsoSurvivesThePoll
curl: (28) Failed to connect to localhost port 8081 after 2002 ms: Timeout was reached
Command failed (exit code 28): curl -sS -X GET --connect-timeout 2 --max-time 5 --write-out '\n@@ndt-topology-http-status@@%{http_code}' http://localhost:8081/v1.0/topology/switches
curl: (28) Failed to connect to localhost port 8081 after 2002 ms: Timeout was reached
Command failed (exit code 28): curl -sS -X GET --connect-timeout 2 --max-time 5 --write-out '\n@@ndt-topology-http-status@@%{http_code}' http://localhost:8081/v1.0/topology/hosts
Command failed (exit code 28): curl -s --max-time 3 -w '\n%{http_code}' http://localhost:8081/p4/switch_state 2>/dev/null
curl: (28) Failed to connect to localhost port 8081 after 2002 ms: Timeout was reached
Command failed (exit code 28): curl -sS -X GET --connect-timeout 2 --max-time 5 --write-out '\n@@ndt-topology-http-status@@%{http_code}' http://localhost:8081/v1.0/topology/links
Command failed (exit code 28): curl -s --max-time 8 -X GET http://localhost:8081/stats/flow/46288
[       OK ] PollDoesNotResurrectTest.AnOvsPowerOffAlsoSurvivesThePoll (9002 ms)
[ RUN      ] PollDoesNotResurrectTest.TheEmittedVertexShapeCarriesAdminStateAndReachable
curl: (28) Failed to connect to localhost port 8081 after 2002 ms: Timeout was reached
Command failed (exit code 28): curl -sS -X GET --connect-timeout 2 --max-time 5 --write-out '\n@@ndt-topology-http-status@@%{http_code}' http://localhost:8081/v1.0/topology/switches
curl: (28) Failed to connect to localhost port 8081 after 2002 ms: Timeout was reached
Command failed (exit code 28): curl -sS -X GET --connect-timeout 2 --max-time 5 --write-out '\n@@ndt-topology-http-status@@%{http_code}' http://localhost:8081/v1.0/topology/hosts
Command failed (exit code 28): curl -s --max-time 3 -w '\n%{http_code}' http://localhost:8081/p4/switch_state 2>/dev/null
curl: (28) Failed to connect to localhost port 8081 after 2002 ms: Timeout was reached
Command failed (exit code 28): curl -sS -X GET --connect-timeout 2 --max-time 5 --write-out '\n@@ndt-topology-http-status@@%{http_code}' http://localhost:8081/v1.0/topology/links
Command failed (exit code 28): curl -s --max-time 8 -X GET http://localhost:8081/stats/flow/46288
[       OK ] PollDoesNotResurrectTest.TheEmittedVertexShapeCarriesAdminStateAndReachable (9002 ms)
[----------] 11 tests from PollDoesNotResurrectTest (84268 ms total)

[----------] 18 tests from IsUpSplitTest
[ RUN      ] IsUpSplitTest.AVertexCarriesAdminStateReachableAndTheIsUpAlias
[       OK ] IsUpSplitTest.AVertexCarriesAdminStateReachableAndTheIsUpAlias (0 ms)
[ RUN      ] IsUpSplitTest.TheIsUpAliasEqualsReachableInBothDirections
[       OK ] IsUpSplitTest.TheIsUpAliasEqualsReachableInBothDirections (0 ms)
[ RUN      ] IsUpSplitTest.ACommandedOffSwitchAndACrashedSwitchAreDistinguishableOnTheWire
[       OK ] IsUpSplitTest.ACommandedOffSwitchAndACrashedSwitchAreDistinguishableOnTheWire (0 ms)
[ RUN      ] IsUpSplitTest.ACommandedOffSwitchThatIsReachableAgainReportsBothHonestly
[       OK ] IsUpSplitTest.ACommandedOffSwitchThatIsReachableAgainReportsBothHonestly (0 ms)
[ RUN      ] IsUpSplitTest.FromJsonAcceptsAnOldPayloadThatCarriesOnlyIsUp
[       OK ] IsUpSplitTest.FromJsonAcceptsAnOldPayloadThatCarriesOnlyIsUp (0 ms)
[ RUN      ] IsUpSplitTest.FromJsonReadsReachableAndAdminStateWhenBothArePresent
[       OK ] IsUpSplitTest.FromJsonReadsReachableAndAdminStateWhenBothArePresent (0 ms)
[ RUN      ] IsUpSplitTest.PowerStateEndpointReportsAdminStateAndReachableForEverySwitch
[       OK ] IsUpSplitTest.PowerStateEndpointReportsAdminStateAndReachableForEverySwitch (0 ms)
[ RUN      ] IsUpSplitTest.PowerStateEndpointForOneIpCarriesBothFieldsToo
[       OK ] IsUpSplitTest.PowerStateEndpointForOneIpCarriesBothFieldsToo (0 ms)
[ RUN      ] IsUpSplitTest.TheDistrustWindowDoesNotCloseOnTimeAlone
[       OK ] IsUpSplitTest.TheDistrustWindowDoesNotCloseOnTimeAlone (0 ms)
[ RUN      ] IsUpSplitTest.AProbeTakenAfterTheKillClosesTheWindow
[       OK ] IsUpSplitTest.AProbeTakenAfterTheKillClosesTheWindow (0 ms)
[ RUN      ] IsUpSplitTest.AProbeTakenBeforeTheKillIsNotEvidenceAndDoesNotCloseTheWindow
[       OK ] IsUpSplitTest.AProbeTakenBeforeTheKillIsNotEvidenceAndDoesNotCloseTheWindow (0 ms)
[ RUN      ] IsUpSplitTest.AnUpWithNoProbeTimestampIsNotEvidence
[       OK ] IsUpSplitTest.AnUpWithNoProbeTimestampIsNotEvidence (0 ms)
[ RUN      ] IsUpSplitTest.AnUncommandedSwitchAcceptsEveryLivenessUp
[       OK ] IsUpSplitTest.AnUncommandedSwitchAcceptsEveryLivenessUp (0 ms)
[ RUN      ] IsUpSplitTest.EvidenceIsPerSwitchNotFabricWide
[       OK ] IsUpSplitTest.EvidenceIsPerSwitchNotFabricWide (0 ms)
[ RUN      ] IsUpSplitTest.TheProbeAgeIsReadFromThePayloadAndIsNulloptWhenItCannotBe
[       OK ] IsUpSplitTest.TheProbeAgeIsReadFromThePayloadAndIsNulloptWhenItCannotBe (0 ms)
[ RUN      ] IsUpSplitTest.TheWorkerDeclinesAnUpWhoseProbePredatesTheKill
[       OK ] IsUpSplitTest.TheWorkerDeclinesAnUpWhoseProbePredatesTheKill (0 ms)
[ RUN      ] IsUpSplitTest.TheWorkerAcceptsAFreshUpAndItClosesTheWindow
[       OK ] IsUpSplitTest.TheWorkerAcceptsAFreshUpAndItClosesTheWindow (0 ms)
[ RUN      ] IsUpSplitTest.TheWorkerAcceptsEveryUpForASwitchItNeverStopped
[       OK ] IsUpSplitTest.TheWorkerAcceptsEveryUpForASwitchItNeverStopped (0 ms)
[----------] 18 tests from IsUpSplitTest (2 ms total)

[----------] Global test environment tear-down
[==========] 972 tests from 126 test suites ran. (113964 ms total)
[  PASSED  ] 972 tests.
